2260
0
2
buleva_du_cairo29997 1
bulevard_london9999 1
1
1
street_de_cairo0 1
3
1
boulevard_prishtina20000 1
4
1
rrethi_du_paris20001 1
17
1
sheshi_rome10015 1
19
1
lane_la_berlin10017 1
22
1
street_tokyo10020 1
25
1
lane_beijing20022 1
41
1
rruga_cairo10039 1
42
1
rrethi_prishtina41 1
45
1
rue_la_beijing20042 1
47
1
rrethi_rio46 1
55
2
bulevardi_le_newyork10053 1
lane_lisbon54 1
63
1
rruga_d'_berlin10061 1
64
1
boulevard_de_beijing63 1
65
1
place_du_rio64 1
68
1
bulevard_madrid20065 1
70
1
avenue_les_madrid20067 1
71
1
bulevard_paris10069 1
72
1
rue_tokyo71 1
74
1
bulevard_la_athens10072 1
95
1
avenue_la_prishtina10093 1
98
1
road_rio20095 1
100
1
rue_de_lisbon10098 1
104
1
lane_moscow103 1
106
1
place_le_rio10104 1
108
1
square_newyork10106 1
109
1
lane_london20106 1
110
1
lane_d'_prishtina10108 1
116
1
road_des_beijing10114 1
119
1
road_de_newyork20116 1
122
1
rruga_la_berlin20119 1
135
1
rrethi_les_rome134 1
137
1
square_prishtina20134 1
139
1
square_de_newyork10137 1
142
1
bulevardi_moscow20139 1
144
1
lane_athens20141 1
145
1
road_du_lisbon144 1
147
1
rrethi_athens10145 1
155
1
sheshi_de_moscow20152 1
156
1
boulevard_la_tokyo155 1
157
2
road_des_lisbon10155 1
buleva_de_rome156 1
160
1
rrethi_d'_newyork10158 1
166
1
buleva_les_lisbon20163 1
173
1
bulevard_de_tokyo10171 1
175
1
rue_la_rome10173 1
176
1
buleva_tokyo175 1
195
1
road_du_lisbon10193 1
198
1
street_d'_athens20195 1
203
1
avenue_la_berlin202 1
206
1
lane_moscow20203 1
207
1
buleva_madrid206 1
237
1
lane_athens236 1
239
1
rruga_rio20236 1
240
1
square_du_sydney20237 1
251
1
lane_rome20248 1
255
1
rruga_lisbon10253 1
257
1
lane_prishtina10255 1
258
1
rruga_d'_tokyo257 1
259
1
place_rome258 1
263
1
bulevardi_le_rio20260 1
264
1
buleva_tokyo263 1
266
1
lane_rome10264 1
267
1
avenue_lisbon266 1
269
2
lane_prishtina20266 1
street_la_london10267 1
275
1
avenue_tokyo10273 1
322
1
sheshi_des_paris10320 1
324
1
bulevard_madrid10322 1
326
1
bulevard_le_newyork10324 1
328
1
buleva_de_moscow10326 1
335
1
square_d'_lisbon20332 1
336
1
sheshi_london20333 1
337
1
street_sydney10335 1
338
2
square_du_newyork337 1
rrethi_d'_newyork10336 1
340
2
buleva_de_berlin10338 1
square_les_paris20337 1
341
2
lane_lisbon340 1
sheshi_la_berlin20338 1
344
1
boulevard_beijing20341 1
348
1
avenue_london20345 1
349
1
road_tokyo348 1
352
1
rrethi_le_madrid20349 1
354
1
rrethi_london353 1
359
1
rruga_london10357 1
361
1
bulevard_paris10359 1
362
1
street_lisbon361 1
364
2
sheshi_prishtina363 1
street_d'_newyork10362 1
365
1
sheshi_de_tokyo20362 1
366
1
lane_le_cairo365 1
367
1
square_les_athens20364 1
390
1
place_le_berlin20387 1
411
1
street_la_rio20408 1
413
2
avenue_les_london412 1
bulevard_prishtina10411 1
414
1
boulevard_cairo413 1
419
1
boulevard_rome10417 1
420
1
bulevardi_moscow419 1
434
1
rruga_cairo20431 1
435
1
road_de_cairo434 1
438
1
road_de_newyork20435 1
441
1
street_berlin20438 1
446
1
rue_beijing445 1
447
1
rrethi_cairo10445 1
449
1
bulevard_madrid20446 1
450
2
street_les_madrid449 1
avenue_la_newyork20447 1
451
1
rue_d'_paris450 1
452
1
street_des_rio451 1
461
1
rue_le_rome460 1
464
1
street_prishtina20461 1
468
1
avenue_la_madrid467 1
471
1
sheshi_du_rome20468 1
476
1
bulevardi_du_beijing475 1
478
1
place_les_prishtina10476 1
479
1
buleva_moscow478 1
481
1
boulevard_les_athens10479 1
485
1
avenue_de_prishtina484 1
486
1
bulevard_des_tokyo10484 1
488
2
street_lisbon487 1
boulevard_newyork20485 1
489
1
rrethi_paris488 1
490
1
square_du_cairo10488 1
491
1
avenue_rio490 1
509
1
road_d'_beijing10507 1
510
1
square_le_athens509 1
511
2
place_du_rio510 2
rue_les_newyork10509 1
512
1
boulevard_rio511 1
513
1
rrethi_la_newyork10511 1
514
1
place_le_cairo20511 1
516
2
bulevard_du_berlin515 1
rrethi_madrid20513 1
517
1
street_cairo20514 1
519
2
buleva_les_sydney10517 1
bulevardi_prishtina20516 1
522
1
road_de_lisbon20519 1
529
1
rrethi_le_prishtina20526 1
532
2
avenue_le_berlin20529 1
bulevard_la_beijing531 1
535
1
rrethi_tokyo20532 1
537
1
place_paris20534 1
545
1
rue_d'_moscow20542 1
547
2
lane_du_newyork546 1
square_d'_cairo10545 1
549
1
buleva_la_newyork10547 1
556
1
rue_berlin20553 1
559
1
bulevardi_de_paris558 1
560
1
avenue_de_cairo559 1
562
1
avenue_madrid10560 1
564
1
buleva_moscow563 1
565
1
place_tokyo20562 1
575
1
bulevard_moscow20572 1
578
1
sheshi_lisbon20575 1
579
1
avenue_la_beijing578 1
601
1
buleva_du_rio20598 1
604
1
place_les_rome20601 1
605
1
rruga_le_rome604 1
607
1
square_rome20604 1
622
1
avenue_athens621 1
623
2
bulevard_berlin10621 1
road_d'_newyork622 1
624
2
place_paris10622 1
street_les_athens623 1
626
1
avenue_newyork20623 1
629
1
road_le_beijing20626 1
639
1
road_de_tokyo20636 1
640
1
sheshi_london639 1
642
2
lane_berlin10640 1
place_rome20639 1
650
1
buleva_des_cairo649 1
653
1
square_de_cairo20650 1
657
1
road_paris656 1
658
1
place_madrid20655 1
660
2
bulevardi_les_london20657 1
sheshi_de_sydney10658 1
673
1
avenue_la_sydney20670 1
675
1
road_le_athens10673 1
681
1
rue_rome10679 1
710
1
bulevardi_cairo709 1
711
1
rruga_la_moscow710 1
713
1
rrethi_london10711 1
714
2
bulevardi_des_lisbon10712 1
bulevard_prishtina713 1
715
1
road_le_london714 1
716
1
place_les_berlin715 1
717
1
buleva_des_berlin20714 1
723
1
avenue_london10721 1
726
1
buleva_d'_beijing20723 1
728
1
boulevard_london10726 1
736
1
rue_des_beijing10734 1
737
1
rrethi_rome20734 1
738
1
square_athens10736 1
739
1
lane_de_lisbon10737 1
741
1
rruga_des_newyork20738 1
742
1
rue_d'_london741 1
744
1
bulevardi_la_sydney10742 1
757
1
road_d'_rome10755 1
760
1
boulevard_athens20757 1
762
1
boulevard_le_sydney10760 1
785
1
avenue_athens20782 1
807
1
buleva_rio806 1
808
1
lane_les_athens10806 1
810
1
bulevard_de_madrid10808 1
811
2
lane_du_lisbon20808 1
road_cairo810 1
812
1
rue_sydney811 1
815
1
rruga_des_cairo814 1
830
1
square_moscow10828 1
839
1
sheshi_d'_cairo20836 1
841
1
buleva_beijing10839 1
843
1
road_les_lisbon10841 1
859
1
square_berlin10857 1
861
1
bulevard_du_athens10859 1
864
1
lane_la_athens863 1
868
1
rue_london20865 1
871
1
road_prishtina20868 1
872
1
road_du_rome871 1
873
1
road_berlin20870 1
875
1
bulevardi_d'_sydney20872 1
885
1
bulevard_de_tokyo10883 1
886
1
street_le_newyork10884 1
888
2
avenue_tokyo10886 1
square_d'_cairo20885 1
900
1
rue_des_sydney20897 1
901
1
bulevard_la_prishtina900 1
903
1
rruga_cairo10901 1
905
1
buleva_le_moscow10903 1
909
1
street_moscow10907 1
921
1
avenue_london10919 1
923
2
avenue_rio922 1
rue_berlin10921 1
926
2
rrethi_les_moscow10924 1
square_la_newyork20923 1
928
1
rue_des_beijing10926 1
929
1
rue_de_prishtina20926 1
930
1
road_rome20927 1
932
2
square_d'_cairo10930 1
rrethi_de_newyork20929 1
934
1
boulevard_de_rio20931 1
935
1
bulevard_cairo20932 1
937
2
sheshi_de_beijing936 1
rruga_rio10935 1
938
1
place_de_paris937 1
941
1
boulevard_prishtina20938 1
943
1
bulevardi_d'_london10941 1
944
1
bulevardi_du_rio20941 1
945
1
avenue_beijing10943 1
946
1
avenue_beijing945 1
947
1
street_cairo946 1
951
1
rue_london950 1
953
1
buleva_de_beijing10951 1
955
1
square_du_athens10953 1
975
1
street_la_prishtina20972 1
976
1
street_madrid975 1
979
1
street_rio20976 1
980
1
lane_london979 1
993
1
sheshi_prishtina992 1
1008
1
place_du_paris1007 1
1036
1
buleva_london1035 1
1046
1
avenue_des_madrid1045 1
1049
1
street_les_prishtina11047 1
1051
1
avenue_beijing1050 1
1052
2
avenue_le_lisbon1051 1
boulevard_newyork21049 1
1055
1
bulevard_madrid21052 1
1057
1
sheshi_beijing11055 1
1064
1
bulevardi_du_athens21061 1
1067
1
bulevardi_rome21064 1
1070
1
place_la_rio21067 1
1072
1
avenue_london11070 1
1074
1
sheshi_du_paris11072 1
1087
1
lane_le_berlin21084 1
1089
1
place_berlin11087 1
1090
1
street_du_moscow11088 1
1091
2
place_tokyo11089 1
bulevard_de_moscow1090 1
1092
1
boulevard_le_rome1091 1
1093
1
lane_berlin11091 1
1094
1
street_les_tokyo21091 1
1095
1
rue_les_beijing1094 1
1096
1
square_cairo21093 1
1098
1
avenue_la_rio11096 1
1108
1
avenue_des_sydney21105 1
1109
1
square_d'_madrid1108 1
1111
1
lane_d'_paris11109 1
1112
1
avenue_beijing1111 1
1113
1
lane_madrid11111 1
1116
1
square_des_beijing11114 1
1118
1
street_lisbon1117 1
1121
1
lane_london21118 1
1124
1
bulevard_athens21121 1
1125
1
bulevardi_la_moscow1124 1
1127
2
sheshi_lisbon21124 1
lane_rome11125 1
1129
2
buleva_beijing21126 1
place_le_tokyo11127 1
1148
1
road_rome11146 1
1149
1
buleva_la_cairo1148 1
1150
1
buleva_paris1149 1
1151
1
avenue_le_london21148 1
1187
1
rruga_de_rio11185 1
1188
2
street_du_cairo21185 1
place_d'_rio1187 1
1190
1
square_du_cairo11188 1
1191
2
rue_du_paris11189 1
square_du_moscow21188 1
1192
1
bulevard_athens1191 1
1193
1
square_newyork11191 1
1194
1
buleva_de_lisbon11192 1
1195
1
avenue_tokyo11193 1
1201
1
place_des_beijing21198 1
1204
1
street_du_lisbon21201 1
1205
1
lane_les_rio1204 1
1207
1
rue_de_tokyo1206 1
1208
1
rue_des_athens21205 1
1210
1
rrethi_d'_moscow21207 1
1211
1
rue_moscow21208 1
1213
1
rruga_les_moscow21210 1
1229
1
square_des_beijing21226 1
1231
1
bulevardi_le_moscow11229 1
1232
1
rruga_beijing21229 1
1237
1
rue_tokyo1236 1
1240
1
bulevard_prishtina21237 1
1243
1
bulevardi_de_beijing21240 1
1246
1
rrethi_les_sydney21243 1
1253
1
sheshi_du_madrid11251 1
1256
1
place_le_tokyo21253 1
1257
1
buleva_du_rio1256 1
1260
1
rruga_d'_london21257 1
1261
1
sheshi_la_prishtina21258 1
1264
1
avenue_sydney21261 1
1266
1
square_les_moscow11264 1
1269
1
rrethi_london21266 1
1291
2
street_la_moscow11289 1
buleva_prishtina1290 1
1292
1
place_du_berlin1291 1
1293
2
road_d'_berlin1292 1
street_prishtina11291 1
1295
1
buleva_le_cairo11293 1
1297
1
square_london11295 1
1334
1
place_la_prishtina11332 1
1335
1
rrethi_tokyo1334 1
1351
1
rrethi_le_sydney11349 1
1353
1
lane_paris11351 1
1355
1
rue_cairo11353 1
1357
1
street_newyork21354 1
1358
1
street_sydney1357 1
1361
1
road_de_rome21358 1
1362
1
square_les_paris1361 1
1364
1
boulevard_des_newyork21361 1
1385
1
place_tokyo11383 1
1395
1
street_la_prishtina1394 1
1397
1
place_lisbon11395 1
1399
1
rue_des_madrid11397 1
1400
1
road_athens1399 1
1406
1
sheshi_de_rome11404 1
1408
1
boulevard_rio11406 1
1409
1
bulevard_london1408 1
1416
1
square_madrid1415 1
1435
1
street_de_sydney1434 1
1436
1
place_des_beijing1435 1
1438
1
boulevard_le_berlin21435 1
1439
1
place_rome1438 1
1457
1
lane_le_prishtina11455 1
1459
2
place_rio1458 1
rue_le_moscow11457 1
1460
1
road_paris1459 1
1462
1
bulevardi_du_sydney21459 1
1486
1
boulevard_madrid21483 1
1487
1
street_tokyo1486 1
1489
1
street_de_rome11487 1
1490
1
road_la_moscow1489 1
1492
1
place_cairo21489 1
1493
1
avenue_de_rio1492 1
1501
1
boulevard_les_newyork21498 1
1502
1
place_les_lisbon1501 1
1505
1
road_des_lisbon21502 1
1507
2
bulevardi_athens21504 1
rue_moscow11505 1
1510
1
avenue_athens21507 1
1512
1
rrethi_paris21509 1
1513
1
bulevard_sydney1512 1
1526
1
boulevard_newyork11524 1
1537
1
boulevard_les_beijing11535 1
1540
1
avenue_beijing21537 1
1542
1
rruga_rome11540 1
1544
1
road_d'_madrid21541 1
1552
1
rue_rio21549 1
1555
1
bulevardi_la_cairo21552 1
1559
1
boulevard_beijing11557 1
1561
1
buleva_des_cairo11559 1
1562
1
sheshi_rio1561 1
1588
1
boulevard_moscow21585 1
1593
1
road_prishtina21590 1
1594
1
avenue_sydney1593 1
1597
1
square_paris21594 1
1598
1
place_madrid1597 1
1600
2
rrethi_newyork1599 1
sheshi_la_rio21597 1
1601
1
street_d'_sydney21598 1
1603
2
buleva_lisbon11601 1
rruga_tokyo21600 1
1604
1
bulevardi_du_rio21601 1
1606
1
street_prishtina21603 1
1608
1
bulevardi_rio11606 1
1613
1
square_london1612 1
1614
1
sheshi_du_sydney1613 1
1615
1
rue_des_tokyo1614 1
1616
1
place_d'_moscow1615 1
1629
1
bulevard_newyork1628 1
1630
1
bulevardi_tokyo21627 1
1636
1
rrethi_newyork11634 1
1638
1
street_des_tokyo11636 1
1639
1
avenue_les_newyork1638 1
1640
1
buleva_moscow1639 1
1643
1
road_de_prishtina21640 1
1644
1
place_le_sydney11642 1
1646
2
road_les_paris11644 1
bulevard_cairo21643 1
1647
2
boulevard_de_rio21644 1
sheshi_d'_moscow11645 1
1650
1
buleva_du_sydney21647 1
1652
1
street_les_prishtina11650 1
1655
1
avenue_les_tokyo1654 1
1665
1
road_les_moscow1664 1
1670
1
lane_newyork1669 1
1672
2
rruga_d'_tokyo1671 1
rrethi_les_london11670 1
1673
1
rrethi_berlin1672 1
1683
1
bulevardi_moscow1682 1
1684
1
place_les_paris1683 1
1688
1
buleva_les_rio11686 1
1691
2
street_d'_prishtina1690 1
rrethi_de_athens21688 1
1695
1
road_la_rio11693 1
1697
1
boulevard_prishtina11695 1
1700
1
buleva_berlin11698 1
1703
1
bulevardi_prishtina21700 1
1705
1
avenue_de_rome11703 1
1710
1
sheshi_du_madrid1709 1
1711
1
bulevard_de_cairo21708 1
1712
1
bulevardi_le_prishtina11710 1
1713
1
avenue_du_paris1712 1
1730
1
rue_cairo21727 1
1765
1
lane_d'_lisbon11763 1
1771
1
square_lisbon21768 1
1785
1
lane_la_beijing11783 1
1786
1
rruga_la_prishtina1785 1
1789
1
buleva_paris21786 1
1790
1
road_madrid1789 1
1802
1
street_les_athens1801 1
1803
1
place_cairo1802 1
1804
1
avenue_rio1803 1
1811
1
boulevard_beijing21808 1
1814
1
lane_le_moscow21811 1
1815
1
lane_d'_berlin1814 1
1827
1
street_d'_tokyo1826 1
1837
1
square_cairo21834 1
1840
1
square_la_berlin21837 1
1843
1
street_le_newyork21840 1
1854
1
square_berlin11852 1
1857
1
square_des_lisbon21854 1
1860
1
rruga_athens21857 1
1862
1
bulevard_les_lisbon11860 1
1868
1
place_sydney1867 1
1869
1
buleva_des_rio1868 1
1870
1
avenue_d'_prishtina1869 1
1891
1
rruga_newyork21888 1
1893
1
road_madrid11891 1
1894
1
bulevardi_la_rio1893 1
1896
2
road_des_london1895 1
lane_newyork11894 1
1899
1
boulevard_lisbon21896 1
1900
1
road_la_lisbon1899 1
1902
1
buleva_rome11900 1
1910
1
bulevardi_des_athens1909 1
1911
1
street_prishtina1910 1
1914
2
road_rome1913 1
sheshi_beijing21911 1
1915
1
lane_d'_berlin1914 1
1918
1
lane_du_sydney21915 1
1919
1
sheshi_athens21916 1
1920
2
lane_athens1919 1
rrethi_d'_athens11918 1
1921
1
square_d'_moscow1920 1
1931
1
sheshi_prishtina1930 1
1932
1
bulevardi_les_rio11930 1
1934
1
buleva_cairo21931 1
1935
1
lane_des_moscow21932 1
1939
1
rue_du_lisbon1938 1
1942
1
boulevard_rio21939 1
1943
1
buleva_paris1942 1
1945
1
buleva_les_rome11943 1
1948
1
rrethi_newyork21945 1
1949
1
bulevardi_de_cairo1948 1
1958
1
road_beijing11956 1
1960
1
road_lisbon11958 1
1961
1
square_prishtina1960 1
1962
1
square_des_lisbon11960 1
1963
2
boulevard_athens11961 1
bulevard_la_beijing1962 1
1964
1
road_cairo21961 1
1966
1
avenue_des_rio21963 1
1967
1
boulevard_les_paris21964 1
1969
2
bulevardi_london21966 1
rrethi_les_moscow11967 1
1982
1
bulevard_la_rome1981 1
1983
1
avenue_cairo1982 1
1985
2
rrethi_prishtina21982 1
buleva_rio11983 1
1988
1
lane_berlin21985 1
1990
1
avenue_du_madrid11988 1
1994
1
sheshi_d'_london21991 1
1995
1
buleva_du_london1994 1
2000
1
street_de_tokyo11998 1
2016
1
rrethi_berlin2015 1
2023
1
rue_le_cairo2022 1
2029
1
road_sydney22026 1
2030
1
sheshi_cairo12028 1
2032
1
avenue_moscow22029 1
2045
1
street_des_cairo22042 1
2059
1
square_les_newyork12057 1
2062
1
boulevard_newyork2061 1
2063
1
bulevardi_des_rome2062 1
2065
1
lane_berlin12063 1
2066
1
avenue_madrid2065 1
2069
1
bulevardi_berlin2068 1
2076
1
place_du_newyork2075 1
2084
1
sheshi_rome22081 1
2086
1
square_tokyo12084 1
2087
1
road_les_moscow2086 1
2088
1
rruga_du_prishtina2087 1
2107
1
avenue_newyork22104 1
2115
1
rrethi_le_rome2114 1
2116
1
lane_le_paris2115 1
2117
1
place_le_moscow22114 1
2118
1
boulevard_rome12116 1
2121
1
lane_du_tokyo22118 1
2122
1
bulevardi_le_madrid22119 1
2131
1
road_lisbon12129 1
2140
1
bulevardi_prishtina22137 1
2143
1
rrethi_newyork22140 1
2146
1
lane_d'_cairo22143 1
2147
1
rrethi_tokyo12145 1
2148
1
road_la_tokyo2147 1
2149
1
bulevardi_athens2148 1
2152
1
bulevardi_les_london22149 1
2205
1
lane_les_moscow12203 1
2207
1
street_moscow12205 1
2224
1
road_du_moscow12222 1
2225
1
road_d'_rome2224 1
2227
1
square_moscow12225 1
2229
1
avenue_sydney2228 1
2232
1
rue_le_cairo22229 1
2243
1
rrethi_de_paris12241 1
2256
1
sheshi_newyork12254 1
2259
1
bulevard_des_paris22256 1
2260
1
bulevard_london22257 1
2261
2
boulevard_du_sydney2260 1
sheshi_tokyo12259 1
2263
1
rrethi_rio22260 1
2264
1
square_newyork22261 1
2266
1
square_la_rio22263 1
2282
1
avenue_rio12280 1
2295
1
street_d'_newyork2294 1
2306
1
road_du_london12304 1
2308
2
buleva_de_prishtina2307 1
bulevardi_cairo12306 1
2311
1
place_prishtina22308 1
2312
1
rrethi_london2311 1
2313
1
avenue_moscow2312 1
2321
1
rrethi_le_athens22318 1
2341
1
rrethi_des_beijing22338 1
2344
1
place_prishtina22341 1
2347
1
rrethi_le_berlin22344 1
2349
1
bulevard_d'_beijing2348 1
2350
1
rruga_paris22347 1
2352
1
avenue_athens12350 1
2353
1
rrethi_de_london2352 1
2354
1
boulevard_paris12352 1
2356
1
bulevard_beijing2355 1
2357
1
place_d'_berlin2356 1
2387
1
street_de_moscow12385 1
2390
1
street_du_sydney22387 1
2393
1
boulevard_berlin2392 1
2396
1
square_newyork22393 1
2397
1
road_les_moscow2396 1
2400
1
rrethi_tokyo2399 1
2402
1
place_london12400 1
2403
1
bulevardi_d'_rio2402 1
2405
1
rrethi_tokyo12403 1
2407
1
lane_sydney2406 1
2409
1
bulevardi_london12407 1
2410
1
road_prishtina2409 1
2414
1
sheshi_de_sydney2413 1
2419
1
street_d'_athens12417 1
2430
1
bulevardi_athens12428 1
2446
2
lane_newyork2445 1
boulevard_du_moscow22443 1
2471
1
bulevardi_berlin12469 1
2472
1
lane_rome2471 1
2486
1
avenue_du_berlin22483 1
2491
1
bulevard_moscow22488 1
2494
1
avenue_le_rio22491 1
2496
1
avenue_newyork12494 1
2497
2
rrethi_beijing22494 1
bulevard_rio2496 1
2498
2
rue_la_athens22495 1
avenue_les_sydney2497 1
2499
1
buleva_la_tokyo12497 1
2500
1
rue_london12498 1
2501
2
square_d'_prishtina22498 1
buleva_la_moscow2500 1
2502
2
place_le_rio22499 1
road_moscow2501 1
2504
1
rrethi_la_prishtina12502 1
2507
2
street_newyork2506 1
avenue_la_newyork22504 1
2511
1
rrethi_athens2510 1
2512
1
lane_la_sydney2511 1
2514
1
bulevardi_des_paris12512 1
2515
1
road_des_moscow2514 1
2521
1
street_le_beijing2520 1
2522
1
rue_rio2521 1
2524
1
avenue_des_london12522 1
2525
1
rue_cairo2524 1
2526
1
lane_sydney2525 1
2527
1
road_rome12525 1
2528
1
road_beijing12526 1
2530
1
bulevard_du_prishtina22527 1
2531
1
square_cairo22528 1
2532
1
boulevard_des_madrid12530 1
2536
1
rruga_sydney22533 1
2542
1
lane_de_athens2541 1
2544
1
place_madrid22541 1
2545
2
boulevard_de_rome2544 1
sheshi_de_madrid22542 1
2546
1
bulevardi_la_madrid2545 1
2547
1
rrethi_le_sydney2546 1
2548
2
street_le_paris12546 1
road_des_rio22545 1
2562
1
square_les_tokyo2561 1
2573
1
boulevard_des_madrid22570 1
2575
1
lane_des_athens12573 1
2599
1
road_de_madrid2598 1
2601
1
square_du_london2600 1
2602
2
rruga_la_athens22599 1
lane_du_prishtina2601 1
2603
1
street_newyork2602 1
2605
1
rruga_les_london12603 1
2607
1
lane_le_london12605 1
2609
1
bulevardi_de_athens22606 1
2610
1
rrethi_lisbon2609 1
2612
1
rrethi_du_athens12610 1
2619
1
road_de_athens12617 1
2624
1
road_d'_moscow12622 1
2630
1
road_des_madrid12628 1
2640
1
bulevardi_de_moscow12638 1
2641
1
boulevard_paris2640 1
2642
2
rruga_du_lisbon22639 1
sheshi_les_cairo2641 1
2644
1
bulevardi_athens12642 1
2653
1
bulevard_les_sydney2652 1
2654
1
bulevardi_berlin2653 1
2657
1
rue_moscow22654 1
2661
1
bulevard_tokyo22658 1
2663
1
rruga_des_beijing12661 1
2664
2
rue_la_prishtina2663 1
bulevardi_madrid12662 1
2666
2
rrethi_madrid22663 1
place_la_tokyo12664 1
2667
1
rruga_du_madrid2666 1
2669
1
rrethi_moscow22666 1
2673
1
square_les_tokyo2672 1
2676
1
square_newyork22673 1
2679
1
road_d'_london22676 1
2680
1
buleva_lisbon2679 1
2682
2
rruga_la_paris12680 1
place_beijing22679 1
2685
1
sheshi_london22682 1
2688
1
place_des_athens22685 1
2698
1
rrethi_beijing12696 1
2707
1
avenue_tokyo2706 1
2710
1
road_de_berlin22707 1
2711
1
boulevard_madrid12709 1
2725
2
boulevard_london2724 1
place_rome12723 1
2726
1
street_du_madrid2725 1
2727
1
lane_rio2726 1
2729
1
buleva_berlin2728 1
2730
1
bulevardi_rome22727 1
2731
1
street_rio12729 1
2734
1
bulevard_le_prishtina22731 1
2768
1
street_tokyo2767 1
2770
1
bulevard_le_sydney12768 1
2772
1
rue_les_prishtina12770 1
2776
1
place_madrid12774 1
2777
1
square_tokyo22774 1
2780
1
road_des_london22777 1
2782
1
rruga_rio12780 1
2785
1
lane_de_madrid2784 1
2786
1
sheshi_la_prishtina2785 1
2789
1
avenue_les_cairo12787 1
2792
1
road_sydney12790 1
2793
1
sheshi_de_rome2792 1
2794
1
bulevardi_le_berlin22791 1
2795
1
bulevard_la_prishtina12793 1
2797
1
rrethi_d'_lisbon22794 1
2799
1
street_lisbon12797 1
2801
2
rruga_rome2800 1
buleva_d'_berlin22798 1
2802
1
buleva_madrid22799 1
2803
2
rrethi_la_cairo22800 1
rrethi_le_newyork12801 2
2806
1
lane_le_paris22803 1
2809
1
street_la_berlin22806 1
2810
1
bulevard_tokyo2809 1
2820
1
buleva_de_prishtina22817 1
2822
1
bulevard_la_rome2821 1
2825
1
avenue_berlin22822 1
2826
1
road_tokyo2825 1
2839
1
lane_moscow22836 1
2847
1
lane_du_tokyo22844 1
2867
1
road_sydney2866 1
2884
1
buleva_rome22881 1
2923
1
avenue_lisbon2922 1
2926
1
lane_tokyo22923 1
2927
1
bulevard_de_rome2926 1
2928
3
avenue_lisbon22925 1
avenue_d'_prishtina12926 1
rue_paris2927 1
2930
1
rruga_london12928 1
2969
1
avenue_la_rio22966 1
3001
1
lane_du_cairo12999 1
3002
1
avenue_athens3001 1
3004
1
street_moscow23001 1
3007
1
bulevardi_newyork13005 1
3014
1
avenue_london13012 1
3017
1
sheshi_le_tokyo23014 1
3019
1
rue_prishtina3018 1
3022
1
boulevard_cairo23019 1
3040
1
rrethi_les_paris3039 1
3051
1
street_rome23048 1
3054
1
bulevardi_newyork23051 1
3056
1
avenue_de_newyork13054 1
3077
1
buleva_newyork13075 1
3078
1
buleva_les_sydney3077 1
3081
1
avenue_rome23078 1
3088
1
buleva_les_paris3087 1
3090
1
rrethi_lisbon13088 1
3093
1
avenue_paris23090 1
3099
1
avenue_de_tokyo23096 1
3106
1
place_newyork23103 1
3118
1
rrethi_du_lisbon23115 1
3131
1
bulevardi_de_moscow13129 1
3146
1
avenue_du_beijing3145 1
3147
1
boulevard_de_rio3146 1
3162
1
lane_de_madrid13160 1
3163
1
boulevard_la_berlin3162 1
3165
1
rrethi_la_moscow13163 1
3178
1
rue_des_paris13176 1
3181
1
buleva_paris23178 1
3184
1
rruga_les_newyork23181 1
3186
1
square_london3185 1
3187
1
rrethi_moscow23184 1
3189
1
rue_tokyo23186 1
3192
1
street_du_prishtina23189 1
3193
1
bulevard_de_london3192 1
3200
1
boulevard_le_berlin3199 1
3201
1
lane_rome3200 1
3202
1
place_les_london13200 1
3204
1
rruga_paris13202 1
3233
1
buleva_du_beijing23230 1
3234
1
sheshi_sydney3233 1
3252
1
place_cairo13250 1
3256
1
bulevard_berlin13254 1
3272
1
rruga_athens3271 1
3274
1
rruga_les_lisbon13272 1
3276
1
rrethi_la_paris13274 1
3278
1
place_athens3277 1
3281
1
lane_berlin23278 1
3283
1
bulevardi_le_athens13281 1
3285
1
rruga_les_paris13283 1
3286
1
rrethi_tokyo3285 1
3290
1
rruga_paris23287 1
3293
1
rruga_madrid23290 1
3295
1
rruga_sydney13293 1
3297
1
sheshi_berlin13295 1
3304
1
lane_de_newyork3303 1
3306
1
avenue_prishtina3305 1
3307
1
boulevard_les_prishtina3306 1
3310
2
square_d'_sydney13308 1
square_newyork3309 1
3317
2
avenue_tokyo13315 1
lane_moscow23314 1
3319
1
street_la_madrid13317 1
3320
1
rrethi_le_prishtina3319 1
3322
1
place_lisbon13320 1
3323
1
buleva_tokyo3322 1
3328
1
buleva_berlin23325 1
3334
1
bulevardi_paris3333 1
3337
1
square_rome23334 1
3339
1
sheshi_athens13337 1
3352
1
avenue_les_beijing3351 1
3354
2
sheshi_du_beijing3353 1
place_les_cairo13352 1
3358
1
street_sydney13356 1
3397
2
bulevardi_madrid23394 1
rrethi_de_cairo3396 1
3398
1
bulevardi_tokyo3397 1
3399
1
boulevard_sydney3398 1
3412
1
street_berlin3411 1
3413
1
square_prishtina3412 1
3414
1
bulevard_berlin23411 1
3415
1
buleva_du_moscow3414 1
3416
1
rue_beijing23413 1
3417
1
square_sydney13415 1
3418
1
rrethi_rio23415 1
3419
1
road_des_rome23416 1
3420
2
boulevard_athens3419 1
street_madrid23417 1
3421
2
place_lisbon23418 1
avenue_la_paris13419 1
3422
1
boulevard_la_tokyo13420 1
3427
2
road_madrid13425 1
sheshi_athens3426 1
3429
1
rue_beijing13427 1
3431
1
bulevardi_la_cairo13429 1
3432
1
rrethi_moscow23429 1
3433
1
street_du_moscow13431 1
3440
1
square_beijing13438 1
3441
1
rrethi_prishtina13439 1
3442
1
bulevardi_les_rio3441 1
3444
1
bulevard_newyork13442 1
3447
1
rue_prishtina23444 1
3456
1
boulevard_le_athens23453 1
3471
1
buleva_rio3470 1
3472
1
square_cairo13470 1
3473
2
boulevard_le_sydney3472 1
road_du_moscow13471 1
3474
2
boulevard_le_madrid3473 1
avenue_des_berlin23471 1
3476
1
place_moscow23473 1
3477
3
lane_newyork13475 1
rruga_la_madrid3476 1
lane_de_tokyo23474 1
3478
1
bulevard_lisbon3477 1
3481
1
avenue_du_newyork23478 1
3484
1
place_rome23481 1
3486
1
bulevardi_d'_rio13484 1
3487
1
street_le_lisbon3486 1
3488
1
lane_de_tokyo3487 1
3492
1
buleva_d'_lisbon13490 1
3495
1
square_tokyo23492 1
3496
1
square_d'_madrid3495 1
3497
1
buleva_tokyo13495 1
3499
1
sheshi_d'_beijing23496 1
3500
1
square_des_newyork23497 1
3501
1
sheshi_les_tokyo13499 1
3506
1
avenue_newyork3505 1
3507
1
bulevardi_d'_athens13505 1
3531
1
road_la_rome23528 1
3533
1
sheshi_les_tokyo23530 1
3536
1
road_du_tokyo23533 1
3537
1
bulevard_des_tokyo3536 1
3538
1
avenue_les_athens3537 1
3541
1
bulevard_du_cairo23538 1
3543
1
place_le_tokyo23540 1
3545
1
lane_du_lisbon13543 1
3547
1
boulevard_du_berlin13545 1
3563
1
avenue_newyork13561 1
3565
1
sheshi_la_london13563 1
3567
1
rue_du_madrid23564 1
3570
2
sheshi_le_madrid3569 1
rrethi_madrid23567 1
3571
1
bulevard_le_newyork23568 1
3594
1
rrethi_de_tokyo23591 1
3597
1
square_la_newyork23594 1
3600
1
buleva_athens13598 1
3601
1
lane_de_berlin3600 1
3603
1
rrethi_cairo23600 1
3604
1
avenue_le_paris23601 1
3606
1
rue_du_moscow13604 1
3609
1
bulevardi_moscow23606 1
3612
1
rruga_le_prishtina13610 1
3615
1
lane_madrid23612 1
3616
1
rrethi_le_paris3615 1
3618
1
place_la_madrid3617 1
3645
1
street_newyork3644 1
3646
1
road_le_beijing3645 1
3647
1
place_rio13645 1
3648
1
bulevard_prishtina13646 1
3663
1
boulevard_les_cairo23660 1
3679
1
bulevard_tokyo3678 1
3687
1
rrethi_le_beijing13685 1
3694
1
lane_cairo13692 1
3696
1
avenue_le_london13694 1
3699
2
rrethi_athens13697 1
road_des_newyork23696 1
3701
1
place_moscow13699 1
3719
1
rruga_sydney3718 1
3720
1
boulevard_beijing3719 1
3723
1
road_prishtina3722 1
3726
2
rruga_des_madrid13724 1
lane_du_tokyo23723 1
3728
1
rrethi_des_lisbon13726 1
3731
1
place_les_rio23728 1
3733
1
road_moscow13731 1
3740
1
avenue_madrid23737 1
3742
1
avenue_des_sydney13740 1
3750
1
road_london13748 1
3753
1
bulevard_la_berlin3752 1
3755
2
place_prishtina3754 1
sheshi_de_sydney13753 1
3756
1
street_de_sydney3755 1
3757
1
rruga_tokyo13755 1
3772
1
street_du_berlin13770 1
3773
1
bulevard_london3772 1
3781
1
avenue_le_madrid23778 1
3783
1
avenue_le_sydney13781 1
3800
1
rrethi_cairo13798 1
3801
1
place_beijing3800 1
3802
1
bulevardi_athens13800 1
3803
1
rue_d'_sydney3802 1
3805
1
street_le_newyork13803 1
3810
1
bulevard_cairo23807 1
3813
1
rrethi_de_athens23810 1
3815
1
square_berlin13813 1
3816
1
road_paris3815 1
3830
1
road_moscow3829 1
3836
1
street_de_prishtina3835 1
3838
1
rruga_tokyo13836 1
3839
1
rrethi_cairo3838 1
3850
1
rue_des_rio13848 1
3851
1
rruga_la_rome3850 1
3852
1
place_rome3851 1
3853
1
lane_madrid23850 1
3855
2
buleva_les_berlin13853 1
bulevard_du_lisbon23852 1
3858
1
bulevardi_d'_prishtina23855 1
3882
1
bulevard_les_sydney13880 1
3891
1
rrethi_le_paris23888 1
3895
1
bulevardi_sydney13893 1
3898
1
rrethi_athens23895 1
3917
1
rruga_tokyo13915 1
3919
1
rrethi_athens13917 1
3920
2
rruga_des_london13918 1
lane_madrid3919 1
3923
1
road_berlin23920 1
3924
1
avenue_les_cairo23921 1
3925
1
buleva_rio13923 1
3926
1
street_les_newyork23923 1
3927
1
lane_rome23924 1
3928
1
buleva_lisbon23925 1
3944
1
bulevardi_london3943 1
3947
1
boulevard_le_newyork23944 1
3951
1
square_les_paris3950 1
3953
1
road_tokyo13951 1
3960
1
street_tokyo3959 1
3963
1
boulevard_du_cairo23960 1
3965
1
buleva_d'_athens13963 1
3978
1
street_moscow23975 1
3997
1
rue_de_berlin23994 1
3998
1
road_london3997 1
4000
1
square_des_athens13998 1
4001
1
rrethi_rome23998 1
4002
1
road_sydney14000 1
4003
1
boulevard_les_beijing4002 1
4004
2
place_le_cairo14002 1
place_tokyo24001 1
4005
1
boulevard_madrid4004 1
4006
1
rue_london24003 1
4007
1
bulevardi_les_rio14005 1
4010
1
rue_des_rio24007 1
4013
2
rue_d'_rio24010 1
street_des_tokyo4012 1
4014
1
lane_rio4013 1
4015
1
rue_beijing4014 1
4018
1
street_prishtina24015 1
4020
1
road_d'_moscow24017 1
4021
1
sheshi_la_london4020 1
4022
1
buleva_le_rome24019 1
4023
2
sheshi_paris4022 1
square_prishtina24020 1
4024
2
bulevardi_les_london24021 1
bulevardi_la_athens4023 1
4042
2
avenue_les_tokyo14040 1
boulevard_beijing24039 1
4045
1
boulevard_rio24042 1
4047
1
rruga_madrid14045 1
4048
1
square_du_rome24045 1
4049
1
bulevard_moscow14047 1
4050
1
rrethi_prishtina24047 1
4053
2
bulevardi_berlin4052 1
buleva_les_moscow24050 1
4054
1
rue_la_paris4053 1
4056
1
lane_cairo24053 1
4057
1
buleva_newyork24054 1
4072
1
rrethi_lisbon4071 1
4073
1
buleva_du_lisbon4072 1
4075
1
place_d'_prishtina14073 1
4077
1
rruga_rome14075 1
4079
1
lane_berlin24076 1
4082
1
rue_berlin24079 1
4084
1
rrethi_paris14082 1
4093
1
buleva_madrid14091 1
4096
1
avenue_de_newyork24093 1
4098
1
place_lisbon14096 1
4099
1
street_la_prishtina4098 1
4109
1
boulevard_la_madrid14107 1
4112
1
sheshi_la_berlin24109 1
4115
1
buleva_de_berlin24112 1
4120
1
sheshi_du_cairo4119 1
4124
1
rue_les_beijing4123 1
4125
1
sheshi_les_athens24122 1
4126
1
bulevard_rome4125 1
4127
2
place_london4126 1
square_berlin24124 1
4128
1
lane_d'_madrid4127 1
4129
2
rue_sydney4128 1
avenue_des_rome14127 1
4130
1
lane_newyork24127 1
4131
1
place_newyork4130 1
4140
1
sheshi_rio4139 1
4143
1
rrethi_d'_rome24140 1
4144
2
boulevard_sydney24141 1
rue_athens4143 1
4146
1
bulevard_d'_berlin14144 1
4147
2
boulevard_de_madrid24144 1
rruga_tokyo4146 1
4159
1
bulevard_le_rio4158 1
4160
1
buleva_lisbon24157 1
4162
1
bulevard_du_berlin14160 1
4163
1
sheshi_london4162 1
4164
1
road_beijing4163 1
4165
2
street_la_rome14163 1
place_beijing4164 1
4166
1
place_berlin4165 1
4168
1
boulevard_lisbon14166 1
4171
1
square_prishtina24168 1
4175
1
place_lisbon14173 1
4206
1
bulevardi_les_cairo24203 1
4207
1
rue_de_moscow4206 1
4208
1
sheshi_du_cairo4207 1
4214
1
lane_rio4213 1
4217
1
bulevard_du_rome24214 1
4218
1
square_du_paris4217 1
4229
1
rruga_cairo24226 1
4231
1
road_les_madrid14229 1
4255
1
rrethi_rome24252 1
4256
2
bulevard_athens14254 1
boulevard_rio4255 1
4267
1
boulevard_cairo24264 1
4270
1
rruga_des_prishtina24267 1
4271
1
sheshi_la_rome14269 1
4273
2
lane_london24270 1
avenue_rio14271 1
4274
1
avenue_rome4273 1
4277
1
avenue_london24274 1
4284
1
buleva_des_athens14282 1
4285
1
avenue_athens4284 1
4286
1
road_london4285 1
4289
1
square_lisbon4288 1
4291
1
avenue_tokyo4290 1
4292
1
buleva_madrid24289 1
4294
1
street_athens14292 1
4297
1
place_d'_moscow24294 1
4304
1
rue_des_beijing24301 1
4307
1
place_le_moscow24304 1
4309
1
street_d'_lisbon4308 1
4329
2
bulevardi_les_sydney4328 1
buleva_rio24326 1
4330
1
bulevard_tokyo4329 1
4331
1
street_du_lisbon14329 1
4333
1
boulevard_de_lisbon24330 1
4334
1
square_berlin24331 1
4335
1
square_rio4334 1
4338
1
street_athens4337 1
4339
2
bulevardi_sydney24336 1
street_moscow4338 1
4343
1
street_lisbon24340 1
4346
1
sheshi_tokyo24343 1
4348
1
road_sydney14346 1
4356
1
bulevard_cairo24353 1
4357
1
boulevard_la_berlin4356 1
4358
1
avenue_le_sydney4357 1
4361
1
avenue_du_lisbon14359 1
4364
1
avenue_cairo24361 1
4366
1
square_beijing14364 1
4370
1
bulevard_berlin14368 1
4375
1
square_berlin24372 1
4378
1
avenue_les_rio24375 1
4381
1
bulevardi_prishtina24378 1
4382
1
place_rome4381 1
4388
1
boulevard_le_tokyo24385 1
4392
1
rue_de_newyork24389 1
4406
1
avenue_tokyo14404 1
4409
2
place_du_rio24406 1
boulevard_london14407 1
4411
1
bulevardi_d'_beijing14409 1
4413
1
rrethi_berlin14411 1
4416
1
place_berlin24413 1
4419
1
sheshi_sydney24416 1
4420
1
bulevardi_rio4419 1
4423
1
buleva_d'_lisbon24420 1
4425
1
boulevard_rome14423 1
4444
1
place_d'_beijing4443 1
4447
1
rruga_lisbon24444 1
4449
1
street_rome14447 1
4455
1
road_madrid4454 1
4466
1
buleva_rio24463 1
4476
1
road_les_london4475 1
4477
1
place_les_prishtina4476 1
4479
1
square_beijing14477 1
4481
1
lane_moscow14479 1
4483
1
lane_madrid4482 1
4506
1
boulevard_london4505 1
4507
1
buleva_london4506 1
4508
1
lane_le_madrid4507 1
4509
1
rrethi_tokyo4508 1
4510
2
road_newyork24507 1
place_du_prishtina4509 1
4513
1
bulevardi_de_london24510 1
4514
1
sheshi_les_prishtina14512 1
4515
1
avenue_newyork4514 1
4518
1
boulevard_le_lisbon24515 1
4521
1
lane_madrid24518 1
4528
2
avenue_du_cairo4527 1
rue_lisbon24525 1
4531
1
rue_athens24528 1
4534
1
rue_d'_cairo14532 1
4536
2
sheshi_lisbon24533 1
street_rio14534 1
4537
2
road_la_lisbon24534 1
buleva_lisbon4536 1
4540
1
road_rio24537 1
4543
1
road_les_lisbon24540 1
4544
1
rrethi_lisbon4543 1
4558
1
street_du_athens14556 1
4563
1
rue_les_rio24560 1
4591
1
avenue_lisbon4590 1
4593
1
square_lisbon14591 1
4599
1
avenue_paris14597 1
4600
1
rrethi_des_berlin4599 1
4601
1
avenue_du_beijing24598 1
4602
1
rrethi_rome24599 1
4603
1
boulevard_athens24600 1
4606
1
bulevard_prishtina24603 1
4609
1
bulevard_des_athens24606 1
4610
1
avenue_de_athens14608 1
4613
1
square_les_tokyo24610 1
4619
2
bulevard_paris4618 1
rue_madrid24616 1
4622
1
bulevardi_de_cairo24619 1
4623
1
bulevardi_la_athens4622 1
4626
2
boulevard_newyork4625 1
rrethi_le_sydney24623 1
4636
1
rruga_d'_rome24633 1
4640
1
lane_newyork24637 1
4663
1
rue_newyork24660 1
4665
1
rue_la_beijing14663 1
4681
1
boulevard_athens4680 1
4684
1
avenue_de_lisbon24681 1
4700
1
bulevard_prishtina14698 1
4702
2
lane_newyork24699 1
rrethi_de_beijing14700 1
4704
1
sheshi_du_moscow14702 1
4706
1
rruga_berlin14704 1
4708
1
bulevard_la_cairo14706 1
4711
1
sheshi_london24708 1
4712
1
rue_rome14710 1
4715
1
rrethi_berlin24712 1
4718
1
rue_sydney24715 1
4721
1
bulevard_des_newyork4720 1
4722
1
square_du_sydney24719 1
4723
1
rruga_le_beijing4722 1
4724
1
square_de_lisbon14722 1
4725
1
bulevardi_prishtina24722 1
4726
2
bulevardi_berlin24723 1
bulevardi_berlin4725 1
4727
2
square_newyork4726 1
sheshi_le_berlin24724 1
4728
1
rue_les_berlin14726 1
4729
1
lane_du_berlin14727 1
4741
1
bulevard_paris4740 1
4745
2
rruga_du_london24742 1
bulevard_des_london4744 1
4754
2
rue_prishtina24751 1
road_des_sydney14752 1
4757
1
avenue_d'_rome24754 1
4759
1
bulevardi_madrid14757 1
4760
1
rruga_d'_beijing4759 1
4765
1
place_le_tokyo4764 1
4766
1
rue_les_london24763 1
4767
1
bulevard_du_sydney14765 1
4768
2
buleva_beijing14766 1
bulevardi_des_paris4767 1
4770
1
road_des_rio4769 1
4771
1
rue_le_rio24768 1
4775
1
lane_d'_newyork24772 1
4778
1
bulevard_sydney24775 1
4781
1
rruga_le_beijing24778 1
4786
1
street_lisbon24783 1
4789
1
place_prishtina4788 1
4792
1
rue_des_rio24789 1
4793
1
square_rome4792 1
4796
1
lane_des_lisbon24793 1
4800
1
sheshi_de_newyork24797 1
4816
2
bulevard_des_paris24813 1
boulevard_du_paris14814 1
4817
1
buleva_des_rio4816 1
4820
1
rrethi_rome24817 1
4856
1
avenue_madrid14854 1
4859
2
bulevard_les_cairo14857 1
lane_london24856 1
4860
1
boulevard_rio4859 1
4861
1
square_rome14859 1
4864
1
lane_d'_moscow24861 1
4871
1
rrethi_sydney24868 1
4872
1
bulevardi_lisbon4871 1
4873
1
rue_berlin4872 1
4874
2
bulevardi_le_moscow24871 1
road_du_moscow4873 1
4875
1
bulevardi_le_newyork4874 1
4892
1
bulevard_paris4891 1
4894
1
rrethi_newyork14892 1
4900
1
street_la_athens24897 1
4902
2
avenue_sydney4901 1
square_tokyo14900 1
4903
1
road_berlin4902 1
4905
2
square_prishtina14903 1
bulevard_de_sydney24902 1
4906
1
road_des_madrid4905 1
4908
1
bulevardi_beijing14906 1
4909
1
square_d'_athens4908 1
4948
1
boulevard_prishtina14946 1
4951
2
lane_du_newyork4950 1
road_le_cairo24948 1
4952
1
street_des_athens14950 1
4953
1
lane_berlin4952 1
4955
1
square_la_rio14953 1
4966
1
square_athens4965 1
4988
1
bulevard_la_beijing24985 1
4989
1
boulevard_d'_london24986 1
4990
1
avenue_d'_berlin4989 1
4994
1
bulevardi_athens4993 1
5024
1
bulevard_le_paris5023 1
5027
1
place_d'_madrid15025 1
5030
1
street_beijing25027 1
5031
1
street_rio5030 1
5032
1
rruga_du_paris5031 1
5039
1
street_prishtina5038 1
5049
1
bulevardi_la_rome5048 1
5052
2
rruga_lisbon5051 1
sheshi_paris25049 1
5055
1
street_du_sydney5054 1
5058
1
rue_le_beijing25055 1
5059
1
square_les_london5058 1
5061
1
rue_prishtina15059 1
5070
1
avenue_london15068 1
5073
1
sheshi_d'_berlin25070 1
5101
1
road_des_beijing5100 1
5133
1
rue_paris15131 1
5134
1
bulevardi_le_lisbon5133 1
5136
1
sheshi_moscow15134 1
5137
1
place_les_berlin25134 1
5138
2
rue_rome5137 1
avenue_les_prishtina15136 1
5139
1
lane_rome5138 1
5144
1
road_cairo5143 1
5145
1
rue_london5144 1
5158
1
bulevard_berlin15156 1
5167
1
rrethi_athens25164 1
5170
1
place_moscow25167 1
5172
1
rruga_athens5171 1
5173
1
street_moscow25170 1
5174
1
avenue_tokyo5173 1
5175
1
street_rome15173 1
5179
1
road_moscow5178 1
5181
1
avenue_moscow15179 1
5182
2
place_paris15180 1
buleva_du_prishtina5181 1
5183
1
road_des_lisbon5182 1
5184
2
boulevard_des_moscow25181 1
rruga_rio15182 1
5185
2
bulevardi_d'_london5184 1
rruga_tokyo15183 1
5186
2
bulevardi_madrid15184 1
avenue_les_athens5185 1
5187
1
square_moscow5186 1
5188
1
avenue_des_cairo25185 1
5189
1
rue_du_beijing5188 1
5190
1
street_sydney25187 1
5194
1
buleva_moscow5193 1
5197
1
bulevardi_rome25194 1
5200
1
bulevardi_sydney25197 1
5201
2
road_du_tokyo25198 1
sheshi_moscow5200 1
5212
1
bulevard_les_cairo15210 1
5214
1
square_athens25211 1
5215
1
rrethi_berlin25212 1
5218
1
avenue_moscow15216 1
5220
1
place_du_beijing15218 1
5222
1
square_les_rome15220 1
5223
1
rue_les_moscow5222 1
5229
1
road_rome15227 1
5232
1
place_la_rio25229 1
5233
1
rruga_paris5232 1
5237
2
lane_tokyo25234 1
road_d'_rome5236 1
5238
2
buleva_newyork5237 1
avenue_sydney25235 1
5239
1
rue_des_lisbon15237 1
5240
1
rruga_cairo15238 1
5241
1
lane_le_prishtina25238 1
5242
3
square_les_lisbon15240 1
lane_rio25239 2
road_la_rio5241 1
5244
1
street_lisbon15242 1
5245
2
rue_lisbon5244 1
sheshi_london25242 1
5247
1
buleva_rio15245 1
5248
1
avenue_berlin25245 1
5253
1
street_newyork5252 1
5256
1
avenue_paris25253 1
5258
1
rrethi_cairo15256 1
5260
1
avenue_de_moscow15258 1
5273
1
boulevard_newyork25270 1
5300
1
bulevardi_des_moscow15298 1
5301
1
street_rome5300 1
5303
1
boulevard_moscow15301 1
5310
1
sheshi_newyork25307 1
5315
1
rruga_london15313 1
5317
1
street_rome15315 1
5319
1
rue_les_beijing15317 1
5321
1
place_le_sydney15319 1
5322
1
rruga_d'_athens25319 1
5324
1
street_rome25321 1
5330
1
bulevard_les_berlin25327 1
5333
1
bulevardi_des_moscow25330 1
5335
1
boulevard_la_moscow15333 1
5348
1
rrethi_rio25345 1
5350
1
boulevard_newyork15348 1
5353
1
bulevardi_les_beijing25350 1
5354
1
rruga_london5353 1
5359
1
place_lisbon15357 1
5362
1
sheshi_cairo25359 1
5366
2
avenue_de_newyork25363 1
street_rome5365 1
5367
1
sheshi_berlin5366 1
5368
1
bulevard_moscow15366 1
5370
2
street_beijing15368 1
buleva_moscow25367 1
5374
1
sheshi_des_cairo15372 1
5375
1
lane_prishtina5374 1
5377
2
rruga_rome5376 1
place_le_moscow15375 1
5378
1
lane_de_rome5377 1
5379
1
place_les_beijing5378 1
5380
1
buleva_tokyo25377 1
5381
1
rue_rio15379 1
5393
1
buleva_sydney5392 1
5396
1
buleva_le_tokyo25393 1
5399
1
lane_de_rome25396 1
5400
1
rue_beijing5399 1
5402
1
rue_moscow25399 1
5403
1
boulevard_d'_beijing5402 1
5404
1
road_d'_london5403 1
5418
1
bulevardi_beijing25415 1
5420
1
buleva_la_lisbon15418 1
5421
1
bulevard_le_lisbon15419 1
5422
1
sheshi_rio15420 1
5423
2
lane_d'_prishtina25420 1
street_les_lisbon5422 1
5425
1
buleva_cairo15423 1
5427
1
rue_sydney15425 1
5455
1
bulevard_d'_newyork5454 1
5480
1
rue_d'_paris25477 1
5481
1
bulevard_london25478 1
5482
1
bulevardi_beijing15480 1
5483
1
lane_sydney5482 1
5484
1
street_paris5483 1
5489
1
lane_la_cairo25486 1
5490
1
avenue_les_tokyo25487 1
5492
1
boulevard_des_prishtina15490 1
5495
1
sheshi_prishtina25492 1
5496
1
rue_de_tokyo5495 1
5509
1
road_sydney5508 1
5517
1
buleva_rome15515 1
5534
1
square_de_cairo5533 1
5536
1
sheshi_newyork15534 1
5539
1
street_les_berlin25536 1
5556
2
rue_d'_lisbon25553 1
rue_beijing5555 1
5557
1
buleva_du_berlin5556 1
5559
1
rue_d'_beijing15557 1
5592
1
sheshi_les_madrid25589 1
5624
1
bulevard_madrid5623 1
5626
1
bulevard_le_london15624 1
5627
2
place_athens25624 1
rue_les_paris5626 1
5655
1
lane_d'_athens15653 1
5665
1
boulevard_de_berlin25662 1
5667
1
bulevardi_newyork5666 1
5681
1
road_rome5680 1
5684
1
rruga_sydney25681 1
5685
1
bulevardi_berlin5684 1
5691
1
street_du_lisbon5690 1
5692
1
place_d'_london5691 1
5707
1
boulevard_rome5706 1
5710
1
place_athens25707 1
5714
1
avenue_london5713 1
5731
1
square_cairo25728 1
5733
1
square_moscow5732 1
5749
1
street_rio15747 1
5750
1
rrethi_moscow5749 1
5756
1
bulevard_rome5755 1
5760
1
rruga_le_lisbon15758 1
5771
1
place_des_athens15769 1
5773
1
rruga_du_london15771 1
5776
1
rruga_rio25773 1
5787
1
street_d'_beijing25784 1
5790
1
lane_cairo25787 1
5793
1
street_le_rome25790 1
5796
1
rrethi_madrid25793 1
5798
1
bulevard_le_rio5797 1
5799
1
rruga_du_london5798 1
5801
1
rue_du_tokyo5800 1
5802
1
bulevardi_cairo25799 1
5804
1
square_cairo25801 1
5806
1
rrethi_les_beijing15804 1
5808
1
bulevard_beijing15806 1
5813
1
lane_prishtina5812 1
5816
1
street_tokyo25813 1
5818
1
rue_newyork15816 1
5831
1
boulevard_madrid15829 1
5851
1
lane_la_berlin25848 1
5853
1
place_des_paris15851 1
5860
1
rrethi_d'_beijing5859 1
5875
1
avenue_newyork15873 1
5879
1
rruga_newyork5878 1
5881
1
rrethi_d'_sydney5880 1
5883
1
square_rome5882 1
5894
1
road_cairo5893 1
5901
1
boulevard_des_beijing5900 1
5903
1
square_lisbon25900 1
5909
1
bulevardi_d'_sydney15907 1
5912
1
buleva_des_berlin25909 1
5926
1
buleva_des_beijing15924 1
5956
1
boulevard_prishtina25953 1
5960
1
rue_la_berlin5959 1
5961
1
place_de_tokyo5960 1
5963
1
bulevardi_london15961 1
5973
1
avenue_du_moscow25970 1
5999
1
street_la_lisbon15997 1
6001
1
boulevard_de_berlin15999 1
6005
2
bulevard_tokyo6004 1
lane_madrid26002 1
6006
1
buleva_le_london6005 1
6011
1
avenue_le_madrid6010 1
6013
1
place_rome16011 1
6014
1
avenue_tokyo6013 1
6015
1
avenue_la_lisbon6014 1
6017
1
bulevard_berlin16015 1
6021
1
buleva_du_rio6020 1
6026
1
avenue_de_madrid6025 1
6027
1
buleva_madrid6026 1
6028
1
buleva_le_paris6027 1
6040
1
bulevardi_rio6039 1
6041
2
rue_la_prishtina16039 1
avenue_cairo6040 1
6042
1
bulevardi_du_prishtina26039 1
6044
1
rue_london26041 1
6045
1
square_tokyo6044 1
6047
1
buleva_tokyo16045 1
6052
1
bulevardi_les_paris6051 1
6055
2
road_d'_rio16053 1
rue_berlin26052 1
6056
1
boulevard_newyork6055 1
6058
1
road_beijing26055 1
6059
1
boulevard_paris6058 1
6060
2
bulevard_le_rio6059 1
road_du_beijing26057 1
6061
1
street_des_athens26058 1
6062
2
rruga_du_sydney16060 1
sheshi_du_paris26059 1
6063
2
square_les_rio26060 1
road_les_rio6062 1
6065
1
street_tokyo26062 1
6066
1
sheshi_les_rome26063 1
6067
1
street_moscow6066 1
6069
1
rrethi_les_prishtina16067 1
6074
1
street_sydney6073 1
6076
1
place_les_prishtina16074 1
6077
1
avenue_athens26074 1
6078
1
road_d'_sydney16076 1
6079
2
rue_prishtina26076 1
place_de_lisbon6078 1
6086
1
bulevardi_athens6085 1
6089
1
lane_madrid26086 1
6108
2
sheshi_moscow26105 1
bulevard_sydney16106 1
6110
1
rruga_des_london16108 1
6114
1
place_newyork16112 1
6131
1
avenue_athens16129 1
6140
1
bulevard_du_paris26137 1
6143
1
rue_d'_berlin26140 1
6145
1
street_du_prishtina16143 1
6147
1
bulevardi_d'_lisbon16145 1
6150
1
bulevard_le_newyork26147 1
6152
1
bulevardi_le_berlin26149 1
6154
1
avenue_rome16152 1
6194
2
square_rio16192 1
place_la_madrid6193 1
6195
1
road_les_lisbon6194 1
6197
1
street_la_lisbon16195 1
6201
1
buleva_moscow26198 1
6202
1
street_des_london26199 1
6203
1
boulevard_tokyo16201 1
6204
1
rrethi_newyork6203 1
6205
1
boulevard_rio6204 1
6211
1
avenue_du_berlin16209 1
6213
1
square_moscow16211 1
6219
1
rrethi_le_sydney16217 1
6220
1
place_le_london16218 1
6221
1
rue_la_moscow6220 1
6222
1
rruga_tokyo26219 1
6223
1
avenue_du_paris16221 1
6224
2
rruga_d'_newyork6223 1
sheshi_de_athens16222 1
6226
2
road_le_prishtina26223 1
buleva_les_rio16224 1
6228
1
place_cairo16226 1
6229
1
avenue_la_newyork6228 1
6230
1
place_moscow6229 1
6231
1
bulevardi_des_prishtina6230 1
6232
1
boulevard_moscow16230 1
6240
1
place_d'_beijing6239 1
6243
1
lane_tokyo26240 1
6244
1
sheshi_beijing16242 1
6245
2
boulevard_beijing6244 1
rue_la_newyork16243 1
6247
1
buleva_athens16245 1
6251
1
square_newyork26248 1
6270
2
bulevardi_le_lisbon26267 1
square_madrid16268 1
6271
1
square_les_rio6270 1
6272
1
rrethi_des_tokyo6271 1
6273
1
bulevardi_moscow16271 1
6275
2
bulevardi_newyork16273 1
buleva_cairo26272 1
6280
1
road_london6279 1
6281
2
lane_la_sydney16279 1
boulevard_rome6280 1
6283
1
lane_berlin16281 1
6284
2
road_tokyo6283 1
buleva_cairo26281 1
6286
1
square_moscow16284 1
6287
1
square_le_newyork6286 1
6303
1
bulevard_london6302 1
6304
1
road_d'_lisbon16302 1
6305
1
bulevardi_le_prishtina16303 1
6306
1
square_rio6305 1
6307
1
sheshi_des_paris6306 1
6308
1
rue_paris6307 1
6342
1
place_du_paris26339 1
6344
1
road_rio16342 1
6346
1
bulevard_du_berlin16344 1
6350
1
rruga_paris26347 1
6351
1
rrethi_de_lisbon6350 1
6353
2
square_le_tokyo6352 1
place_athens16351 1
6354
1
avenue_athens6353 1
6355
1
rrethi_d'_paris16353 1
6356
2
bulevardi_tokyo16354 1
sheshi_du_moscow6355 1
6358
1
lane_rio26355 1
6359
1
rrethi_du_moscow26356 1
6363
1
place_les_london16361 1
6365
1
avenue_madrid16363 1
6367
1
buleva_les_athens16365 1
6368
1
rue_de_paris26365 1
6370
1
rrethi_les_rome26367 1
6375
1
rue_prishtina16373 1
6376
1
square_la_tokyo6375 1
6380
1
bulevard_athens16378 1
6382
1
boulevard_des_cairo16380 1
6384
1
rruga_les_cairo16382 1
6385
1
boulevard_rome6384 1
6387
1
avenue_des_berlin26384 1
6415
1
rruga_rio6414 1
6418
2
sheshi_des_madrid6417 1
road_le_madrid26415 1
6419
1
sheshi_madrid6418 1
6420
1
rruga_athens16418 1
6440
1
sheshi_rio16438 1
6443
1
buleva_de_beijing6442 1
6444
1
street_de_sydney6443 1
6472
1
place_rome26469 1
6473
1
bulevard_les_sydney6472 1
6475
1
avenue_d'_berlin16473 1
6477
1
buleva_london16475 1
6489
1
lane_prishtina16487 1
6495
1
road_madrid26492 1
6496
1
buleva_cairo6495 1
6498
2
bulevard_la_lisbon6497 1
bulevard_des_tokyo16496 1
6507
1
rrethi_berlin26504 1
6510
1
bulevard_les_berlin26507 1
6533
1
road_la_cairo16531 1
6535
1
square_rio16533 1
6537
1
street_cairo16535 1
6539
1
bulevardi_la_lisbon16537 1
6556
1
road_du_lisbon26553 1
6589
1
bulevard_la_berlin6588 1
6592
1
boulevard_tokyo26589 1
6594
1
bulevard_lisbon16592 1
6595
2
rue_la_rome16593 1
street_de_beijing6594 1
6596
2
rruga_le_london26593 1
road_du_sydney16594 1
6597
2
square_rome16595 1
place_tokyo6596 1
6598
1
sheshi_d'_madrid6597 1
6599
1
buleva_beijing26596 1
6600
1
buleva_berlin16598 1
6603
1
rrethi_berlin6602 1
6605
1
rue_prishtina16603 1
6608
2
place_le_beijing6607 1
bulevard_des_athens26605 1
6610
1
road_newyork16608 1
6611
1
street_de_madrid6610 1
6613
1
place_rio16611 1
6614
1
buleva_de_paris6613 1
6615
1
rrethi_des_tokyo26612 1
6617
1
boulevard_la_moscow16615 1
6618
1
place_du_lisbon6617 1
6619
1
avenue_paris6618 1
6621
2
lane_d'_sydney26618 1
avenue_d'_athens16619 1
6622
1
rrethi_berlin6621 1
6624
1
street_des_cairo6623 1
6644
1
bulevardi_rio26641 1
6654
1
buleva_du_moscow6653 1
6659
1
rruga_london16657 1
6662
1
rrethi_de_madrid26659 1
6675
1
bulevardi_prishtina26672 1
6678
1
rrethi_moscow26675 1
6696
1
rue_d'_moscow6695 1
6697
1
boulevard_le_prishtina6696 1
6712
1
rrethi_lisbon16710 1
6715
1
bulevard_prishtina26712 1
6716
1
boulevard_la_berlin6715 1
6717
1
street_athens6716 1
6718
1
rrethi_prishtina26715 1
6721
1
rue_berlin6720 1
6722
1
rue_de_athens6721 1
6724
1
avenue_athens6723 1
6725
1
rruga_rome6724 1
6728
1
road_madrid6727 1
6729
1
rue_les_athens16727 1
6730
1
place_la_prishtina6729 1
6731
1
bulevardi_cairo26728 1
6732
1
place_madrid6731 1
6733
1
rruga_berlin26730 1
6734
1
bulevardi_des_sydney16732 1
6735
1
lane_les_tokyo6734 1
6738
1
buleva_lisbon26735 1
6739
1
avenue_la_madrid6738 1
6740
1
road_les_tokyo26737 1
6741
1
place_berlin16739 1
6743
1
lane_sydney16741 1
6744
1
sheshi_du_moscow6743 1
6750
1
avenue_cairo16748 1
6753
1
rrethi_london26750 1
6755
1
street_madrid16753 1
6767
1
road_tokyo6766 1
6769
1
square_d'_rio16767 1
6770
1
street_newyork6769 1
6772
1
rue_de_rio16770 1
6773
1
lane_le_madrid6772 1
6794
1
rruga_du_madrid26791 1
6795
1
bulevard_tokyo6794 1
6796
2
rrethi_newyork16794 1
avenue_rome6795 1
6797
2
sheshi_de_paris26794 1
sheshi_la_cairo6796 1
6799
1
street_cairo26796 1
6800
1
avenue_les_rome26797 1
6805
2
sheshi_newyork26802 1
lane_la_rio6804 1
6807
1
place_des_tokyo16805 1
6808
1
bulevard_de_berlin6807 1
6840
1
rue_rio26837 1
6842
1
rruga_la_prishtina16840 1
6843
1
bulevardi_prishtina6842 1
6845
1
boulevard_athens16843 1
6851
1
bulevard_london16849 1
6854
1
bulevard_beijing26851 1
6856
1
boulevard_de_rio16854 1
6857
1
sheshi_rio6856 1
6865
1
rrethi_le_beijing26862 1
6871
2
sheshi_d'_beijing26868 1
road_lisbon16869 1
6874
1
rue_rio26871 1
6875
1
road_d'_moscow6874 1
6880
1
bulevardi_berlin16878 1
6882
1
sheshi_newyork6881 1
6885
1
lane_prishtina26882 1
6887
1
lane_tokyo16885 1
6894
1
road_sydney6893 1
6895
1
square_rio6894 1
6903
1
rrethi_rome26900 1
6905
1
bulevard_berlin26902 1
6913
1
buleva_lisbon16911 1
6914
1
place_london6913 1
6917
2
rrethi_les_berlin6916 1
lane_de_berlin26914 1
6918
1
avenue_le_prishtina6917 1
6919
1
rruga_d'_prishtina16917 1
6920
1
street_la_madrid16918 1
6928
1
buleva_la_paris16926 1
6931
1
buleva_tokyo26928 1
6932
1
square_beijing6931 1
6961
1
bulevard_le_lisbon26958 1
6985
1
bulevard_la_newyork6984 1
6986
1
bulevardi_london6985 1
6997
1
sheshi_la_madrid16995 1
6999
1
lane_beijing16997 1
7002
1
avenue_la_prishtina26999 1
7003
1
bulevardi_les_moscow7002 1
7004
1
square_tokyo7003 1
7005
1
rrethi_madrid27002 1
7006
2
bulevard_london7005 1
bulevardi_des_rome17004 1
7008
1
street_london27005 1
7009
1
street_du_rio27006 1
7011
1
square_tokyo17009 1
7015
1
sheshi_la_prishtina17013 1
7017
1
sheshi_de_london17015 1
7018
1
rruga_cairo27015 1
7019
2
bulevard_rio17017 1
bulevardi_le_berlin7018 1
7020
1
rruga_la_paris7019 1
7057
1
street_des_beijing27054 1
7059
1
sheshi_paris17057 1
7060
1
sheshi_du_paris7059 1
7061
1
square_de_moscow7060 1
7123
1
rruga_d'_berlin17121 1
7126
1
place_des_rio27123 1
7128
1
boulevard_les_athens17126 1
7131
1
bulevardi_tokyo27128 1
7137
1
rue_des_lisbon7136 1
7138
1
rrethi_prishtina7137 1
7139
1
bulevardi_athens7138 1
7141
1
bulevard_sydney17139 1
7151
1
street_prishtina17149 1
7152
1
bulevardi_paris7151 1
7153
1
place_beijing17151 1
7154
1
place_du_cairo17152 1
7155
1
rruga_des_newyork7154 1
7156
1
sheshi_prishtina17154 1
7158
1
boulevard_sydney17156 1
7161
1
boulevard_cairo27158 1
7163
1
place_les_beijing17161 1
7164
1
rrethi_d'_tokyo7163 1
7167
1
buleva_des_paris27164 1
7169
1
bulevardi_rio7168 1
7171
1
rue_le_moscow7170 1
7173
1
buleva_rome17171 1
7176
1
road_rio7175 1
7179
1
lane_du_rio27176 1
7180
1
square_madrid27177 1
7193
1
rue_la_madrid17191 1
7195
1
avenue_tokyo17193 1
7197
1
rrethi_athens17195 1
7208
1
buleva_la_rio17206 1
7209
1
square_du_beijing7208 1
7212
1
rrethi_les_rome27209 1
7214
1
road_de_athens17212 1
7225
1
rue_les_cairo17223 1
7235
1
bulevardi_le_beijing27232 1
7236
1
bulevardi_le_rome7235 1
7237
1
rue_athens7236 1
7239
1
street_du_cairo27236 1
7240
1
bulevardi_le_athens27237 1
7243
1
rrethi_madrid27240 1
7246
2
road_des_moscow17244 1
place_berlin27243 1
7252
1
place_newyork27249 1
7253
1
road_du_lisbon7252 1
7255
2
sheshi_sydney7254 1
rue_prishtina17253 1
7258
1
sheshi_de_athens27255 1
7260
1
buleva_london17258 1
7263
1
boulevard_beijing27260 1
7265
1
bulevard_d'_rio17263 1
7266
1
place_rome7265 1
7268
1
bulevard_des_madrid17266 1
7278
1
road_des_madrid17276 1
7279
1
rue_prishtina7278 1
7281
1
bulevardi_prishtina17279 1
7289
1
rrethi_les_madrid17287 1
7295
1
boulevard_le_sydney27292 1
7297
1
avenue_berlin17295 1
7299
1
rruga_athens17297 1
7305
1
rruga_d'_berlin17303 1
7308
1
rruga_d'_madrid27305 1
7313
1
road_le_beijing7312 1
7316
1
bulevardi_d'_rome27313 1
7318
1
bulevard_de_tokyo17316 1
7322
1
bulevard_athens27319 1
7340
1
rrethi_des_moscow7339 1
7341
2
rue_du_prishtina17339 1
street_des_athens7340 1
7343
1
avenue_rio17341 1
7344
1
rue_les_london7343 1
7369
1
bulevardi_du_sydney7368 1
7372
1
boulevard_du_berlin27369 1
7376
1
square_le_moscow17374 1
7377
1
rrethi_rome7376 1
7380
1
square_des_madrid27377 1
7382
1
avenue_tokyo17380 1
7386
1
boulevard_de_rio27383 1
7388
1
sheshi_des_lisbon17386 1
7389
1
place_de_cairo7388 1
7391
1
boulevard_madrid17389 1
7394
1
bulevardi_athens17392 1
7395
1
street_rome7394 1
7398
2
bulevardi_de_moscow17396 1
buleva_berlin27395 1
7399
1
place_le_london7398 1
7402
1
square_cairo7401 1
7405
1
boulevard_d'_cairo27402 1
7408
1
boulevard_paris27405 1
7416
1
buleva_moscow7415 1
7417
1
boulevard_le_lisbon7416 1
7419
1
rrethi_d'_cairo7418 1
7420
1
bulevard_rome7419 1
7421
1
rruga_madrid27418 1
7424
1
bulevard_cairo7423 1
7426
2
sheshi_du_beijing27423 1
place_du_rome17424 1
7427
1
rrethi_prishtina7426 1
7428
1
sheshi_cairo7427 1
7432
1
lane_la_berlin17430 1
7435
1
square_les_paris17433 1
7472
1
rruga_lisbon27469 1
7473
1
place_athens7472 1
7474
1
avenue_beijing7473 1
7476
1
lane_madrid7475 1
7477
2
rruga_de_madrid17475 1
square_rome7476 1
7480
2
place_de_paris7479 1
street_moscow27477 1
7481
1
square_prishtina7480 1
7482
1
boulevard_la_prishtina7481 1
7483
1
street_du_prishtina27480 1
7486
1
street_newyork27483 1
7487
1
bulevard_lisbon7486 1
7492
1
bulevard_rome27489 1
7494
1
avenue_la_sydney17492 1
7496
1
sheshi_les_madrid17494 1
7499
1
bulevardi_du_sydney27496 1
7505
1
road_des_london27502 1
7507
1
rue_beijing17505 1
7512
1
avenue_la_cairo27509 1
7515
1
bulevardi_du_newyork27512 1
7516
1
street_tokyo7515 1
7517
1
road_prishtina7516 1
7518
1
road_beijing27515 1
7530
1
rruga_rio17528 1
7531
1
road_des_rome27528 1
7537
1
sheshi_les_paris7536 1
7547
1
road_du_paris27544 1
7548
1
street_rome7547 1
7551
1
rue_du_madrid27548 1
7564
1
square_du_rio7563 1
7565
1
avenue_les_prishtina7564 1
7567
1
square_sydney7566 1
7568
1
rruga_du_cairo27565 1
7571
1
rrethi_le_moscow17569 1
7586
1
sheshi_madrid7585 1
7589
1
bulevard_le_rio27586 1
7590
1
place_paris7589 1
7615
1
bulevard_tokyo17613 1
7617
1
bulevardi_de_beijing27614 1
7619
1
place_berlin17617 1
7621
1
sheshi_london17619 1
7633
1
street_tokyo7632 1
7635
1
lane_du_london7634 1
7636
1
street_newyork7635 1
7644
1
rrethi_le_madrid17642 1
7656
1
rrethi_lisbon27653 1
7657
1
square_d'_berlin7656 1
7658
1
bulevard_d'_sydney7657 1
7659
1
rrethi_les_rome7658 1
7689
1
street_d'_sydney17687 1
7694
1
sheshi_tokyo27691 1
7719
1
rue_le_rio17717 1
7721
1
road_newyork17719 1
7722
1
lane_des_london7721 1
7725
1
rruga_d'_moscow27722 1
7727
1
square_london17725 1
7728
1
bulevardi_d'_rio17726 1
7734
1
sheshi_d'_tokyo27731 1
7735
1
boulevard_la_beijing7734 1
7737
1
boulevard_cairo17735 1
7738
1
road_des_rio7737 1
7745
1
rue_madrid7744 1
7757
1
bulevard_lisbon7756 1
7762
1
rruga_les_madrid17760 1
7768
1
square_d'_tokyo17766 1
7773
1
sheshi_paris27770 1
7774
1
rruga_d'_london7773 1
7775
1
bulevard_prishtina7774 1
7777
1
sheshi_les_lisbon17775 1
7801
1
rue_rio17799 1
7802
1
square_de_athens27799 1
7804
1
rruga_berlin27801 1
7805
2
bulevard_lisbon27802 1
buleva_cairo7804 1
7813
1
rue_rome17811 1
7814
2
place_la_moscow27811 4
sheshi_les_tokyo7813 4
7817
2
sheshi_rome7816 1
road_du_rome27814 1
7819
1
sheshi_du_cairo17817 1
7821
1
buleva_cairo17819 1
7826
1
buleva_des_prishtina17824 1
7827
2
rue_les_moscow7826 1
buleva_le_athens27824 1
7828
1
street_les_rome17826 1
7829
2
avenue_rio27826 1
avenue_du_beijing7828 1
7887
1
bulevard_d'_newyork27884 1
7893
1
square_des_rio27890 1
7897
1
boulevard_beijing7896 1
7902
1
lane_d'_paris27899 1
7905
1
rue_tokyo27902 1
7906
1
road_rome17904 1
7907
1
lane_du_berlin17905 1
7909
3
street_des_cairo7908 2
square_de_paris17907 2
avenue_les_london27906 2
7911
1
buleva_d'_prishtina17909 1
7912
1
square_rio27909 1
7913
1
road_lisbon17911 1
7915
2
road_le_moscow27912 1
square_les_athens17913 1
7918
1
avenue_du_rome27915 1
7934
1
street_les_moscow17932 1
7935
1
square_des_tokyo7934 1
7959
1
square_berlin17957 1
7960
1
rruga_du_lisbon7959 1
7966
1
rrethi_les_beijing17964 1
7968
1
sheshi_rio17966 1
7973
1
buleva_du_prishtina17971 1
7975
1
bulevard_d'_rome17973 1
7976
1
square_du_rio7975 1
7977
1
sheshi_d'_beijing7976 1
7984
1
lane_des_lisbon17982 1
7985
1
bulevard_de_beijing7984 1
7988
1
sheshi_london7987 1
7996
1
street_la_london27993 1
7997
1
square_d'_beijing7996 1
7999
1
lane_de_rome17997 1
8002
1
buleva_athens8001 1
8003
1
sheshi_de_moscow28000 1
8004
2
buleva_de_paris18002 1
avenue_les_lisbon8003 1
8007
1
rue_du_berlin28004 1
8021
1
avenue_madrid8020 1
8024
1
road_des_berlin28021 1
8027
1
boulevard_le_moscow28024 1
8062
1
place_la_moscow28059 1
8074
1
rrethi_de_london8073 1
8077
1
rrethi_d'_lisbon18075 1
8079
1
bulevardi_tokyo18077 1
8082
2
buleva_beijing8081 1
bulevardi_du_lisbon28079 1
8083
1
buleva_du_newyork8082 1
8084
1
boulevard_berlin8083 1
8085
1
avenue_de_cairo18083 1
8087
1
lane_paris18085 1
8102
1
square_le_prishtina8101 1
8103
1
place_rio8102 1
8105
1
bulevardi_les_berlin18103 1
8113
1
square_du_moscow18111 1
8115
1
rue_d'_prishtina18113 1
8117
1
sheshi_berlin8116 1
8119
1
place_rio18117 1
8122
1
buleva_le_tokyo28119 1
8125
1
lane_du_rome28122 1
8130
1
street_prishtina18128 1
8133
1
bulevard_les_tokyo28130 1
8135
2
sheshi_lisbon28132 1
sheshi_le_berlin18133 1
8137
1
buleva_d'_beijing18135 1
8138
2
rruga_newyork8137 1
boulevard_des_newyork28135 1
8148
1
buleva_rio28145 1
8162
1
bulevard_les_paris18160 1
8163
1
road_london28160 1
8164
1
street_les_moscow8163 1
8167
1
place_athens28164 1
8173
1
sheshi_de_paris28170 1
8176
1
bulevardi_les_berlin28173 1
8178
1
street_d'_athens18176 1
8181
1
avenue_la_prishtina28178 1
8192
1
place_cairo8191 1
8193
1
rruga_paris8192 1
8194
1
boulevard_d'_athens28191 1
8195
1
street_athens18193 1
8197
1
place_moscow18195 1
8203
2
road_du_cairo28200 1
place_lisbon18201 1
8204
1
boulevard_berlin28201 1
8205
1
road_des_prishtina18203 1
8208
1
bulevardi_la_beijing28205 1
8211
1
rrethi_le_tokyo28208 1
8225
1
buleva_d'_athens18223 1
8226
1
road_cairo8225 1
8239
1
lane_les_rio28236 1
8242
1
road_de_beijing28239 1
8262
1
rue_tokyo18260 1
8263
1
bulevardi_le_athens8262 1
8266
1
buleva_london8265 1
8271
1
place_la_prishtina18269 1
8286
1
square_la_beijing8285 1
8287
1
rrethi_prishtina8286 1
8290
1
street_de_prishtina28287 1
8299
1
buleva_les_rio28296 1
8301
2
place_tokyo28298 1
buleva_de_newyork18299 1
8302
1
bulevard_d'_prishtina8301 1
8304
1
place_les_moscow28301 1
8305
2
bulevardi_athens18303 1
bulevardi_du_lisbon8304 1
8314
2
place_des_lisbon28311 1
boulevard_beijing18312 1
8315
1
square_athens8314 1
8316
1
rue_tokyo18314 1
8317
1
bulevardi_les_cairo18315 1
8324
1
buleva_le_rio8323 1
8326
1
buleva_la_rio18324 1
8327
1
square_la_cairo28324 1
8336
1
place_rio28333 1
8338
1
sheshi_le_sydney18336 1
8341
1
bulevard_les_prishtina28338 1
8342
1
rrethi_moscow8341 1
8343
1
road_beijing18341 1
8346
1
rrethi_beijing28343 1
8361
1
sheshi_d'_rio8360 1
8363
1
rruga_sydney18361 1
8370
1
street_les_prishtina28367 1
8373
1
street_rio28370 1
8374
1
rrethi_madrid8373 1
8403
1
lane_le_lisbon18401 1
8404
1
avenue_d'_rio8403 1
8406
1
square_newyork18404 1
8409
1
road_prishtina28406 1
8413
1
sheshi_du_cairo18411 1
8420
1
boulevard_sydney18418 1
8422
1
avenue_newyork18420 1
8436
1
rue_rome18434 1
8437
1
road_des_lisbon18435 1
8440
1
rue_berlin28437 1
8441
1
buleva_tokyo8440 1
8447
1
rrethi_de_sydney28444 1
8448
1
sheshi_prishtina18446 1
8460
1
buleva_le_london18458 1
8463
1
rue_athens28460 1
8464
1
bulevardi_newyork8463 1
8471
1
boulevard_cairo18469 1
8472
1
road_madrid8471 1
8481
1
road_du_rio8480 1
8484
1
place_le_sydney28481 1
8487
2
bulevardi_la_lisbon18485 1
sheshi_de_lisbon28484 1
8489
1
avenue_du_prishtina28486 1
8492
1
bulevardi_paris28489 1
8493
1
avenue_d'_rome8492 1
8497
1
sheshi_des_newyork18495 1
8499
1
lane_des_rome18497 1
8506
1
rruga_tokyo8505 1
8525
1
avenue_rome28522 1
8527
1
square_de_london18525 1
8537
1
square_des_madrid28534 1
8538
1
road_des_tokyo8537 1
8539
1
rruga_d'_london28536 1
8540
1
rruga_prishtina18538 1
8541
1
buleva_athens18539 1
8542
1
place_le_london28539 1
8543
1
sheshi_d'_cairo8542 1
8544
1
rue_de_madrid28541 1
8546
2
buleva_d'_berlin28543 1
bulevard_d'_cairo18544 1
8547
1
rruga_sydney8546 1
8549
1
rruga_du_beijing28546 1
8550
2
place_prishtina18548 1
rruga_la_lisbon8549 1
8551
1
sheshi_de_lisbon8550 1
8552
1
place_les_rio18550 1
8553
1
rruga_newyork28550 1
8554
2
buleva_des_tokyo28551 1
avenue_du_rio8553 1
8555
1
sheshi_les_newyork8554 1
8575
1
rruga_cairo8574 1
8581
1
rruga_d'_rome18579 1
8582
1
bulevardi_athens8581 1
8583
1
boulevard_newyork8582 1
8584
1
square_le_newyork8583 1
8605
1
street_cairo18603 1
8607
1
square_cairo18605 1
8610
1
rue_d'_madrid18608 1
8614
1
rrethi_d'_athens8613 1
8615
1
lane_moscow8614 1
8616
1
avenue_beijing8615 1
8617
1
bulevardi_paris18615 1
8618
2
bulevard_lisbon8617 1
rrethi_lisbon18616 1
8624
1
lane_lisbon18622 1
8627
1
boulevard_les_cairo28624 1
8632
1
rruga_paris18630 1
8634
1
street_des_moscow18632 1
8636
1
bulevard_le_london18634 1
8645
1
place_cairo28642 1
8646
1
bulevard_la_paris8645 1
8649
1
bulevard_beijing28646 1
8650
1
rue_du_madrid8649 1
8656
1
bulevardi_cairo18654 1
8659
1
bulevard_des_berlin28656 1
8662
1
sheshi_la_madrid28659 1
8678
1
rruga_des_lisbon28675 1
8689
1
rruga_lisbon28686 1
8690
1
square_madrid28687 1
8692
2
rue_le_rio8691 1
rruga_berlin28689 1
8693
1
square_les_moscow28690 1
8694
1
square_la_london18692 1
8696
1
buleva_des_moscow28693 1
8697
1
place_cairo8696 1
8699
1
rrethi_d'_madrid18697 1
8702
1
rrethi_les_rome18700 1
8704
1
rruga_lisbon18702 1
8705
1
avenue_la_madrid8704 1
8724
1
street_london8723 1
8725
2
place_des_rome18723 1
bulevardi_de_athens8724 1
8726
1
rue_newyork8725 1
8727
1
rrethi_des_lisbon18725 1
8741
1
place_des_beijing8740 1
8744
1
bulevardi_berlin28741 1
8746
1
place_lisbon18744 1
8748
1
street_newyork18746 1
8753
1
buleva_de_beijing18751 1
8755
1
rue_de_athens18753 1
8775
1
rue_cairo28772 1
8776
1
road_prishtina8775 1
8777
2
lane_les_prishtina18775 1
buleva_des_rio8776 1
8779
2
sheshi_le_newyork8778 1
rue_la_beijing18777 1
8782
1
place_d'_cairo28779 1
8785
1
rue_beijing28782 1
8790
1
bulevardi_les_beijing8789 1
8793
1
rrethi_paris28790 1
8802
1
rue_cairo28799 1
8810
1
lane_le_berlin8809 1
8851
1
road_lisbon18849 1
8854
1
bulevardi_lisbon28851 1
8856
1
sheshi_la_prishtina18854 1
8883
1
place_d'_lisbon18881 1
8888
1
bulevard_de_rio8887 1
8893
2
road_d'_lisbon18891 1
bulevardi_newyork28890 1
8894
1
street_moscow28891 1
8896
2
boulevard_la_prishtina8895 1
road_cairo28893 1
8919
1
place_lisbon28916 1
8920
1
place_la_rio8919 1
8923
1
rruga_cairo28920 1
8925
1
place_sydney18923 1
8928
1
bulevardi_de_lisbon28925 1
8931
1
sheshi_des_london28928 1
8933
1
buleva_berlin18931 1
8954
1
road_la_newyork8953 1
8956
1
road_beijing18954 1
8957
1
street_des_cairo8956 1
8959
1
bulevard_de_paris18957 1
8964
1
rue_madrid8963 1
8967
1
buleva_la_beijing28964 1
8970
1
rue_moscow28967 1
8975
1
rue_paris28972 1
8976
1
road_le_sydney8975 1
8977
1
rue_beijing8976 1
8978
1
road_paris8977 1
8979
1
boulevard_de_paris18977 1
8980
1
lane_beijing8979 1
8981
1
bulevard_paris18979 1
8982
1
road_le_cairo28979 1
8983
1
avenue_les_berlin18981 1
8984
1
lane_le_berlin18982 1
8985
1
rue_prishtina8984 1
8986
1
square_athens28983 1
8997
1
rue_newyork8996 1
8998
1
avenue_prishtina8997 1
9001
1
buleva_berlin28998 1
9002
1
bulevard_paris28999 1
9003
1
place_berlin19001 1
9004
1
place_newyork19002 1
9007
2
square_rome29004 1
rrethi_cairo9006 1
9010
1
square_rome29007 1
9011
1
boulevard_beijing9010 1
9012
1
buleva_les_rome19010 1
9014
1
avenue_la_rome29011 1
9015
1
place_sydney29012 1
9017
1
place_beijing9016 1
9020
1
road_de_tokyo29017 1
9022
1
avenue_les_athens19020 1
9023
1
lane_le_madrid9022 1
9024
1
lane_le_madrid19022 1
9026
1
street_des_lisbon29023 1
9027
2
square_la_athens19025 1
boulevard_des_berlin29024 1
9048
1
buleva_les_paris19046 1
9049
1
buleva_du_london9048 1
9051
1
bulevard_athens19049 1
9054
1
bulevard_paris19052 1
9069
1
lane_sydney9068 1
9071
1
bulevard_paris9070 1
9072
2
avenue_tokyo29069 1
bulevardi_athens9071 1
9074
1
square_des_madrid19072 1
9075
1
road_berlin9074 1
9078
1
avenue_la_tokyo29075 1
9098
1
boulevard_lisbon9097 1
9103
1
rruga_london9102 1
9105
1
rrethi_des_berlin19103 1
9107
1
buleva_berlin19105 1
9108
1
bulevardi_le_lisbon9107 1
9112
1
bulevardi_rome9111 1
9114
1
buleva_des_paris19112 1
9117
1
avenue_du_tokyo29114 1
9118
1
street_la_rome9117 1
9130
1
street_les_prishtina19128 1
9131
1
street_le_madrid9130 1
9147
1
rruga_la_berlin9146 1
9151
1
sheshi_les_lisbon19149 1
9152
1
bulevard_moscow9151 1
9156
1
rruga_tokyo29153 1
9157
1
buleva_du_paris9156 1
9158
1
road_des_sydney19156 1
9159
1
road_paris19157 1
9161
2
bulevard_de_athens19159 1
bulevardi_rio29158 1
9162
1
buleva_cairo9161 1
9164
1
place_london29161 1
9166
1
bulevard_sydney19164 1
9168
1
avenue_london19166 1
9169
1
lane_newyork9168 1
9170
1
buleva_du_cairo29167 1
9172
1
rrethi_paris19170 1
9173
1
road_newyork29170 1
9174
2
rue_tokyo9173 1
street_beijing19172 1
9177
1
buleva_tokyo29174 1
9193
1
rue_du_madrid29190 1
9194
1
place_moscow9193 1
9196
1
square_tokyo19194 1
9214
1
sheshi_berlin29211 1
9215
1
boulevard_cairo9214 1
9216
1
square_rome9215 1
9217
1
sheshi_d'_lisbon9216 1
9225
1
sheshi_prishtina9224 1
9227
2
boulevard_prishtina19225 1
sheshi_berlin9226 1
9228
2
bulevard_des_paris29225 1
square_d'_berlin9227 1
9230
2
street_du_beijing19228 1
road_de_lisbon29227 1
9231
1
boulevard_berlin9230 1
9232
1
avenue_newyork19230 1
9235
1
road_de_prishtina29232 1
9241
1
boulevard_newyork29238 1
9244
1
avenue_la_rio29241 1
9250
1
rue_du_athens29247 1
9252
1
square_le_rome9251 1
9253
2
bulevard_d'_newyork29250 1
boulevard_de_cairo9252 1
9254
1
bulevard_des_rome9253 1
9256
1
rruga_rio29253 1
9257
1
rrethi_rome29254 1
9258
1
place_de_rio19256 1
9275
1
avenue_lisbon29272 1
9276
1
bulevard_london9275 1
9277
1
rruga_cairo9276 1
9280
1
place_prishtina29277 1
9283
1
square_madrid29280 1
9286
1
bulevardi_cairo29283 1
9287
1
rue_moscow9286 1
9289
1
square_du_rome19287 1
9296
1
sheshi_madrid19294 1
9299
1
bulevardi_des_prishtina29296 1
9301
1
place_d'_newyork19299 1
9302
1
square_des_sydney9301 1
9304
1
bulevardi_de_madrid19302 1
9306
1
street_madrid29303 1
9321
1
bulevardi_le_rio19319 1
9324
1
buleva_de_newyork29321 1
9326
1
lane_rome19324 1
9327
1
avenue_d'_lisbon29324 1
9329
1
place_rome29326 1
9331
1
rruga_athens9330 1
9335
1
square_beijing9334 1
9338
1
lane_des_moscow29335 1
9341
1
rrethi_paris29338 1
9343
1
rruga_berlin19341 1
9345
1
rrethi_london19343 1
9355
1
buleva_des_prishtina9354 1
9356
1
sheshi_le_athens9355 1
9358
1
bulevard_du_sydney9357 1
9359
1
boulevard_moscow9358 1
9361
1
buleva_le_madrid19359 1
9362
1
buleva_la_prishtina9361 1
9364
1
rue_d'_paris19362 1
9370
1
sheshi_lisbon9369 1
9373
1
avenue_d'_athens29370 1
9376
1
square_le_paris29373 1
9377
1
avenue_lisbon9376 1
9380
1
bulevardi_d'_athens29377 1
9382
1
place_beijing19380 1
9383
1
street_tokyo9382 1
9389
1
rrethi_de_tokyo29386 1
9405
1
boulevard_sydney29402 1
9412
1
rrethi_les_lisbon9411 1
9414
1
road_sydney9413 1
9430
1
place_de_lisbon9429 1
9433
1
rruga_d'_cairo29430 1
9436
1
place_prishtina29433 1
9437
1
street_athens9436 1
9438
2
rrethi_cairo19436 1
rue_le_moscow9437 1
9439
1
rue_les_sydney9438 1
9440
1
street_des_madrid9439 1
9441
2
square_du_berlin29438 1
road_d'_rio9440 1
9443
1
rruga_de_prishtina19441 1
9444
1
rrethi_des_sydney29441 1
9450
1
sheshi_de_beijing9449 1
9451
2
place_cairo19449 1
bulevardi_lisbon9450 1
9454
1
square_madrid29451 1
9461
1
place_la_beijing29458 1
9463
1
rruga_le_newyork19461 1
9493
1
bulevardi_le_london29490 1
9495
1
rrethi_newyork29492 1
9497
1
buleva_tokyo19495 1
9504
1
square_beijing9503 1
9520
1
bulevardi_london29517 1
9521
1
buleva_athens9520 1
9522
1
bulevardi_de_prishtina9521 1
9524
2
bulevard_london29521 1
boulevard_moscow19522 1
9525
1
rruga_london9524 1
9526
1
road_athens9525 1
9542
1
street_des_rome29539 1
9544
1
avenue_tokyo19542 1
9546
1
boulevard_du_madrid19544 1
9547
2
place_de_paris29544 1
lane_des_prishtina9546 1
9548
1
buleva_des_rio9547 1
9556
1
street_madrid29553 1
9557
1
place_les_paris9556 1
9560
1
avenue_berlin29557 1
9574
1
bulevard_le_rio9573 1
9575
1
rruga_madrid19573 1
9577
1
sheshi_la_rome19575 1
9578
1
bulevardi_les_berlin9577 1
9579
1
street_berlin9578 1
9585
1
square_de_berlin29582 1
9587
1
bulevardi_d'_athens19585 1
9593
1
square_paris29590 1
9594
1
road_des_prishtina29591 1
9597
1
lane_d'_beijing29594 1
9601
1
buleva_london9600 1
9604
1
buleva_du_cairo29601 1
9605
1
sheshi_prishtina9604 1
9606
1
place_du_london9605 1
9616
1
road_de_lisbon29613 1
9619
1
rue_prishtina29616 1
9621
1
avenue_athens19619 1
9627
1
sheshi_tokyo19625 1
9630
1
square_cairo29627 1
9633
1
rue_du_moscow29630 1
9634
1
boulevard_le_lisbon9633 1
9639
1
lane_d'_cairo19637 1
9646
1
lane_les_prishtina19644 1
9649
1
sheshi_lisbon29646 1
9664
1
rruga_de_athens19662 1
9671
1
rue_moscow9670 1
9672
1
rue_beijing29669 1
9673
1
avenue_d'_tokyo19671 1
9674
1
rue_le_london9673 1
9677
1
lane_des_rome29674 1
9693
1
rrethi_le_moscow19691 1
9694
1
place_london9693 1
9709
1
lane_la_rio19707 1
9719
1
bulevard_tokyo29716 1
9720
1
rrethi_la_rio9719 1
9723
1
bulevard_les_cairo29720 1
9737
1
sheshi_london19735 1
9739
1
street_les_lisbon19737 1
9741
1
bulevard_rio19739 1
9743
2
street_madrid9742 1
bulevardi_beijing19741 1
9746
1
rrethi_les_newyork19744 1
9748
1
road_de_beijing19746 1
9751
1
boulevard_de_berlin29748 1
9752
2
rue_berlin29749 1
road_de_rio9751 1
9753
1
rruga_des_rio29750 1
9754
1
place_les_london29751 1
9755
1
lane_la_sydney29752 1
9758
1
place_london29755 1
9760
1
place_cairo19758 1
9767
1
avenue_rome29764 1
9773
1
place_athens29770 1
9791
1
boulevard_de_cairo19789 1
9794
1
road_moscow9793 1
9804
1
rue_les_london19802 1
9805
1
place_tokyo9804 1
9808
1
bulevard_d'_moscow29805 1
9861
1
lane_cairo29858 1
9874
1
rrethi_le_paris19872 1
9876
1
rrethi_paris19874 1
9880
1
boulevard_les_berlin19878 1
9882
1
bulevard_de_london9881 1
9887
1
rruga_les_athens29884 1
9891
1
sheshi_paris29888 1
9911
1
road_madrid29908 1
9922
2
square_madrid29919 1
place_de_lisbon9921 1
9923
1
road_beijing9922 1
9925
2
place_du_madrid29922 1
lane_la_london19923 1
9927
1
sheshi_le_rio19925 1
9933
1
bulevard_d'_athens29930 1
9935
1
buleva_les_tokyo19933 1
9937
1
rruga_le_lisbon19935 1
9938
1
avenue_le_moscow9937 1
9944
1
rruga_le_cairo29941 1
9945
1
rruga_la_tokyo9944 1
9946
1
avenue_lisbon29943 1
9947
1
sheshi_paris29944 1
9949
1
bulevardi_du_beijing29946 1
9950
1
bulevardi_sydney29947 1
9953
1
rue_prishtina9952 1
9954
1
bulevard_la_rio9953 1
9956
1
avenue_de_paris9955 1
9959
1
lane_des_rome19957 1
9961
1
rruga_la_newyork29958 1
9968
1
road_du_rio9967 1
9969
1
place_des_paris9968 1
9975
1
avenue_des_sydney9974 1
9983
1
street_madrid29980 1
9984
1
avenue_newyork9983 1
9986
1
avenue_du_rio29983 1
9989
2
bulevard_le_london9988 1
avenue_de_lisbon29986 1
9990
1
bulevard_de_madrid9989 1
9991
1
buleva_le_rome9990 1
9995
1
lane_des_london29992 1
9997
1
avenue_sydney19995 1
9999
1
boulevard_la_rio9998 1
