2286
2
1
road_des_tokyo11999 1
3
1
lane_les_moscow2 1
4
2
rrethi_les_berlin3 4
sheshi_sydney4002 1
6
1
place_d'_madrid4004 1
7
1
boulevard_madrid6 1
8
1
buleva_tokyo7 1
9
1
buleva_moscow8006 1
10
2
rrethi_prishtina8007 1
buleva_du_madrid4008 1
11
2
rrethi_des_rio10 1
lane_d'_sydney4009 1
12
1
boulevard_du_tokyo11 1
13
1
rruga_cairo8010 1
14
1
bulevard_des_sydney4012 1
15
2
lane_d'_madrid4013 1
buleva_london14 1
17
1
place_prishtina4015 1
19
1
avenue_athens4017 1
20
1
buleva_paris8017 1
21
1
rruga_beijing4019 1
22
1
rue_des_prishtina4020 1
23
1
rue_le_madrid4021 1
24
1
square_la_tokyo4022 1
25
1
rrethi_paris4023 1
26
1
avenue_berlin25 1
27
2
sheshi_la_rio8024 1
bulevardi_du_beijing26 3
28
1
rrethi_berlin27 1
29
1
rue_rome28 1
30
1
place_d'_prishtina8027 1
31
1
lane_les_tokyo4029 1
33
1
bulevardi_les_newyork4031 1
34
1
bulevardi_athens33 1
35
2
sheshi_sydney8032 1
rue_les_rio34 1
36
2
rruga_moscow35 1
boulevard_du_rome8033 1
37
1
buleva_de_cairo36 1
38
1
lane_berlin8035 1
39
2
bulevardi_moscow8036 1
rrethi_athens4037 1
40
2
square_du_athens4038 1
lane_des_paris39 1
41
1
lane_newyork40 1
42
1
bulevardi_les_sydney8039 1
43
2
place_berlin4041 1
rruga_des_athens42 1
44
1
bulevard_sydney43 1
46
1
rue_du_madrid8043 1
47
1
place_madrid8044 1
48
1
buleva_des_sydney4046 1
49
1
sheshi_madrid48 1
50
1
lane_rome8047 1
51
1
street_les_athens8048 1
52
2
bulevardi_athens8049 1
rue_de_newyork4050 1
53
2
boulevard_athens4051 1
road_du_sydney52 1
54
1
buleva_des_lisbon4052 1
55
1
street_du_paris54 1
56
1
avenue_lisbon8053 1
57
3
rrethi_moscow56 1
avenue_paris4055 1
boulevard_d'_sydney8054 1
58
1
square_madrid4056 1
59
1
rrethi_la_paris58 1
60
2
lane_athens59 1
lane_des_madrid8057 1
61
1
rruga_london60 1
63
1
rruga_lisbon4061 1
65
1
street_la_london4063 1
67
1
bulevard_les_london4065 1
69
1
boulevard_de_newyork4067 1
71
1
sheshi_moscow4069 1
72
1
rruga_de_sydney71 1
73
1
rruga_newyork72 1
78
1
square_paris77 1
79
1
buleva_rome78 1
81
1
rruga_les_rio4079 1
83
1
lane_berlin4081 1
84
1
square_berlin83 1
87
1
lane_berlin8084 1
88
1
lane_beijing87 1
89
1
sheshi_le_cairo8086 1
90
1
bulevard_sydney4088 1
91
1
rrethi_les_lisbon4089 1
93
2
sheshi_les_london8090 4
road_london4091 1
94
1
buleva_newyork93 1
95
1
place_de_madrid94 1
96
1
rruga_berlin95 1
97
1
street_athens8094 1
98
1
avenue_newyork4096 1
100
1
square_la_cairo8097 1
101
1
rruga_tokyo8098 1
104
1
rruga_d'_athens8101 1
107
1
rruga_tokyo8104 1
108
1
rue_d'_tokyo107 1
109
1
place_le_madrid108 1
110
1
rue_cairo109 1
147
1
bulevard_le_madrid4145 1
150
1
rrethi_les_beijing8147 1
152
2
place_les_sydney8149 1
rue_la_madrid4150 1
153
1
street_le_newyork152 1
155
1
rrethi_le_london8152 1
156
2
buleva_du_beijing8153 1
buleva_le_madrid155 1
157
1
street_de_rome156 1
159
1
place_athens8156 1
160
1
square_d'_beijing8157 1
161
1
rruga_d'_newyork4159 1
162
1
road_beijing161 1
163
1
boulevard_la_prishtina8160 1
164
1
boulevard_d'_rio4162 1
166
1
avenue_de_moscow8163 1
167
1
rruga_du_sydney8164 1
169
2
street_d'_cairo4167 1
bulevardi_prishtina8166 1
170
1
rue_london169 1
171
1
road_paris170 1
172
1
road_d'_london4170 1
173
1
place_athens172 1
174
1
rue_les_athens8171 1
176
1
road_madrid8173 1
177
1
bulevard_athens8174 1
179
2
place_cairo4177 1
road_beijing8176 1
180
1
road_du_london179 1
182
1
lane_cairo4180 1
184
1
rue_d'_tokyo4182 1
188
1
buleva_rio8185 1
190
1
place_madrid4188 1
192
1
street_le_berlin4190 1
193
1
street_prishtina192 1
196
1
buleva_paris8193 1
197
1
rue_moscow196 1
199
1
rue_la_newyork4197 1
201
1
rruga_les_madrid4199 1
202
1
bulevardi_la_rome201 1
224
1
road_le_paris4222 1
225
1
boulevard_cairo224 1
228
1
lane_d'_athens8225 1
229
1
rruga_de_lisbon228 1
230
1
rrethi_lisbon229 1
231
1
place_d'_newyork230 1
234
1
road_du_beijing8231 1
237
1
boulevard_rome8234 1
238
1
avenue_london237 1
239
2
lane_des_rome4237 1
lane_rome238 1
240
2
buleva_d'_athens4238 1
bulevard_madrid239 1
241
1
lane_du_moscow240 1
243
2
boulevard_des_moscow8240 2
place_le_athens4241 1
244
2
rruga_d'_moscow243 1
lane_rome8241 1
245
1
avenue_athens244 1
246
1
lane_beijing4244 1
247
1
boulevard_d'_cairo4245 1
248
2
road_cairo247 1
place_les_rome8245 1
250
1
lane_des_london4248 1
251
1
boulevard_tokyo8248 1
252
2
bulevardi_cairo4250 1
buleva_cairo251 1
253
1
buleva_d'_sydney252 1
254
1
boulevard_prishtina253 1
255
1
bulevard_sydney8252 1
257
2
rruga_rio4255 1
lane_cairo8254 1
259
1
place_moscow4257 1
260
1
square_rio8257 1
261
1
rrethi_la_lisbon260 1
303
1
rruga_de_berlin8300 1
304
1
street_du_sydney303 1
306
1
bulevardi_du_beijing4304 1
308
1
boulevard_des_sydney4306 1
309
1
lane_le_prishtina308 1
310
1
avenue_rio309 1
311
1
rrethi_cairo310 1
312
2
avenue_la_newyork8309 1
buleva_du_moscow311 1
313
1
road_sydney312 1
314
1
bulevard_paris4312 1
315
2
bulevard_d'_tokyo314 1
avenue_la_sydney4313 1
316
1
place_newyork315 1
318
2
road_cairo8315 1
rruga_de_rome4316 1
319
2
avenue_du_berlin318 1
sheshi_des_cairo8316 1
320
1
lane_prishtina4318 1
321
3
lane_tokyo8318 1
rue_la_newyork320 1
rue_sydney4319 1
322
1
bulevard_sydney321 1
323
2
road_des_london4321 1
rue_beijing322 1
324
2
sheshi_madrid323 2
buleva_des_paris8321 1
325
2
sheshi_la_beijing8322 1
avenue_d'_newyork324 1
327
1
street_tokyo8324 1
328
2
place_des_lisbon8325 1
road_london327 1
329
1
buleva_prishtina328 1
330
2
rruga_d'_berlin329 1
sheshi_du_berlin4328 1
331
1
square_london330 1
332
2
buleva_de_cairo8329 1
rruga_d'_rome331 1
333
1
rrethi_des_prishtina8330 1
334
1
sheshi_athens4332 1
335
1
rruga_des_london8332 1
336
1
buleva_de_rio335 1
339
2
lane_tokyo4337 1
avenue_rio8336 1
340
1
square_du_rio339 1
341
2
place_le_cairo340 1
buleva_moscow4339 1
344
1
street_du_madrid8341 1
345
1
rruga_cairo8342 1
346
1
buleva_le_madrid4344 1
347
1
sheshi_de_prishtina8344 1
348
3
sheshi_madrid347 1
place_de_rome8345 1
street_berlin4346 1
349
2
buleva_le_beijing4347 1
square_cairo348 1
350
2
square_lisbon349 1
lane_berlin4348 1
352
1
lane_rome8349 1
353
1
boulevard_le_rio8350 1
354
2
rruga_des_paris4352 1
avenue_du_beijing353 1
355
3
buleva_berlin8352 1
sheshi_madrid354 3
bulevardi_london4353 1
356
3
bulevard_london355 1
boulevard_la_berlin4354 1
rruga_athens8353 1
357
1
square_de_tokyo356 1
358
3
rruga_du_berlin357 1
bulevard_la_madrid8355 1
road_d'_madrid4356 1
359
1
avenue_london4357 1
360
1
avenue_les_rio4358 1
361
3
road_madrid360 6
lane_london8358 1
buleva_berlin4359 1
362
1
rue_les_berlin361 1
363
3
avenue_london362 1
square_madrid4361 1
sheshi_sydney8360 1
364
2
place_la_sydney4362 1
bulevardi_prishtina363 1
365
1
rrethi_prishtina4363 1
366
2
square_moscow8363 1
rruga_prishtina4364 1
367
2
boulevard_paris366 1
rruga_moscow8364 1
368
1
boulevard_la_london8365 1
369
1
place_de_newyork8366 1
370
1
sheshi_lisbon8367 1
371
2
rrethi_de_cairo8368 1
street_le_rome370 1
372
2
sheshi_paris371 1
street_du_moscow8369 1
373
1
road_les_tokyo372 1
375
2
sheshi_de_lisbon8372 1
rue_d'_madrid4373 1
376
1
avenue_les_london8373 1
377
2
square_athens8374 1
place_berlin376 1
378
1
lane_rio8375 1
379
1
avenue_d'_rome4377 1
380
2
avenue_d'_paris379 1
road_de_moscow8377 1
381
3
rue_d'_moscow4379 1
bulevard_d'_london8378 1
rrethi_london380 1
382
2
bulevardi_lisbon4380 1
rrethi_tokyo381 4
383
3
place_de_lisbon8380 1
place_rome4381 1
sheshi_le_tokyo382 4
384
2
avenue_le_tokyo4382 2
avenue_du_moscow383 1
385
1
bulevard_madrid384 1
386
2
rruga_rome385 1
road_d'_paris8383 1
387
1
sheshi_moscow386 1
388
1
buleva_le_lisbon8385 1
389
1
bulevard_du_prishtina4387 1
390
2
lane_tokyo4388 1
rrethi_sydney8387 1
391
1
boulevard_la_rio4389 1
392
1
sheshi_beijing4390 1
394
2
rue_london4392 1
street_rome8391 1
395
1
sheshi_la_athens8392 1
396
1
bulevard_beijing4394 1
397
1
boulevard_madrid4395 1
399
1
avenue_paris8396 1
400
2
buleva_prishtina399 3
square_cairo8397 1
402
1
place_newyork4400 1
403
1
rrethi_d'_sydney8400 1
404
1
place_les_sydney403 1
405
1
rrethi_la_madrid8402 1
406
1
bulevardi_d'_lisbon4404 1
408
2
street_lisbon4406 1
buleva_du_sydney8405 4
409
1
road_la_rio408 1
410
1
place_lisbon409 1
411
2
boulevard_madrid8408 1
square_berlin410 1
413
1
buleva_d'_rome4411 1
414
1
boulevard_la_madrid413 1
415
1
buleva_rio414 1
416
1
lane_le_rome8413 1
417
1
square_la_prishtina4415 1
419
2
bulevard_de_rome4417 1
sheshi_newyork8416 1
420
1
bulevardi_de_rio419 1
422
1
lane_sydney4420 1
425
1
lane_du_prishtina8422 1
426
1
rruga_london425 1
428
1
road_sydney4426 1
430
1
bulevard_lisbon4428 1
437
1
rrethi_prishtina436 1
440
1
rrethi_tokyo8437 1
443
2
avenue_de_tokyo4441 1
sheshi_la_lisbon8440 1
444
1
bulevard_la_moscow443 1
446
1
bulevardi_cairo8443 1
447
1
lane_newyork8444 1
448
2
place_les_rio447 1
sheshi_tokyo4446 1
449
1
bulevard_prishtina448 1
450
1
lane_beijing449 1
451
2
road_le_newyork8448 1
avenue_moscow450 1
452
1
rruga_la_tokyo451 1
453
1
road_de_paris8450 1
454
1
sheshi_rio4452 1
455
1
avenue_de_rio8452 1
456
2
rruga_beijing8453 1
street_lisbon4454 1
457
1
bulevardi_les_tokyo4455 1
458
2
road_la_cairo457 1
sheshi_la_prishtina4456 1
459
1
bulevardi_d'_lisbon8456 1
460
3
lane_du_newyork8457 1
rue_prishtina459 1
buleva_des_athens4458 1
461
1
square_lisbon460 1
462
1
road_paris4460 1
463
2
rruga_les_madrid4461 1
place_la_athens8460 1
464
1
bulevard_de_moscow4462 1
465
3
rruga_de_lisbon8462 1
street_du_newyork4463 1
lane_de_cairo464 1
466
3
square_moscow465 1
rrethi_rome8463 1
boulevard_la_athens4464 1
467
1
rruga_d'_berlin466 1
468
3
rruga_london467 1
square_athens8465 1
rruga_sydney4466 1
469
2
square_berlin8466 1
rrethi_prishtina468 1
470
1
street_les_moscow469 1
471
3
street_le_cairo4469 1
bulevardi_moscow470 1
road_moscow8468 1
472
2
place_le_beijing4470 1
rruga_athens471 1
473
1
bulevard_d'_paris4471 1
474
2
bulevard_berlin8471 1
lane_london4472 1
475
1
bulevardi_les_tokyo474 1
476
3
place_du_berlin4474 1
rruga_des_prishtina8473 1
place_cairo475 1
477
2
avenue_lisbon476 1
avenue_le_london8474 1
478
1
bulevard_rome477 1
479
2
rrethi_de_sydney4477 1
avenue_athens8476 1
480
2
square_sydney479 1
square_les_lisbon8477 1
481
1
rue_de_prishtina480 1
482
1
avenue_les_madrid8479 1
483
1
bulevard_tokyo8480 1
484
1
square_les_rome8481 1
486
1
boulevard_sydney8483 1
489
2
buleva_london4487 1
rrethi_la_sydney8486 4
490
1
square_paris489 1
492
1
boulevard_des_prishtina8489 1
495
1
sheshi_rio8492 1
497
1
avenue_de_athens4495 1
499
1
rrethi_de_cairo4497 1
501
2
place_madrid4499 1
sheshi_des_rome8498 1
502
1
rrethi_d'_paris501 1
503
1
rue_des_beijing502 1
505
1
bulevardi_de_paris8502 1
506
3
street_du_beijing505 1
boulevard_london4504 1
rrethi_rome8503 1
507
1
sheshi_berlin4505 1
508
1
buleva_tokyo4506 1
509
2
square_lisbon4507 1
rue_cairo508 1
510
1
bulevard_du_moscow8507 1
511
1
rue_du_berlin4509 1
512
2
road_cairo511 1
place_rio8509 1
513
1
place_des_rio8510 1
514
1
buleva_des_london4512 1
515
2
boulevard_tokyo8512 1
square_london514 1
516
2
bulevard_beijing8513 1
bulevard_le_moscow515 1
517
3
bulevard_les_cairo8514 1
rue_la_paris516 1
place_de_athens4515 3
519
1
rruga_newyork4517 1
520
2
square_des_lisbon519 1
rrethi_du_moscow8517 3
521
1
rrethi_beijing520 1
522
1
lane_des_prishtina4520 1
523
2
avenue_le_sydney4521 1
buleva_athens8520 1
525
2
rrethi_london8522 1
rruga_cairo4523 1
526
1
street_lisbon8523 1
527
1
rue_les_tokyo4525 1
528
1
buleva_la_tokyo4526 1
530
1
buleva_des_lisbon8527 1
532
1
rue_d'_sydney4530 1
533
1
buleva_du_beijing8530 1
535
1
buleva_moscow8532 1
536
2
boulevard_cairo535 2
rruga_lisbon8533 1
538
1
buleva_les_tokyo4536 1
540
1
rue_le_cairo4538 1
543
1
square_sydney8540 1
545
1
place_le_berlin4543 1
546
1
place_du_paris545 1
548
1
rrethi_beijing4546 1
549
1
boulevard_des_cairo548 1
551
1
rue_sydney4549 1
552
1
sheshi_athens8549 1
553
2
boulevard_beijing552 1
boulevard_london4551 1
554
1
lane_lisbon553 1
556
2
lane_le_newyork8553 1
rrethi_de_rio4554 1
558
1
bulevard_beijing4556 1
559
1
avenue_london8556 1
560
1
square_sydney4558 1
561
1
bulevardi_d'_berlin4559 1
563
2
buleva_le_sydney8560 1
rruga_de_athens4561 1
565
1
road_de_lisbon4563 1
566
1
place_le_paris8563 1
568
1
avenue_tokyo8565 1
571
1
sheshi_des_newyork8568 1
574
1
rruga_rome8571 1
576
1
avenue_les_newyork4574 1
579
1
road_lisbon8576 1
580
1
sheshi_cairo579 1
619
1
buleva_paris618 1
620
1
bulevardi_sydney619 1
622
1
lane_sydney4620 1
624
1
bulevardi_les_beijing4622 1
627
1
rrethi_des_beijing8624 1
629
1
rue_d'_newyork4627 1
631
1
rue_sydney4629 1
632
1
bulevardi_tokyo631 1
635
1
avenue_des_lisbon8632 1
638
1
square_prishtina8635 1
641
1
bulevardi_le_tokyo8638 1
642
1
bulevardi_madrid641 1
644
1
road_le_newyork4642 1
647
1
street_athens8644 1
649
1
buleva_sydney4647 1
650
1
road_les_berlin8647 1
653
1
bulevardi_newyork8650 1
656
1
bulevard_berlin8653 1
659
1
sheshi_de_beijing8656 1
661
1
rue_du_madrid4659 1
664
1
sheshi_cairo8661 1
665
1
lane_rome664 1
666
1
sheshi_du_tokyo665 1
668
1
sheshi_london4666 1
671
1
place_london8668 1
672
1
rruga_d'_moscow671 1
674
1
buleva_rio4672 1
685
1
sheshi_du_prishtina8682 1
687
1
bulevard_tokyo4685 1
689
1
road_des_rio4687 1
690
2
bulevard_tokyo8687 1
road_cairo689 1
692
1
buleva_rome4690 1
694
1
sheshi_d'_berlin4692 1
695
1
square_tokyo694 1
696
1
sheshi_moscow695 1
697
2
boulevard_newyork8694 1
square_la_sydney696 1
699
1
bulevard_des_london4697 1
700
1
street_madrid8697 1
701
2
street_cairo700 1
bulevard_moscow4699 3
703
1
rruga_moscow4701 1
704
1
sheshi_tokyo703 1
705
1
street_tokyo704 1
706
1
buleva_des_athens8703 1
708
1
bulevardi_moscow8705 1
709
1
street_london8706 1
710
1
lane_moscow4708 1
712
1
rue_athens8709 1
713
1
bulevard_moscow8710 1
714
1
rue_de_rome4712 1
716
1
rruga_de_london4714 1
739
1
rue_la_sydney738 1
740
1
road_les_cairo739 1
741
1
street_du_rome740 1
743
1
rrethi_sydney4741 1
744
1
place_d'_berlin8741 1
745
1
rruga_de_tokyo744 1
746
2
rruga_beijing745 1
sheshi_berlin8743 1
747
1
avenue_sydney746 1
748
1
rue_du_rome8745 1
749
2
rue_le_sydney748 2
rrethi_des_prishtina8746 1
750
2
bulevard_london8747 1
place_moscow749 1
751
2
place_sydney750 1
lane_cairo4749 1
752
1
rruga_london4750 1
753
2
buleva_le_cairo8750 1
rruga_de_lisbon4751 1
754
2
square_paris8751 2
street_la_sydney753 1
755
3
street_le_lisbon4753 1
sheshi_le_lisbon754 1
bulevardi_le_cairo8752 1
756
2
buleva_du_london4754 1
boulevard_de_madrid755 1
757
3
rue_les_madrid756 1
rrethi_paris8754 2
rue_des_cairo4755 1
758
3
road_london4756 1
street_moscow8755 1
lane_d'_athens757 1
760
2
avenue_le_rome8757 1
bulevard_berlin4758 1
761
2
place_beijing760 1
bulevard_des_madrid8758 1
762
2
square_la_cairo761 2
road_les_madrid4760 1
763
1
street_le_madrid4761 1
764
1
bulevardi_les_london4762 1
765
1
lane_madrid8762 1
766
1
rruga_london765 1
767
1
street_de_paris766 1
768
1
rruga_sydney8765 1
769
2
rue_cairo8766 1
boulevard_d'_london4767 1
770
3
rruga_beijing4768 1
square_la_prishtina8767 1
bulevardi_beijing769 1
771
1
square_du_london770 1
772
2
buleva_la_beijing771 1
place_rio4770 1
773
1
bulevardi_d'_rio8770 1
774
1
buleva_de_athens4772 1
775
2
sheshi_le_rome774 1
lane_d'_prishtina4773 1
776
2
lane_le_tokyo775 1
boulevard_de_athens4774 1
777
1
boulevard_london776 1
778
1
rue_newyork4776 1
779
2
rrethi_les_rome8776 1
buleva_les_athens4777 1
780
1
avenue_des_london779 1
781
1
avenue_le_tokyo8778 1
783
2
sheshi_cairo4781 1
place_london8780 1
784
1
street_sydney783 1
785
1
rue_lisbon4783 1
786
1
rue_tokyo785 1
787
1
bulevardi_des_paris8784 1
788
1
place_du_newyork787 1
789
1
lane_berlin8786 1
791
1
bulevardi_cairo8788 1
792
2
lane_berlin8789 1
street_rio791 1
793
1
buleva_cairo792 1
819
1
rruga_sydney818 1
820
1
bulevardi_d'_rio819 1
823
1
rruga_du_lisbon8820 1
826
1
rruga_rio8823 1
828
1
sheshi_les_athens4826 1
829
1
rrethi_du_newyork828 1
830
1
lane_les_paris829 1
833
1
rue_des_lisbon8830 1
834
1
place_paris833 1
836
1
place_cairo4834 1
838
1
road_newyork4836 1
839
1
rruga_les_moscow838 1
841
1
rruga_tokyo4839 1
843
1
bulevard_tokyo4841 1
846
1
lane_la_beijing845 1
848
1
rruga_lisbon4846 1
851
1
square_du_london8848 1
852
1
sheshi_de_prishtina851 1
853
1
boulevard_london852 1
854
1
place_athens853 1
856
1
place_les_lisbon4854 1
859
1
place_la_moscow8856 1
860
1
place_madrid859 1
863
1
bulevard_de_berlin8860 1
867
1
buleva_d'_prishtina866 1
870
1
buleva_berlin8867 1
872
1
lane_rio4870 1
873
1
street_des_athens872 1
874
1
buleva_athens873 1
877
2
road_paris4875 1
boulevard_madrid8874 1
879
1
bulevard_madrid4877 1
881
1
bulevardi_les_rome4879 1
882
2
avenue_newyork8879 1
rrethi_la_berlin881 1
883
1
lane_la_prishtina882 1
884
1
rruga_d'_paris4882 1
885
2
square_des_moscow4883 1
street_des_berlin884 1
887
1
street_des_berlin4885 1
889
1
road_d'_prishtina4887 1
890
1
boulevard_le_rio889 1
893
1
place_le_paris8890 1
896
1
place_les_berlin8893 1
899
1
rue_sydney8896 1
901
1
street_des_newyork4899 1
904
3
rue_la_rome4902 1
sheshi_london903 1
bulevardi_london8901 1
906
1
boulevard_les_lisbon4904 1
907
1
street_sydney8904 1
908
1
rue_le_rome4906 1
909
1
rue_paris4907 1
911
1
bulevardi_des_newyork8908 1
914
1
place_d'_beijing8911 1
915
1
bulevard_rio914 1
918
1
square_des_moscow8915 1
920
1
road_madrid4918 1
922
1
bulevardi_tokyo4920 1
923
1
street_la_moscow922 1
924
1
road_de_sydney923 1
925
2
sheshi_rio8922 1
rue_paris924 1
927
1
rruga_de_newyork4925 1
928
1
rrethi_berlin8925 1
929
1
bulevard_lisbon4927 1
931
1
place_paris4929 1
932
1
road_madrid931 1
934
1
sheshi_le_lisbon4932 1
936
1
buleva_du_rome4934 1
937
1
boulevard_des_prishtina936 1
939
1
avenue_du_cairo4937 1
941
1
avenue_les_lisbon4939 1
942
1
rrethi_les_paris941 1
944
1
road_d'_sydney4942 1
946
1
lane_de_tokyo945 1
947
1
avenue_berlin946 1
949
1
avenue_sydney4947 1
951
1
lane_lisbon4949 1
952
2
sheshi_paris8949 1
rue_paris951 1
954
1
road_berlin4952 1
955
2
sheshi_du_sydney954 1
rue_les_cairo8952 1
956
2
bulevard_newyork4954 1
rruga_la_beijing955 1
957
1
road_beijing956 1
958
1
road_cairo8955 1
959
2
bulevard_la_paris4957 1
bulevard_berlin8956 1
961
2
buleva_de_prishtina8958 1
avenue_athens4959 1
963
1
rruga_beijing4961 1
965
1
square_du_prishtina4963 1
966
1
rue_sydney8963 1
968
1
place_le_rome8965 1
969
1
road_moscow8966 1
970
2
bulevard_tokyo969 1
rue_des_paris4968 1
971
1
bulevard_beijing970 1
972
3
street_la_tokyo971 1
bulevard_beijing4970 1
buleva_madrid8969 1
973
2
street_de_berlin8970 1
bulevard_cairo972 1
974
2
buleva_d'_athens973 1
rue_athens4972 1
975
1
rruga_sydney8972 1
976
2
boulevard_d'_athens4974 1
rrethi_le_athens8973 1
977
2
bulevard_la_rio4975 1
square_athens8974 2
978
1
rrethi_madrid977 1
979
1
boulevard_moscow8976 1
980
1
sheshi_des_london979 1
982
2
boulevard_cairo8979 1
bulevardi_d'_athens4980 1
984
1
street_les_rio4982 1
985
1
lane_london8982 1
987
2
place_sydney4985 1
buleva_les_paris8984 1
990
1
avenue_du_london8987 1
991
1
place_rome990 1
992
2
rrethi_athens4990 1
street_moscow991 4
993
1
bulevard_la_moscow992 1
1023
1
lane_la_paris9020 1
1025
1
lane_beijing5023 1
1028
1
avenue_berlin9025 1
1030
1
square_lisbon5028 1
1033
1
bulevardi_paris9030 1
1035
1
rue_prishtina5033 1
1038
1
place_des_tokyo9035 1
1040
1
square_cairo5038 1
1041
1
lane_london1040 1
1044
1
bulevard_des_sydney9041 1
1046
1
buleva_du_berlin5044 1
1049
1
buleva_rio1048 1
1050
1
lane_moscow5048 1
1052
1
buleva_de_paris9049 1
1053
1
boulevard_tokyo9050 1
1055
2
sheshi_de_lisbon5053 1
rruga_du_prishtina9052 1
1058
1
bulevard_athens9055 1
1060
1
street_d'_paris5058 1
1061
1
square_tokyo9058 1
1062
1
rue_les_lisbon5060 1
1063
1
rrethi_la_rio5061 1
1064
2
bulevardi_athens5062 1
place_madrid1063 1
1066
1
buleva_tokyo5064 1
1067
1
lane_de_sydney9064 1
1069
2
lane_prishtina9066 1
street_sydney5067 1
1072
1
rue_berlin9069 1
1074
1
lane_la_beijing5072 1
1076
1
lane_de_rome5074 1
1079
1
street_le_moscow9076 1
1080
1
boulevard_prishtina1079 1
1082
1
bulevardi_moscow5080 1
1084
1
rue_berlin5082 1
1087
1
rue_cairo9084 1
1089
1
rrethi_athens5087 1
1090
1
boulevard_moscow1089 1
1093
1
rue_la_tokyo9090 1
1096
1
street_les_paris9093 1
1098
1
square_le_cairo5096 1
1100
1
street_prishtina5098 1
1103
1
rue_des_beijing9100 1
1104
1
boulevard_du_cairo1103 1
1107
1
buleva_les_moscow9104 1
1108
1
lane_de_moscow1107 1
1109
1
square_de_paris1108 1
1110
1
road_la_prishtina1109 1
1111
1
rrethi_du_cairo1110 1
1113
1
buleva_newyork5111 1
1115
1
rrethi_berlin5113 1
1118
1
road_la_rome9115 1
1120
1
street_le_athens5118 1
1123
1
place_du_berlin9120 1
1125
1
bulevardi_lisbon1124 1
1126
1
place_cairo9123 1
1127
1
bulevard_cairo1126 1
1128
1
rruga_d'_newyork9125 1
1129
2
buleva_la_moscow5127 1
rrethi_rio1128 1
1130
1
bulevard_berlin1129 1
1131
1
lane_d'_cairo1130 1
1132
1
rruga_des_rio9129 1
1133
1
rue_newyork5131 1
1134
2
sheshi_moscow5132 1
sheshi_rome1133 1
1135
1
lane_de_rome1134 1
1138
2
square_newyork5136 1
street_paris9135 1
1140
1
road_le_tokyo5138 1
1141
2
rruga_paris9138 1
sheshi_du_berlin1140 1
1143
1
bulevard_moscow5141 1
1144
1
rruga_des_cairo9141 1
1146
1
boulevard_de_moscow9143 1
1149
1
bulevardi_d'_london9146 1
1151
1
bulevardi_la_berlin5149 1
1154
1
avenue_madrid9151 1
1156
1
street_rome5154 1
1159
1
square_du_moscow9156 1
1160
1
rrethi_de_tokyo1159 1
1162
1
buleva_des_paris5160 1
1165
1
boulevard_paris9162 1
1168
1
rue_les_prishtina9165 1
1169
1
place_les_london1168 1
1170
3
square_le_rio1169 1
street_moscow9167 1
bulevard_de_berlin5168 1
1173
1
buleva_lisbon9170 1
1175
1
square_rio5173 1
1177
1
rruga_de_sydney9174 1
1178
1
sheshi_de_moscow1177 1
1181
1
bulevard_newyork9178 1
1183
1
road_la_madrid5181 1
1185
1
rrethi_des_london1184 1
1186
1
bulevard_des_madrid9183 1
1187
1
sheshi_tokyo5185 1
1188
1
lane_moscow5186 1
1189
1
buleva_madrid5187 1
1190
1
rruga_la_london1189 1
1191
1
road_de_prishtina9188 1
1192
1
avenue_la_athens1191 1
1193
1
boulevard_le_beijing9190 1
1195
1
sheshi_rome9192 1
1196
1
road_d'_london9193 1
1197
1
square_de_athens1196 1
1198
2
rue_berlin1197 1
sheshi_newyork9195 1
1200
1
buleva_de_newyork5198 1
1202
1
bulevard_le_lisbon5200 1
1203
1
bulevardi_rio9200 1
1204
1
bulevardi_newyork1203 1
1205
1
boulevard_beijing9202 1
1207
1
sheshi_sydney9204 1
1208
1
street_de_berlin9205 1
1210
1
boulevard_la_cairo9207 1
1212
1
boulevard_les_newyork5210 1
1213
1
buleva_les_sydney9210 1
1214
1
square_de_madrid1213 1
1215
1
rue_rio9212 1
1216
1
square_berlin1215 1
1217
1
rue_london9214 1
1218
1
rruga_newyork1217 1
1219
1
buleva_rio9216 1
1220
1
rue_les_rio5218 1
1222
2
road_paris5220 1
buleva_d'_rio9219 1
1223
1
square_paris9220 1
1225
2
place_rome5223 1
bulevardi_sydney9222 1
1226
1
street_d'_prishtina1225 1
1227
1
bulevard_rio5225 1
1228
2
rruga_paris5226 1
rrethi_des_cairo9225 1
1229
1
street_rome1228 1
1230
3
sheshi_london5228 1
bulevardi_de_moscow1229 1
lane_lisbon9227 1
1232
1
avenue_madrid5230 1
1233
1
bulevard_du_tokyo9230 1
1234
2
sheshi_le_cairo1233 1
rruga_d'_newyork5232 1
1235
1
buleva_beijing1234 1
1236
1
rue_cairo1235 1
1237
2
rrethi_beijing1236 1
sheshi_les_newyork9234 1
1238
2
bulevardi_london9235 1
square_des_madrid1237 2
1239
2
lane_beijing1238 1
avenue_sydney5237 1
1240
1
street_london1239 1
1241
1
square_madrid5239 1
1242
1
lane_de_lisbon5240 1
1243
2
bulevardi_newyork9240 1
square_paris5241 1
1244
1
buleva_paris5242 1
1246
1
bulevard_de_rome9243 1
1247
1
avenue_rio9244 1
1248
2
rruga_la_prishtina1247 1
road_du_beijing5246 1
1249
3
bulevard_berlin5247 1
square_la_beijing9246 4
buleva_des_moscow1248 1
1250
2
road_des_beijing1249 1
buleva_des_madrid5248 1
1251
2
place_prishtina1250 1
rue_la_beijing5249 2
1252
3
rruga_newyork5250 1
road_moscow9249 1
avenue_des_madrid1251 1
1253
1
place_madrid1252 1
1254
1
sheshi_la_moscow5252 1
1255
1
place_la_sydney5253 1
1256
2
place_berlin5254 2
bulevard_des_london1255 1
1257
1
boulevard_athens1256 1
1259
1
rrethi_de_beijing5257 1
1260
1
street_les_rome1259 1
1261
1
lane_la_newyork5259 1
1263
1
bulevard_des_berlin5261 1
1264
1
lane_des_prishtina9261 1
1265
2
bulevardi_le_tokyo5263 1
sheshi_d'_rome1264 1
1267
1
road_des_lisbon5265 1
1268
1
rue_d'_paris9265 1
1270
1
buleva_berlin9267 1
1271
2
bulevard_du_paris9268 1
rue_sydney1270 1
1272
1
lane_rio1271 1
1273
1
rruga_rome1272 1
1274
2
lane_les_lisbon1273 1
rrethi_newyork9271 4
1276
1
buleva_rio5274 1
1277
1
rue_tokyo1276 1
1280
1
bulevard_le_rome9277 1
1283
1
rruga_beijing9280 1
1285
1
bulevard_moscow5283 1
1286
2
road_les_madrid1285 1
road_d'_cairo9283 1
1288
2
square_le_madrid1287 1
bulevardi_moscow5286 1
1289
2
rruga_de_moscow1288 1
sheshi_moscow9286 1
1290
1
square_de_prishtina5288 1
1291
2
bulevardi_moscow5289 1
sheshi_tokyo1290 1
1292
1
boulevard_paris9289 1
1293
2
street_des_berlin5291 1
rue_berlin1292 1
1294
2
rruga_paris9291 1
sheshi_de_moscow1293 1
1295
2
rue_du_rome1294 1
avenue_tokyo5293 1
1296
1
rrethi_la_paris1295 1
1298
1
place_les_sydney5296 1
1299
1
street_madrid9296 1
1300
1
rrethi_des_london5298 1
1302
1
bulevardi_lisbon5300 1
1303
1
road_tokyo1302 1
1305
1
rue_paris5303 1
1308
1
avenue_cairo9305 1
1309
1
rruga_sydney1308 1
1326
1
bulevard_athens5324 1
1327
1
place_athens1326 1
1329
1
place_du_lisbon5327 1
1330
1
sheshi_lisbon1329 1
1332
1
boulevard_de_beijing5330 1
1333
2
avenue_les_london9330 1
bulevardi_du_cairo1332 1
1334
1
rue_berlin1333 1
1335
3
boulevard_prishtina5333 1
rruga_cairo1334 1
lane_la_newyork9332 1
1337
1
road_lisbon9334 1
1338
1
bulevard_newyork9335 1
1339
1
bulevard_tokyo5337 1
1340
1
street_la_tokyo5338 1
1341
3
rruga_cairo1340 1
lane_london9338 1
lane_beijing5339 1
1342
1
bulevardi_la_moscow1341 1
1343
2
rruga_les_beijing1342 1
bulevardi_les_paris5341 1
1344
1
buleva_rome1343 1
1345
2
square_prishtina5343 1
lane_moscow9342 1
1346
1
buleva_de_tokyo1345 1
1347
1
rue_la_newyork9344 1
1348
2
road_le_newyork5346 1
rruga_le_prishtina1347 1
1349
1
avenue_paris1348 1
1350
2
rrethi_les_cairo9347 1
bulevardi_lisbon5348 1
1351
1
rrethi_tokyo5349 1
1352
1
buleva_sydney5350 1
1353
1
avenue_paris9350 1
1354
1
boulevard_rome9351 1
1355
3
lane_rio5353 1
lane_de_tokyo9352 1
road_les_london1354 1
1356
2
road_tokyo9353 1
street_newyork1355 1
1357
1
buleva_le_madrid5355 1
1359
2
boulevard_le_beijing9356 1
street_rio5357 1
1361
1
street_la_rio5359 1
1362
1
lane_prishtina9359 1
1364
1
street_les_tokyo9361 1
1365
2
road_les_cairo1364 1
bulevardi_de_berlin9362 1
1368
1
rrethi_d'_cairo9365 1
1369
1
buleva_berlin1368 1
1372
1
rrethi_moscow9369 1
1378
1
rruga_d'_madrid5376 1
1380
1
bulevardi_cairo5378 1
1383
1
avenue_le_sydney9380 1
1386
1
rue_london9383 1
1388
1
sheshi_rio5386 1
1389
1
place_beijing1388 1
1391
1
avenue_du_berlin5389 1
1393
1
square_berlin5391 1
1395
1
square_de_beijing5393 1
1397
1
avenue_athens5395 1
1399
1
rruga_la_tokyo5397 1
1401
1
road_moscow5399 1
1402
1
buleva_berlin1401 1
1408
1
lane_le_lisbon5406 1
1411
1
rruga_la_lisbon9408 1
1413
1
buleva_les_cairo5411 1
1414
1
rruga_d'_athens1413 1
1417
1
sheshi_sydney9414 1
1418
1
lane_madrid1417 1
1419
1
place_des_lisbon1418 1
1422
1
rruga_sydney9419 1
1424
1
bulevard_cairo5422 1
1425
1
rue_sydney1424 1
1427
1
place_d'_berlin5425 1
1428
1
avenue_madrid1427 1
1431
1
square_london5429 1
1433
1
square_du_rio5431 1
1434
1
buleva_le_madrid1433 1
1435
1
street_la_rome1434 1
1438
1
rruga_le_sydney9435 1
1441
1
road_la_rio9438 1
1442
1
buleva_du_cairo5440 1
1443
1
square_london5441 1
1444
2
boulevard_london1443 1
rrethi_lisbon5442 1
1446
1
rrethi_tokyo9443 1
1447
1
buleva_les_paris9444 1
1448
1
rruga_du_tokyo1447 1
1449
2
rue_du_prishtina9446 1
lane_de_london5447 1
1450
2
bulevard_du_paris5448 1
rrethi_le_beijing1449 1
1451
2
avenue_moscow5449 1
place_d'_athens1450 1
1453
2
rue_des_beijing5451 1
bulevard_newyork9450 1
1454
3
road_le_rio9451 1
square_madrid5452 1
buleva_sydney1453 1
1455
1
lane_tokyo1454 1
1456
3
road_berlin9453 1
bulevard_la_rome1455 1
place_moscow5454 1
1457
1
road_la_athens1456 1
1458
1
rue_berlin9455 1
1459
1
lane_prishtina9456 1
1460
3
road_la_berlin1459 1
place_des_beijing5458 1
lane_berlin9457 1
1461
1
boulevard_d'_berlin1460 1
1462
1
square_les_lisbon5460 1
1463
3
road_prishtina1462 1
sheshi_d'_rio9460 1
bulevard_de_athens5461 1
1465
1
lane_rome5463 1
1466
1
place_prishtina9463 1
1468
1
rue_paris5466 1
1469
1
road_d'_prishtina9466 1
1470
1
place_les_rome1469 1
1471
1
street_berlin9468 1
1472
2
bulevard_sydney1471 1
buleva_athens5470 1
1474
1
lane_les_newyork5472 1
1475
1
buleva_sydney9472 1
1477
1
rue_de_sydney9474 1
1478
2
rrethi_du_prishtina1477 4
rrethi_berlin9475 1
1479
1
rruga_d'_berlin1478 1
1480
1
place_cairo5478 1
1481
1
square_d'_athens5479 1
1483
1
avenue_de_athens9480 1
1484
1
rruga_la_newyork9481 1
1485
1
place_les_newyork5483 1
1486
1
sheshi_tokyo1485 1
1487
1
sheshi_de_moscow1486 1
1488
2
avenue_rome5486 1
avenue_du_moscow1487 1
1489
1
avenue_rio1488 1
1491
1
avenue_madrid9488 1
1492
2
bulevardi_cairo1491 1
place_rio9489 2
1493
1
bulevardi_athens1492 1
1495
1
rrethi_des_paris5493 1
1496
1
bulevardi_du_sydney9493 1
1498
2
bulevardi_d'_berlin5496 1
rruga_moscow9495 1
1499
1
buleva_sydney1498 1
1502
1
avenue_le_london9499 1
1505
1
place_rio9502 1
1506
1
boulevard_les_madrid1505 1
1507
1
boulevard_d'_rio1506 1
1509
1
square_london5507 1
1510
1
boulevard_berlin1509 1
1513
1
buleva_beijing9510 1
1514
1
street_de_rio9511 1
1515
1
bulevard_rome1514 1
1516
2
bulevard_tokyo1515 1
bulevard_des_tokyo9513 1
1519
1
lane_sydney9516 1
1520
1
rruga_la_madrid1519 1
1521
1
boulevard_de_madrid1520 1
1523
1
lane_berlin5521 1
1526
1
street_le_london9523 1
1528
1
place_le_rome5526 1
1529
1
lane_d'_athens5527 1
1530
2
bulevard_les_moscow5528 1
avenue_rome1529 1
1531
1
boulevard_de_sydney1530 1
1532
1
avenue_berlin1531 1
1533
1
road_rome1532 1
1535
2
sheshi_moscow5533 1
sheshi_madrid9532 1
1537
1
bulevardi_tokyo5535 1
1540
1
bulevardi_la_athens9537 1
1542
1
buleva_des_moscow5540 1
1543
1
boulevard_du_paris1542 1
1545
1
rruga_la_beijing5543 1
1547
1
bulevard_la_athens5545 1
1548
1
boulevard_des_paris1547 1
1558
1
rrethi_prishtina5556 1
1560
1
bulevardi_le_prishtina5558 1
1563
1
rue_athens9560 1
1565
1
avenue_rome5563 1
1568
1
sheshi_tokyo9565 1
1570
1
bulevardi_athens5568 1
1573
1
street_la_rio9570 1
1574
1
bulevard_d'_sydney1573 1
1575
1
place_london1574 1
1578
1
sheshi_beijing9575 1
1580
1
rruga_berlin5578 1
1583
1
avenue_le_sydney9580 1
1599
1
road_le_cairo9596 1
1602
1
rruga_la_athens9599 1
1603
2
square_rio5601 1
street_la_berlin1602 1
1604
1
street_tokyo1603 1
1606
2
lane_de_rome9603 1
bulevard_des_tokyo5604 1
1607
1
square_rome1606 1
1609
2
square_le_prishtina5607 1
avenue_sydney9606 1
1610
1
boulevard_tokyo1609 1
1611
1
bulevardi_madrid5609 1
1612
1
avenue_berlin5610 1
1614
1
street_rio9611 1
1615
1
boulevard_la_cairo9612 1
1616
1
rrethi_la_beijing5614 1
1617
2
road_les_berlin1616 1
place_les_moscow5615 1
1619
1
buleva_de_paris5617 1
1620
1
road_du_london1619 1
1621
2
street_berlin5619 1
boulevard_cairo1620 1
1624
2
bulevard_d'_paris5622 1
place_newyork9621 2
1626
1
square_la_london5624 1
1627
1
avenue_les_newyork9624 1
1628
1
bulevardi_sydney1627 1
1630
1
rrethi_rome5628 1
1632
2
bulevard_la_cairo9629 1
road_madrid5630 2
1633
1
rruga_london1632 1
1634
2
bulevard_moscow1633 1
street_beijing5632 1
1635
1
place_du_tokyo1634 1
1637
2
sheshi_le_berlin9634 1
road_rio5635 1
1640
1
road_prishtina9637 1
1641
1
bulevardi_berlin1640 1
1642
2
bulevard_le_athens1641 1
buleva_paris5640 1
1644
1
rrethi_sydney5642 1
1645
1
bulevardi_athens9642 1
1646
1
avenue_prishtina5644 1
1648
2
lane_prishtina5646 1
boulevard_berlin9645 1
1649
1
lane_le_rio1648 1
1651
1
boulevard_paris9648 1
1652
1
boulevard_lisbon1651 1
1653
1
road_paris1652 1
1656
1
rue_du_rio9653 1
1659
1
boulevard_lisbon9656 1
1660
1
bulevard_les_madrid1659 1
1684
1
sheshi_du_paris9681 1
1686
1
lane_la_newyork5684 1
1687
1
road_du_moscow1686 1
1688
1
road_des_berlin1687 1
1690
1
rue_d'_moscow5688 1
1693
1
sheshi_les_sydney9690 1
1694
1
rruga_athens1693 1
1695
1
square_lisbon1694 1
1697
1
place_les_cairo5695 1
1698
1
sheshi_de_tokyo1697 1
1700
1
bulevardi_madrid1699 1
1701
1
square_lisbon9698 1
1702
1
bulevard_la_lisbon5700 1
1703
1
place_madrid5701 1
1705
2
bulevardi_des_cairo5703 1
square_des_newyork9702 1
1706
1
buleva_la_newyork1705 1
1707
1
buleva_beijing5705 1
1710
1
bulevardi_des_berlin9707 1
1713
1
street_madrid9710 1
1716
1
bulevardi_sydney9713 1
1718
1
boulevard_beijing5716 1
1719
1
bulevard_de_paris1718 1
1720
1
place_berlin1719 1
1722
1
rue_de_sydney5720 1
1723
1
bulevardi_tokyo1722 1
1725
1
boulevard_la_madrid5723 1
1728
1
rrethi_d'_moscow9725 1
1747
1
bulevardi_la_lisbon1746 1
1749
1
lane_berlin5747 1
1751
1
bulevard_du_london5749 1
1753
1
bulevard_la_rome5751 1
1754
1
sheshi_beijing5752 1
1756
2
buleva_lisbon5754 1
rruga_london9753 1
1757
1
rruga_le_tokyo1756 1
1759
2
buleva_sydney9756 1
buleva_paris5757 1
1761
1
rue_de_paris5759 1
1762
1
road_du_beijing9759 1
1764
2
sheshi_d'_newyork5762 1
bulevardi_paris9761 1
1765
1
avenue_la_beijing9762 1
1766
1
bulevardi_du_moscow5764 1
1767
3
rue_london1766 3
street_d'_madrid9764 1
bulevardi_moscow5765 1
1768
1
rrethi_rome1767 1
1769
2
rruga_le_cairo5767 1
bulevardi_le_madrid1768 1
1771
1
bulevardi_lisbon5769 1
1772
1
road_le_athens9769 1
1773
3
square_madrid1772 1
bulevardi_paris9770 1
rue_du_moscow5771 1
1774
2
rue_des_tokyo1773 1
place_de_madrid9771 1
1775
1
road_des_prishtina5773 1
1776
1
bulevard_beijing5774 1
1777
3
road_beijing9774 1
avenue_moscow5775 1
road_la_athens1776 1
1778
1
bulevardi_rome1777 1
1779
1
boulevard_du_berlin5777 1
1780
1
place_newyork5778 1
1781
1
buleva_la_sydney1780 1
1782
2
place_d'_sydney1781 1
street_d'_berlin5780 1
1784
1
place_cairo5782 1
1787
1
sheshi_la_beijing9784 1
1790
1
lane_rio9787 1
1793
1
bulevardi_de_newyork9790 1
1796
1
bulevardi_des_beijing9793 1
1798
1
sheshi_d'_rome5796 1
1801
1
street_berlin9798 1
1803
1
road_berlin5801 1
1804
1
street_rio1803 1
1805
1
buleva_d'_prishtina1804 1
1851
1
street_les_moscow1850 1
1854
2
bulevard_les_rome1853 1
road_athens9851 1
1855
1
place_prishtina1854 1
1856
2
boulevard_du_prishtina5854 1
boulevard_d'_berlin1855 1
1857
1
buleva_rome1856 1
1858
2
buleva_newyork5856 1
bulevard_moscow1857 1
1859
1
rue_tokyo1858 1
1860
1
avenue_moscow1859 1
1861
1
boulevard_d'_newyork5859 1
1862
1
avenue_lisbon5860 1
1864
2
bulevard_d'_tokyo1863 1
boulevard_d'_madrid9861 1
1865
1
avenue_newyork9862 1
1866
1
place_sydney5864 1
1867
1
rue_la_sydney9864 1
1868
2
road_la_lisbon9865 1
boulevard_beijing5866 1
1869
1
bulevardi_le_lisbon1868 1
1870
2
rrethi_athens5868 1
square_tokyo9867 1
1871
1
square_du_paris1870 1
1873
1
place_rome5871 1
1874
2
rruga_sydney1873 1
place_de_tokyo9871 1
1875
2
bulevard_rio5873 1
rrethi_moscow1874 1
1878
1
boulevard_london9875 1
1879
1
street_la_madrid9876 1
1880
1
buleva_la_london5878 1
1881
1
lane_rio5879 1
1882
1
road_madrid5880 1
1883
1
bulevard_prishtina9880 1
1884
3
rrethi_des_newyork1883 1
rruga_athens9881 1
rue_sydney5882 1
1885
1
avenue_moscow1884 1
1886
2
bulevardi_des_paris1885 1
place_la_lisbon5884 1
1887
1
square_tokyo1886 1
1888
1
sheshi_les_prishtina9885 1
1889
1
boulevard_cairo5887 1
1890
2
avenue_les_paris5888 1
rrethi_les_tokyo1889 1
1892
1
rue_prishtina5890 1
1893
2
square_moscow1892 1
road_de_rio9890 1
1896
1
boulevard_athens9893 1
1897
1
buleva_la_sydney1896 1
1906
1
buleva_de_prishtina1905 1
1907
1
rrethi_d'_beijing1906 1
1909
1
bulevardi_paris5907 1
1910
1
bulevardi_le_newyork1909 1
1911
1
lane_moscow1910 1
1912
1
street_de_moscow5910 1
1913
1
road_london5911 1
1914
1
place_du_berlin1913 1
1915
1
bulevardi_les_athens9912 1
1916
1
avenue_le_sydney5914 1
1917
1
street_de_moscow5915 1
1918
2
bulevard_de_lisbon1917 1
bulevardi_sydney5916 1
1919
1
bulevard_la_rome5917 1
1920
1
lane_du_prishtina5918 1
1921
2
rrethi_le_cairo1920 1
place_du_newyork9918 1
1922
3
sheshi_cairo9919 1
avenue_de_athens5920 1
square_prishtina1921 1
1923
1
sheshi_cairo1922 1
1924
2
rrethi_paris5922 1
sheshi_moscow1923 1
1925
1
boulevard_du_lisbon9922 1
1926
2
street_rio1925 1
boulevard_d'_paris5924 1
1927
1
bulevard_lisbon9924 1
1928
2
bulevardi_moscow1927 1
buleva_rome5926 1
1929
1
road_d'_rio1928 1
1930
1
road_cairo5928 1
1931
1
boulevard_la_athens9928 1
1932
1
buleva_beijing9929 1
1933
1
lane_la_prishtina9930 1
1934
2
rrethi_rome9931 1
lane_d'_rio1933 1
1935
2
road_moscow9932 1
street_de_athens1934 1
1936
1
bulevard_berlin1935 1
1937
2
road_le_paris1936 1
bulevardi_d'_london9934 1
1938
1
sheshi_les_newyork5936 1
1940
1
street_paris9937 1
1941
2
bulevardi_la_paris9938 2
bulevard_london1940 1
1942
1
lane_moscow1941 1
1943
1
road_de_tokyo5941 1
1945
1
rruga_la_london5943 1
1946
1
street_d'_sydney1945 1
1947
1
place_le_rio1946 1
1948
1
street_les_rio1947 1
1950
1
rue_le_madrid5948 1
1952
1
bulevardi_lisbon5950 1
1953
1
sheshi_le_rome9950 1
1954
1
avenue_paris5952 1
1957
1
buleva_la_sydney9954 1
1959
1
boulevard_la_newyork5957 1
1961
1
bulevard_sydney5959 1
1963
1
place_d'_lisbon5961 1
1964
1
boulevard_des_berlin1963 1
1965
1
buleva_le_athens5963 1
1966
1
sheshi_les_berlin5964 1
1967
2
rruga_cairo1966 1
street_le_cairo5965 1
1968
2
bulevard_newyork9965 1
rrethi_les_newyork1967 1
1969
1
square_london1968 1
1970
1
avenue_lisbon9967 1
1971
2
square_tokyo9968 1
rruga_moscow5969 1
1972
2
rue_sydney9969 1
rruga_la_beijing5970 1
1973
1
rruga_london1972 1
1974
1
rruga_d'_beijing9971 1
1975
3
street_madrid5973 1
lane_moscow9972 1
boulevard_les_madrid1974 1
1976
1
bulevard_prishtina1975 1
1977
1
rrethi_newyork5975 1
1978
2
bulevard_beijing5976 1
rue_rome9975 1
1979
1
boulevard_rio1978 1
1980
1
bulevardi_la_cairo9977 1
1981
3
avenue_cairo5979 1
avenue_du_tokyo9978 1
avenue_d'_madrid1980 1
1983
1
bulevard_les_newyork5981 1
1984
1
lane_athens9981 1
1985
1
rrethi_les_tokyo1984 1
1986
1
square_les_moscow9983 1
1987
1
buleva_beijing5985 1
1988
2
rruga_beijing1987 1
place_lisbon5986 1
1989
1
buleva_rome1988 1
1990
1
place_athens5988 1
1992
2
square_le_paris5990 1
square_la_sydney9989 1
1994
1
avenue_des_beijing5992 1
1995
1
sheshi_sydney9992 1
1996
1
sheshi_madrid1995 1
1998
1
buleva_london9995 1
1999
1
avenue_rio9996 1
2001
2
lane_paris9998 1
rrethi_rio5999 1
2002
1
square_des_lisbon2001 1
2003
2
avenue_moscow6001 1
sheshi_athens2002 1
2005
1
sheshi_cairo6003 1
2006
1
avenue_rio10003 1
2008
1
sheshi_d'_beijing10005 1
2009
1
rue_du_moscow10006 1
2011
1
bulevard_du_lisbon10008 1
2012
1
place_de_madrid10009 1
2013
1
rue_madrid6011 1
2015
2
rruga_beijing6013 1
lane_de_cairo10012 1
2016
1
avenue_tokyo2015 1
2017
1
rue_prishtina10014 1
2018
3
sheshi_de_tokyo2017 1
square_la_lisbon6016 1
buleva_prishtina10015 1
2019
2
lane_madrid6017 1
rrethi_cairo2018 1
2020
1
boulevard_des_rio6018 1
2021
1
rrethi_athens10018 1
2022
2
boulevard_de_rome2021 1
square_les_prishtina10019 1
2023
1
rruga_paris10020 1
2024
1
bulevard_berlin6022 1
2025
1
rruga_le_sydney10022 1
2026
3
square_le_paris6024 1
buleva_newyork10023 1
bulevard_les_berlin2025 1
2027
2
place_du_lisbon2026 1
buleva_du_tokyo10024 1
2028
1
buleva_la_newyork2027 1
2029
1
bulevard_athens10026 1
2030
2
street_des_berlin10027 1
avenue_le_london2029 1
2031
1
place_madrid2030 1
2032
1
sheshi_beijing6030 1
2033
2
avenue_london2032 1
lane_la_paris6031 1
2035
1
sheshi_moscow10032 1
2036
2
bulevard_tokyo10033 1
sheshi_les_prishtina2035 1
2039
1
rue_athens10036 1
2040
1
road_le_rio6038 1
2041
2
bulevard_cairo6039 2
buleva_de_paris2040 1
2042
1
boulevard_london10039 1
2044
2
square_sydney6042 1
bulevardi_des_moscow10041 1
2045
1
buleva_tokyo2044 1
2046
2
street_prishtina2045 1
rruga_paris6044 1
2047
2
road_les_sydney2046 1
lane_du_sydney6045 1
2048
1
avenue_berlin2047 1
2049
2
avenue_rome6047 1
rue_berlin2048 1
2050
1
square_les_moscow10047 1
2051
1
road_london6049 1
2052
2
rruga_les_lisbon10049 1
sheshi_prishtina6050 1
2055
1
bulevard_tokyo10052 1
2057
1
sheshi_madrid6055 1
2058
1
lane_london2057 1
2060
1
rue_athens6058 1
2063
1
sheshi_sydney10060 1
2064
1
place_le_rio2063 1
2067
1
street_cairo10064 1
2068
1
bulevardi_cairo6066 1
2069
1
rrethi_cairo6067 1
2070
1
rruga_madrid2069 1
2071
1
boulevard_la_cairo10068 1
2072
2
rrethi_d'_athens6070 1
buleva_d'_sydney2071 1
2075
1
square_madrid10072 1
2077
1
street_newyork6075 1
2078
2
boulevard_le_paris10075 1
avenue_des_athens2077 1
2079
1
road_sydney2078 1
2080
1
place_moscow6078 1
2082
2
sheshi_paris10079 1
road_d'_athens6080 1
2083
1
rruga_sydney10080 1
2084
2
lane_de_prishtina6082 1
street_paris2083 1
2085
2
rrethi_de_newyork2084 3
road_paris10082 1
2086
1
boulevard_du_athens2085 1
2087
1
sheshi_la_paris10084 1
2089
1
rruga_de_madrid10086 1
2090
2
avenue_rome10087 1
bulevardi_prishtina2089 1
2091
1
rue_lisbon2090 1
2092
1
bulevard_rio6090 1
2123
1
avenue_les_lisbon10120 1
2125
1
road_la_prishtina2124 1
2126
1
bulevardi_le_athens10123 1
2128
2
rruga_paris6126 1
road_berlin10125 1
2129
1
place_sydney2128 1
2131
1
rue_des_lisbon10128 1
2132
1
road_newyork10129 1
2133
1
rue_le_moscow10130 1
2134
2
avenue_de_beijing2133 1
buleva_les_beijing10131 1
2135
2
rrethi_du_athens10132 1
buleva_la_athens2134 1
2136
1
bulevard_berlin2135 1
2137
1
bulevardi_moscow10134 1
2138
3
rruga_la_sydney10135 1
sheshi_newyork2137 1
rruga_newyork6136 1
2139
1
bulevard_du_beijing6137 1
2140
1
street_les_lisbon6138 1
2141
2
lane_moscow6139 1
square_du_rio10138 1
2142
1
place_d'_athens2141 1
2143
3
street_les_cairo6141 1
sheshi_moscow2142 1
bulevardi_de_rome10140 1
2144
1
street_la_sydney6142 1
2145
1
square_de_tokyo6143 1
2146
2
boulevard_des_tokyo6144 1
place_la_moscow10143 1
2147
2
square_beijing2146 1
sheshi_les_prishtina6145 1
2148
1
lane_des_paris2147 1
2149
2
rruga_lisbon10146 1
bulevard_tokyo6147 1
2151
2
rruga_d'_madrid10148 1
bulevard_prishtina6149 1
2154
1
buleva_les_prishtina10151 1
2157
1
square_sydney10154 1
2158
1
sheshi_du_moscow2157 1
2159
2
road_le_berlin2158 1
bulevardi_tokyo6157 1
2160
2
street_des_lisbon10157 1
avenue_le_newyork2159 1
2161
2
avenue_de_berlin10158 1
street_paris2160 1
2162
2
buleva_london6160 1
place_de_berlin10159 1
2164
2
rruga_les_london6162 1
avenue_d'_newyork10161 1
2165
2
rruga_du_berlin2164 1
bulevardi_de_lisbon10162 1
2166
1
rruga_beijing2165 1
2167
2
rrethi_du_cairo10164 1
boulevard_du_prishtina6165 1
2168
3
sheshi_cairo6166 1
place_berlin10165 1
boulevard_madrid2167 1
2169
1
bulevard_newyork2168 1
2170
1
rue_les_newyork10167 1
2171
3
bulevardi_berlin6169 1
buleva_des_berlin2170 1
lane_des_cairo10168 1
2172
1
rruga_le_madrid2171 1
2173
1
buleva_paris6171 1
2174
2
avenue_de_paris10171 1
rue_des_athens2173 1
2175
1
boulevard_rome10172 1
2176
1
avenue_madrid2175 1
2177
1
buleva_athens10174 1
2178
1
road_la_beijing2177 1
2179
2
road_beijing10176 1
boulevard_london2178 1
2180
1
boulevard_lisbon2179 1
2183
1
road_rome10180 1
2184
1
avenue_du_prishtina2183 1
2186
1
rruga_du_rio6184 1
2187
2
buleva_de_beijing10184 1
rruga_cairo2186 1
2188
1
rue_rio2187 1
2190
2
buleva_d'_prishtina10187 1
lane_madrid6188 1
2191
1
street_athens2190 1
2192
1
square_berlin2191 1
2193
1
place_beijing2192 1
2194
1
street_berlin2193 1
2197
1
street_london10194 1
2198
1
rrethi_beijing2197 1
2200
1
avenue_le_sydney6198 1
2202
1
rruga_madrid6200 1
2205
1
rrethi_d'_madrid10202 1
2206
1
buleva_paris2205 1
2207
1
rruga_paris10204 1
2209
1
bulevardi_les_lisbon10206 1
2210
1
boulevard_la_tokyo10207 1
2212
1
rrethi_newyork10209 1
2213
1
sheshi_d'_sydney10210 1
2214
1
avenue_les_moscow6212 1
2215
1
lane_de_athens6213 1
2216
2
boulevard_rome10213 1
road_des_tokyo2215 1
2217
3
rrethi_les_moscow6215 3
avenue_cairo2216 1
avenue_athens10214 1
2218
2
avenue_lisbon2217 1
rruga_moscow6216 1
2220
1
rruga_prishtina6218 1
2221
1
street_prishtina10218 1
2222
1
boulevard_london6220 1
2223
1
sheshi_paris6221 1
2225
1
road_cairo10222 1
2226
2
lane_la_prishtina10223 1
lane_le_madrid2225 1
2227
1
square_des_berlin2226 1
2228
2
rrethi_london6226 1
street_rio2227 1
2229
1
bulevard_la_cairo2228 1
2230
1
boulevard_le_prishtina2229 1
2233
1
rrethi_d'_beijing10230 1
2235
1
bulevard_le_berlin6233 1
2236
1
square_des_lisbon10233 1
2238
3
rue_rio2237 1
square_athens6236 1
sheshi_des_sydney10235 1
2239
1
rrethi_des_sydney2238 1
2240
1
rrethi_london2239 1
2241
2
road_beijing6239 1
rrethi_madrid10238 1
2242
2
bulevardi_de_cairo6240 1
square_de_newyork10239 1
2243
2
road_la_cairo6241 1
rruga_les_prishtina2242 1
2244
2
rue_des_cairo2243 1
rrethi_prishtina10241 1
2245
1
boulevard_la_athens2244 1
2246
1
sheshi_le_lisbon10243 1
2247
1
road_berlin10244 1
2248
1
sheshi_newyork10245 1
2249
3
rruga_la_newyork10246 1
avenue_la_athens2248 1
lane_prishtina6247 1
2250
1
bulevard_la_rio2249 1
2251
1
boulevard_lisbon6249 1
2252
3
buleva_rome10249 1
rruga_des_cairo2251 1
rrethi_moscow6250 1
2253
1
lane_du_beijing2252 1
2254
2
boulevard_lisbon2253 3
bulevardi_sydney6252 1
2255
2
lane_prishtina10252 1
bulevardi_moscow2254 1
2256
1
buleva_les_athens6254 1
2257
1
rue_du_rome6255 1
2258
2
rrethi_berlin6256 1
sheshi_le_madrid10255 1
2259
1
boulevard_d'_beijing2258 1
2260
2
place_berlin10257 1
lane_du_lisbon6258 1
2261
2
square_rome2260 1
rrethi_d'_rio6259 1
2262
1
rruga_les_newyork2261 1
2263
1
bulevard_beijing10260 1
2280
1
bulevard_rio10277 1
2282
1
avenue_du_beijing6280 1
2283
1
lane_des_london2282 1
2284
1
boulevard_lisbon2283 1
2285
1
road_des_lisbon2284 1
2286
1
street_london2285 1
2287
1
buleva_berlin2286 1
2288
1
bulevard_des_cairo2287 1
2289
1
rrethi_sydney2288 1
2290
1
boulevard_d'_rome6288 1
2291
1
bulevard_paris6289 1
2292
1
sheshi_le_prishtina2291 1
2293
1
place_les_sydney10290 1
2295
1
road_de_cairo10292 1
2296
2
bulevard_rio2295 1
rrethi_les_madrid10293 3
2297
1
rruga_lisbon2296 1
2300
1
rue_de_beijing10297 1
2301
1
street_beijing2300 1
2302
1
road_d'_lisbon6300 1
2303
1
road_les_rio2302 1
2304
1
boulevard_du_moscow2303 1
2305
1
place_des_lisbon2304 1
2306
1
bulevardi_des_rio2305 1
2324
1
rruga_du_beijing6322 1
2327
1
rruga_le_paris10324 1
2328
1
avenue_d'_sydney2327 1
2330
1
bulevardi_le_tokyo6328 1
2331
1
road_du_paris2330 1
2334
1
boulevard_du_beijing10331 1
2335
2
rrethi_rio6333 1
bulevardi_london2334 1
2337
2
sheshi_du_london10334 1
sheshi_cairo6335 1
2338
2
road_tokyo2337 1
place_beijing10335 1
2339
2
rrethi_athens6337 1
rrethi_des_london2338 1
2340
2
rruga_athens2339 1
rue_madrid6338 1
2343
1
street_london10340 1
2344
1
avenue_les_paris2343 1
2345
1
buleva_de_madrid6343 1
2346
2
bulevard_prishtina10343 1
lane_les_london6344 1
2347
1
rrethi_sydney6345 1
2348
1
rrethi_les_moscow6346 1
2349
2
avenue_prishtina10346 1
place_rome6347 1
2351
2
road_cairo6349 1
boulevard_la_moscow10348 1
2352
1
street_berlin2351 1
2354
1
buleva_d'_prishtina10351 1
2355
2
square_de_london10352 1
boulevard_les_lisbon2354 1
2356
1
bulevardi_london2355 1
2359
1
lane_les_london10356 1
2361
1
bulevard_de_tokyo6359 1
2362
1
road_paris2361 1
2372
1
avenue_sydney6370 1
2374
1
sheshi_rio6372 1
2375
1
sheshi_prishtina2374 1
2376
1
rrethi_beijing2375 1
2379
1
avenue_d'_rome10376 1
2382
1
square_des_moscow10379 1
2383
1
road_la_lisbon2382 1
2385
1
bulevardi_madrid10382 1
2386
2
road_berlin10383 1
boulevard_tokyo2385 1
2388
1
rrethi_prishtina6386 1
2390
1
bulevardi_tokyo6388 1
2391
1
bulevard_athens10388 1
2393
1
rrethi_les_berlin10390 1
2394
1
rrethi_des_berlin10391 1
2395
1
sheshi_rome6393 1
2396
1
place_le_beijing2395 1
2397
2
road_le_rome10394 2
street_cairo2396 1
2400
1
lane_prishtina10397 1
2401
1
buleva_sydney2400 1
2403
1
rue_les_athens6401 1
2404
1
buleva_la_prishtina2403 1
2406
1
place_newyork6404 1
2408
1
bulevard_du_athens2407 1
2409
1
buleva_newyork2408 1
2410
1
buleva_london2409 1
2411
2
lane_de_athens10408 1
rue_athens6409 1
2413
2
square_moscow10410 1
street_du_tokyo6411 1
2415
1
sheshi_tokyo6413 1
2416
1
rue_du_moscow10413 1
2417
2
bulevardi_la_moscow6415 1
sheshi_rome2416 1
2418
2
avenue_de_tokyo2417 1
buleva_rome6416 1
2419
1
square_la_newyork2418 1
2420
1
place_d'_moscow2419 1
2421
2
street_la_berlin6419 1
avenue_des_moscow10418 1
2422
2
boulevard_berlin2421 1
square_le_prishtina6420 1
2423
2
rrethi_des_madrid2422 1
square_london6421 1
2424
1
road_du_rio6422 1
2425
1
rue_la_athens6423 1
2426
1
square_paris10423 1
2427
3
rue_des_rome6425 1
rue_newyork2426 1
place_cairo10424 1
2428
2
rrethi_d'_sydney6426 1
boulevard_les_tokyo2427 2
2429
1
street_la_cairo2428 1
2430
2
rruga_des_tokyo10427 1
bulevardi_les_paris6428 1
2431
2
avenue_la_sydney2430 1
place_d'_sydney10428 1
2432
1
bulevard_la_cairo6430 1
2433
3
buleva_athens10430 1
bulevard_rio6431 1
street_le_newyork2432 1
2434
1
boulevard_du_rio10431 1
2435
2
street_de_tokyo6433 1
road_moscow10432 1
2436
1
avenue_les_sydney2435 1
2437
2
buleva_des_rome6435 1
lane_moscow10434 1
2438
2
rrethi_london2437 1
rrethi_rio6436 1
2440
2
rrethi_athens10437 1
avenue_des_athens6438 1
2441
1
avenue_d'_berlin2440 1
2442
2
boulevard_paris6440 1
buleva_london2441 1
2443
2
bulevardi_newyork2442 1
bulevardi_tokyo10440 1
2444
1
square_du_prishtina2443 1
2445
1
square_du_cairo2444 1
2446
1
boulevard_london10443 1
2447
3
place_madrid6445 1
rrethi_athens2446 1
road_prishtina10444 1
2448
1
street_le_athens2447 1
2450
2
rrethi_lisbon6448 1
boulevard_rio10447 1
2451
2
rue_la_madrid2450 1
buleva_du_tokyo10448 1
2452
1
bulevard_le_london2451 1
2453
2
rruga_paris6451 1
street_athens10450 1
2455
2
buleva_tokyo10452 1
rrethi_les_cairo6453 1
2456
2
square_des_rio10453 1
square_madrid2455 1
2457
1
sheshi_le_beijing2456 1
2458
2
boulevard_madrid10455 2
place_moscow6456 1
2459
2
road_des_rio6457 1
avenue_des_lisbon2458 1
2461
2
boulevard_madrid10458 1
avenue_newyork6459 1
2464
1
square_le_paris10461 1
2465
1
lane_du_rio2464 1
2468
1
rue_lisbon2467 1
2470
1
rruga_athens6468 1
2471
1
bulevardi_la_cairo2470 1
2474
1
rue_les_newyork10471 1
2477
1
road_tokyo10474 1
2480
1
lane_rome10477 1
2482
1
sheshi_d'_sydney6480 1
2485
1
square_le_madrid10482 1
2488
2
place_les_rio6486 1
avenue_le_paris10485 2
2489
1
lane_les_tokyo2488 1
2490
2
bulevardi_du_prishtina2489 1
bulevardi_les_athens6488 1
2491
1
buleva_paris2490 1
2492
1
road_prishtina6490 1
2494
1
boulevard_d'_rio10491 1
2495
1
place_london10492 1
2496
1
rruga_les_rome2495 1
2497
1
sheshi_de_beijing10494 1
2499
1
avenue_de_cairo6497 1
2501
1
rruga_les_prishtina6499 1
2502
1
street_newyork2501 1
2504
1
bulevard_athens6502 1
2507
2
avenue_les_tokyo6505 1
street_athens10504 1
2509
1
rrethi_lisbon6507 1
2510
2
bulevard_madrid10507 1
rruga_la_athens2509 1
2511
1
street_beijing2510 1
2512
1
boulevard_rio6510 1
2514
1
place_beijing6512 1
2515
2
lane_des_moscow6513 1
sheshi_du_cairo2514 1
2516
1
bulevardi_berlin2515 1
2518
1
lane_rome6516 1
2519
1
boulevard_d'_paris10516 1
2520
1
rrethi_berlin6518 1
2521
2
place_tokyo10518 1
bulevard_rio2520 1
2522
1
bulevard_les_moscow10519 1
2523
1
street_paris6521 1
2524
3
boulevard_le_athens6522 3
bulevard_la_paris2523 1
bulevardi_la_prishtina10521 3
2525
2
road_la_rome10522 1
lane_les_beijing2524 1
2526
1
boulevard_la_berlin2525 1
2527
2
rruga_lisbon6525 1
boulevard_paris10524 1
2528
1
rrethi_des_moscow2527 1
2529
2
rrethi_le_tokyo6527 1
bulevardi_la_prishtina10526 1
2530
2
sheshi_sydney6528 2
buleva_rome10527 1
2531
3
place_madrid10528 1
rue_rome6529 1
rrethi_des_rio2530 1
2532
3
rruga_d'_lisbon6530 1
avenue_la_moscow2531 1
avenue_tokyo10529 4
2533
1
avenue_beijing6531 1
2534
1
sheshi_rio6532 1
2535
3
lane_rio10532 1
lane_de_prishtina2534 1
buleva_la_sydney6533 1
2536
2
rruga_london10533 1
road_la_paris2535 1
2537
3
bulevardi_du_athens6535 1
rrethi_athens2536 1
square_berlin10534 1
2538
3
place_rome2537 1
square_d'_beijing6536 1
avenue_tokyo10535 1
2540
2
rue_athens10537 1
place_le_berlin6538 1
2541
2
rue_la_prishtina10538 1
place_rio2540 1
2542
1
rrethi_tokyo2541 1
2543
2
sheshi_prishtina2542 1
rrethi_rome10540 1
2544
1
buleva_la_beijing2543 1
2545
2
lane_moscow2544 1
sheshi_moscow10542 1
2546
1
place_du_prishtina6544 1
2548
3
rrethi_la_newyork10545 2
bulevardi_rome2547 1
place_d'_prishtina6546 1
2549
1
bulevard_de_rio2548 1
2550
1
buleva_newyork6548 1
2551
2
square_d'_moscow6549 1
bulevard_du_prishtina10548 1
2552
1
street_le_london6550 1
2553
2
lane_les_tokyo10550 1
square_moscow6551 1
2554
2
square_sydney10551 1
place_beijing6552 1
2555
2
boulevard_des_prishtina10552 1
buleva_tokyo6553 1
2556
1
rruga_la_prishtina2555 1
2557
2
rruga_madrid10554 1
bulevardi_london2556 1
2558
1
lane_paris10555 1
2559
2
place_paris2558 1
bulevard_rome6557 1
2560
2
square_rio10557 1
place_les_rome6558 1
2561
2
lane_london6559 1
road_athens2560 1
2562
2
place_rio6560 1
sheshi_beijing2561 1
2564
2
bulevardi_berlin6562 1
street_moscow10561 1
2565
1
boulevard_la_rome2564 1
2567
1
sheshi_des_newyork10564 1
2568
1
rruga_rio10565 1
2569
1
rrethi_rome6567 1
2570
2
place_les_paris10567 1
street_des_beijing6568 1
2572
2
road_des_rio10569 1
place_d'_berlin6570 3
2573
1
avenue_les_cairo10570 1
2574
2
square_les_moscow6572 1
street_beijing2573 1
2575
2
avenue_rio6573 1
square_le_london10572 1
2576
1
bulevardi_rome6574 1
2578
2
boulevard_d'_sydney10575 3
avenue_la_london6576 1
2579
1
square_du_madrid2578 1
2580
1
buleva_des_rio2579 1
2582
2
square_du_london6580 1
road_le_paris10579 1
2584
1
boulevard_cairo10581 1
2585
1
lane_tokyo10582 1
2586
2
rrethi_beijing6584 1
lane_rome2585 1
2587
2
square_les_moscow2586 1
buleva_la_berlin6585 1
2588
2
buleva_d'_lisbon2587 1
rue_paris6586 1
2589
1
road_le_moscow2588 1
2591
2
rrethi_athens10588 1
lane_d'_rome6589 1
2592
1
rue_madrid2591 1
2593
1
street_du_paris6591 1
2594
2
bulevard_moscow10591 1
lane_des_madrid6592 1
2595
1
buleva_le_berlin6593 1
2596
2
lane_le_berlin2595 1
road_des_rome6594 1
2597
2
street_le_lisbon2596 1
street_cairo10594 1
2598
2
bulevardi_beijing10595 1
bulevard_tokyo2597 1
2599
2
rrethi_le_moscow10596 3
rruga_d'_london2598 1
2600
2
rruga_les_berlin6598 1
street_le_lisbon10597 1
2601
1
place_newyork6599 1
2602
2
street_lisbon2601 1
road_athens6600 1
2603
1
street_d'_berlin2602 1
2604
2
lane_d'_berlin6602 1
lane_madrid10601 1
2605
1
place_paris6603 1
2606
1
rue_beijing6604 1
2608
2
buleva_du_paris6606 4
place_de_prishtina10605 1
2609
2
lane_du_athens10606 1
buleva_de_rio2608 1
2610
1
road_des_athens6608 1
2611
1
place_de_prishtina6609 1
2612
1
place_les_tokyo6610 1
2613
1
avenue_de_cairo2612 1
2614
1
bulevard_tokyo10611 1
2615
1
sheshi_d'_rome6613 1
2616
3
square_de_moscow2615 1
square_athens10613 1
rrethi_rome6614 1
2637
1
street_newyork2636 1
2638
1
rue_madrid2637 1
2640
1
square_rio6638 1
2642
1
bulevard_newyork6640 1
2645
1
lane_prishtina10642 1
2646
1
rue_des_cairo2645 1
2648
1
bulevard_lisbon6646 1
2649
1
bulevard_beijing2648 1
2650
1
bulevardi_du_berlin2649 1
2651
2
place_madrid6649 2
bulevardi_la_prishtina2650 1
2652
1
square_la_berlin2651 1
2655
1
street_le_cairo10652 1
2658
2
avenue_prishtina6656 1
boulevard_les_paris10655 1
2659
1
lane_d'_rio2658 1
2661
2
rrethi_du_moscow10658 1
bulevardi_la_newyork6659 1
2662
1
road_le_prishtina2661 1
2664
2
rrethi_les_moscow6662 1
rrethi_la_cairo10661 1
2665
1
rue_de_moscow2664 1
2667
2
bulevard_athens10664 1
avenue_cairo6665 1
2668
1
rruga_le_madrid2667 1
2669
2
lane_les_sydney2668 1
rruga_d'_tokyo6667 1
2670
1
rruga_d'_lisbon2669 1
2671
1
rruga_cairo2670 1
2672
1
square_du_moscow10669 1
2673
1
buleva_moscow10670 1
2674
2
avenue_berlin6672 1
avenue_berlin2673 1
2676
1
place_madrid6674 1
2678
1
avenue_madrid6676 1
2679
1
bulevardi_d'_prishtina10676 1
2682
1
road_d'_sydney10679 1
2683
1
road_rome2682 1
2685
1
avenue_tokyo6683 1
2687
1
rue_la_moscow6685 1
2688
1
lane_london2687 1
2697
1
bulevard_newyork10694 1
2700
1
bulevard_du_athens10697 1
2701
1
boulevard_les_moscow2700 1
2703
1
buleva_d'_lisbon6701 1
2705
1
square_lisbon6703 1
2708
1
square_london10705 1
2710
1
lane_de_prishtina6708 1
2712
1
lane_berlin6710 1
2715
1
bulevard_du_lisbon10712 1
2717
1
rrethi_d'_lisbon6715 1
2720
1
bulevardi_london10717 1
2723
1
rrethi_le_london10720 1
2772
1
avenue_moscow2771 1
2774
1
avenue_newyork6772 1
2775
1
rrethi_le_london2774 1
2777
1
bulevard_beijing6775 1
2779
1
square_d'_cairo6777 1
2782
1
lane_de_moscow10779 1
2784
1
square_moscow6782 1
2786
1
rue_tokyo6784 1
2788
1
sheshi_paris6786 1
2795
1
lane_le_madrid2794 1
2797
1
square_les_madrid6795 1
2799
1
sheshi_le_paris10796 1
2800
1
road_des_prishtina10797 1
2801
1
avenue_des_paris6799 1
2802
1
square_prishtina6800 1
2804
1
sheshi_rio10801 1
2805
1
road_newyork10802 1
2806
2
boulevard_d'_rio6804 1
avenue_moscow2805 1
2808
1
place_lisbon6806 1
2809
1
rue_des_sydney10806 1
2810
1
bulevard_des_rio2809 1
2811
1
lane_rio10808 1
2812
2
buleva_des_athens2811 1
sheshi_le_paris6810 1
2813
2
road_london10810 1
lane_rio2812 1
2814
1
avenue_la_madrid2813 1
2815
1
lane_tokyo10812 1
2816
1
place_newyork6814 1
2817
2
place_du_moscow2816 1
avenue_de_cairo10814 1
2818
1
place_les_madrid10815 1
2820
1
place_prishtina10817 1
2821
1
avenue_paris10818 1
2822
1
sheshi_moscow6820 1
2823
3
buleva_prishtina10820 1
boulevard_le_berlin6821 4
lane_moscow2822 1
2824
1
boulevard_le_sydney2823 1
2825
2
lane_paris2824 1
road_de_moscow6823 1
2826
1
square_sydney10823 1
2828
2
bulevard_la_beijing6826 1
lane_d'_madrid10825 1
2829
1
bulevardi_athens2828 1
2830
1
rrethi_d'_london6828 1
2831
1
rruga_d'_moscow6829 1
2836
1
rrethi_berlin6834 1
2837
1
rrethi_des_lisbon2836 1
2839
1
road_la_rome6837 1
2840
1
lane_le_beijing2839 1
2843
1
street_rio10840 1
2845
1
rrethi_newyork6843 1
2848
1
square_rio10845 1
2849
1
rrethi_d'_berlin2848 1
2850
1
square_des_newyork2849 1
2851
1
avenue_de_prishtina2850 1
2852
1
rrethi_berlin2851 1
2854
1
rrethi_des_prishtina6852 1
2856
1
street_d'_paris6854 1
2857
1
place_prishtina2856 1
2860
1
place_moscow10857 1
2863
1
rue_de_london10860 1
2864
1
street_les_cairo10861 1
2866
2
place_newyork6864 4
street_des_cairo10863 1
2867
1
buleva_la_madrid2866 1
2868
1
buleva_prishtina6866 1
2869
2
square_tokyo2868 1
rrethi_tokyo6867 1
2872
1
bulevardi_de_athens10869 1
2875
1
lane_les_london10872 1
2877
1
bulevardi_london6875 1
2879
1
square_des_prishtina6877 1
2880
1
place_sydney2879 1
2881
1
lane_cairo2880 1
2883
1
rrethi_de_athens10880 1
2884
1
square_des_berlin10881 1
2885
2
square_d'_paris10882 1
boulevard_les_berlin6883 1
2886
1
bulevard_les_prishtina2885 1
2887
1
rue_beijing10884 1
2888
1
sheshi_tokyo6886 1
2889
2
street_le_london10886 1
bulevard_athens2888 1
2890
1
street_d'_lisbon10887 1
2891
1
rrethi_le_moscow6889 1
2892
1
rrethi_newyork10889 1
2893
1
avenue_de_rio10890 1
2894
2
buleva_du_tokyo6892 1
rrethi_beijing10891 1
2896
1
place_de_berlin6894 1
2897
1
place_berlin2896 1
2898
1
rrethi_les_beijing2897 1
2899
1
street_beijing6897 1
2900
1
rruga_de_sydney6898 1
2902
1
bulevardi_newyork10899 1
2905
1
bulevardi_london10902 1
2908
1
sheshi_tokyo10905 1
2911
1
buleva_madrid10908 1
2913
1
rruga_de_sydney6911 1
2914
1
place_de_sydney2913 1
2920
1
square_les_prishtina6918 1
2921
1
sheshi_tokyo2920 1
2922
1
boulevard_newyork2921 1
2923
1
lane_de_london2922 1
2925
1
street_du_paris6923 1
2926
2
street_la_london10923 1
street_du_prishtina2925 1
2928
1
place_de_rome6926 1
2929
2
rrethi_de_rome2928 1
bulevardi_de_newyork10926 1
2930
2
rrethi_newyork2929 1
place_berlin6928 1
2931
2
square_beijing2930 1
avenue_la_cairo6929 1
2932
2
rue_les_tokyo2931 1
rue_newyork6930 1
2933
1
sheshi_des_tokyo6931 1
2934
2
bulevardi_paris2933 1
rrethi_le_paris6932 1
2935
1
road_athens10932 1
2937
2
lane_moscow10934 4
rue_rome6935 1
2940
1
avenue_madrid10937 1
2941
1
avenue_le_madrid2940 1
2942
1
rue_rome6940 1
2943
1
square_de_lisbon2942 1
2944
1
place_rome10941 1
2945
1
square_rio2944 1
2946
1
buleva_athens10943 1
2948
1
buleva_beijing10945 1
2951
1
boulevard_prishtina10948 1
2964
1
road_paris10961 1
2966
1
rue_athens6964 1
2967
1
bulevardi_le_berlin2966 1
2969
1
rrethi_madrid6967 1
2971
1
square_madrid6969 1
2973
1
road_des_sydney6971 1
2974
1
square_d'_rio2973 1
2977
1
rue_madrid10974 1
2978
1
boulevard_de_beijing2977 1
2981
1
boulevard_d'_moscow10978 1
2983
1
bulevard_newyork6981 1
2984
1
rruga_les_madrid2983 1
2985
1
avenue_newyork2984 1
2986
1
lane_d'_moscow10983 1
2987
2
bulevard_newyork6985 1
rruga_cairo10984 1
2988
1
lane_paris2987 1
2989
2
square_le_sydney10986 1
rue_la_cairo6987 1
2990
3
bulevardi_lisbon2989 1
bulevard_paris10987 1
square_du_rio6988 2
2992
2
rue_d'_beijing10989 1
bulevardi_d'_london6990 1
2993
1
street_le_beijing10990 1
2994
2
buleva_les_cairo10991 1
avenue_les_moscow6992 1
2995
1
buleva_du_rome2994 1
2996
2
bulevardi_prishtina6994 1
sheshi_les_tokyo10993 1
2997
2
bulevard_les_paris6995 1
sheshi_de_london2996 1
2998
2
rrethi_lisbon6996 1
avenue_du_london2997 1
2999
2
rrethi_tokyo6997 3
sheshi_la_rome2998 1
3000
1
lane_le_london6998 1
3001
1
lane_london6999 1
3002
2
square_la_beijing3001 1
rue_newyork10999 1
3003
2
boulevard_athens11000 1
street_les_london3002 1
3004
3
buleva_le_tokyo11001 1
road_le_newyork7002 1
avenue_moscow3003 1
3005
1
lane_london3004 1
3007
2
rruga_berlin11004 1
rrethi_cairo7005 2
3008
2
square_du_prishtina11005 1
rruga_d'_sydney3007 1
3009
1
rruga_rome7007 1
3010
2
buleva_les_paris3009 1
bulevard_rome7008 1
3011
1
sheshi_de_athens11008 1
3012
1
boulevard_tokyo7010 1
3014
2
avenue_cairo7012 1
lane_newyork11011 1
3016
1
sheshi_la_paris7014 1
3017
1
sheshi_d'_athens11014 1
3018
1
square_du_rome3017 1
3019
1
road_les_prishtina11016 1
3021
1
street_madrid11018 1
3022
1
bulevard_du_madrid11019 1
3023
1
bulevard_d'_cairo7021 1
3024
1
rruga_newyork7022 1
3027
1
sheshi_d'_paris11024 1
3030
1
road_le_prishtina11027 1
3031
1
place_madrid3030 1
3034
1
rue_d'_athens11031 1
3035
1
avenue_le_london3034 1
3037
1
rrethi_des_tokyo7035 1
3038
1
boulevard_moscow3037 1
3077
1
place_athens7075 1
3079
1
rrethi_london7077 1
3080
1
rue_london3079 1
3081
1
rruga_tokyo3080 1
3084
1
lane_rio11081 1
3085
1
bulevard_madrid3084 1
3088
1
lane_moscow11085 1
3091
1
rue_berlin11088 1
3094
1
boulevard_d'_beijing11091 1
3095
1
rrethi_le_sydney3094 1
3096
1
rrethi_cairo3095 1
3097
1
square_madrid3096 1
3099
1
road_du_newyork11096 1
3100
2
square_la_beijing3099 1
buleva_du_london11097 1
3102
1
road_moscow7100 2
3105
1
buleva_d'_madrid11102 1
3108
1
road_la_athens11105 1
3110
1
bulevardi_le_sydney7108 1
3111
1
bulevardi_d'_moscow3110 1
3112
1
street_berlin7110 1
3113
1
sheshi_du_rome7111 1
3114
1
avenue_moscow7112 1
3115
1
lane_des_tokyo7113 1
3116
1
square_d'_london3115 1
3117
2
sheshi_des_sydney7115 1
rrethi_de_newyork11114 1
3119
2
avenue_london11116 2
square_du_athens7117 1
3121
1
place_athens7119 1
3122
1
sheshi_rome11119 1
3124
1
road_prishtina7122 1
3125
1
rrethi_rome11122 1
3126
1
bulevard_des_tokyo3125 1
3127
1
road_des_newyork11124 1
3128
1
rue_le_rome7126 1
3129
1
sheshi_athens3128 1
3130
1
boulevard_cairo11127 1
3131
3
buleva_tokyo7129 1
avenue_rome11128 1
square_moscow3130 1
3132
2
square_newyork3131 1
rruga_tokyo7130 1
3133
1
road_de_lisbon7131 1
3135
1
place_paris11132 1
3136
2
avenue_berlin3135 1
avenue_tokyo11133 1
3137
2
place_d'_berlin7135 1
buleva_athens3136 1
3139
1
bulevardi_cairo11136 1
3140
1
road_les_prishtina11137 1
3141
1
avenue_sydney7139 1
3143
1
road_du_cairo11140 1
3144
1
bulevardi_tokyo3143 1
3145
2
boulevard_tokyo3144 1
bulevard_lisbon7143 1
3146
1
sheshi_la_newyork3145 1
3149
1
square_moscow11146 1
3151
1
buleva_berlin7149 1
3152
1
rruga_madrid11149 1
3153
1
place_la_berlin3152 1
3154
1
sheshi_d'_prishtina11151 1
3155
1
buleva_du_rio3154 1
3156
1
bulevard_des_beijing3155 1
3159
1
lane_des_paris7157 1
3160
1
lane_moscow3159 1
3162
1
place_les_berlin7160 1
3163
1
buleva_prishtina3162 1
3166
1
rrethi_la_prishtina11163 1
3167
1
road_de_berlin3166 1
3169
1
bulevardi_berlin7167 1
3170
1
road_du_newyork3169 1
3172
1
bulevard_le_cairo7170 1
3173
1
place_prishtina3172 1
3176
1
avenue_moscow11173 1
3179
1
buleva_berlin11176 1
3181
1
place_berlin7179 1
3184
1
rrethi_les_athens11181 1
3196
1
place_les_lisbon3195 1
3197
1
sheshi_la_madrid3196 1
3200
1
street_le_rome11197 1
3203
2
boulevard_le_cairo3202 1
rue_la_moscow11200 1
3204
1
bulevard_cairo3203 1
3205
1
road_paris7203 1
3207
1
rue_moscow11204 1
3208
1
rrethi_rome11205 1
3210
2
buleva_rome11207 1
buleva_madrid7208 1
3211
1
rrethi_rome3210 1
3212
1
sheshi_tokyo3211 1
3213
2
road_du_tokyo3212 1
lane_d'_madrid11210 3
3216
1
place_de_cairo11213 1
3217
1
lane_le_beijing3216 1
3218
1
road_du_rio3217 1
3219
1
avenue_le_paris3218 1
3220
1
bulevard_rome11217 1
3222
1
square_sydney11219 1
3223
1
rue_d'_prishtina3222 1
3226
1
sheshi_prishtina11223 1
3229
1
lane_de_paris11226 1
3232
1
boulevard_lisbon11229 1
3233
1
road_la_madrid3232 1
3234
1
road_de_rio3233 1
3235
1
place_berlin3234 1
3237
1
rrethi_paris7235 1
3239
1
boulevard_sydney7237 1
3241
1
buleva_d'_newyork7239 1
3242
1
buleva_d'_madrid3241 1
3264
1
avenue_le_paris3263 1
3265
2
rruga_moscow3264 1
rrethi_d'_london7263 1
3266
1
rrethi_d'_athens3265 1
3267
1
square_les_london7265 1
3268
2
square_tokyo7266 1
rrethi_berlin3267 1
3269
1
sheshi_lisbon11266 1
3270
1
street_beijing7268 1
3271
2
bulevard_athens7269 1
rruga_la_beijing11268 1
3272
1
sheshi_du_tokyo3271 1
3273
2
buleva_de_beijing3272 1
avenue_berlin11270 1
3275
2
avenue_le_cairo11272 1
lane_d'_sydney7273 1
3276
1
road_d'_madrid3275 1
3277
2
place_la_moscow3276 1
lane_de_newyork7275 2
3278
2
sheshi_des_rio3277 1
boulevard_rio11275 1
3279
2
boulevard_cairo3278 1
square_paris7277 1
3281
2
road_de_london11278 1
square_lisbon7279 1
3282
1
place_de_athens3281 1
3284
1
rrethi_de_prishtina11281 1
3285
1
rue_du_paris11282 1
3287
2
bulevard_la_berlin11284 1
sheshi_lisbon7285 1
3289
1
sheshi_madrid7287 1
3290
1
bulevardi_d'_rome11287 1
3291
1
lane_de_tokyo7289 1
3292
1
square_madrid3291 1
3293
1
rrethi_des_tokyo11290 1
3294
2
bulevardi_des_beijing3293 1
square_des_tokyo7292 1
3295
1
rrethi_tokyo11292 1
3296
1
rruga_paris7294 1
3298
1
sheshi_paris11295 1
3299
1
rrethi_moscow11296 1
3300
2
avenue_les_rio3299 1
bulevardi_du_sydney7298 1
3302
1
bulevardi_des_rome7300 1
3303
1
rrethi_de_rio11300 1
3304
1
road_athens7302 1
3305
1
place_london3304 1
3306
2
rrethi_madrid3305 1
bulevardi_les_tokyo11303 1
3307
1
bulevardi_tokyo11304 1
3308
1
bulevard_des_sydney7306 1
3309
1
square_d'_berlin3308 1
3310
1
avenue_rio11307 1
3311
2
sheshi_du_madrid11308 1
street_beijing3310 1
3312
3
rruga_lisbon11309 1
rue_athens3311 1
avenue_la_sydney7310 1
3313
2
bulevard_les_berlin7311 1
bulevardi_moscow3312 1
3315
2
rue_london11312 1
street_du_london7313 1
3317
1
boulevard_du_london7315 1
3318
2
street_du_madrid3317 1
bulevardi_la_london11315 2
3319
1
avenue_cairo3318 1
3320
1
place_le_athens7318 1
3322
2
avenue_des_lisbon11319 1
sheshi_les_sydney7320 1
3325
1
rue_le_tokyo11322 1
3327
1
road_cairo7325 1
3328
2
lane_du_newyork11325 1
square_les_london3327 1
3329
1
rrethi_du_madrid3328 1
3331
2
rrethi_la_madrid7329 1
bulevard_le_paris11328 1
3333
1
sheshi_du_athens11330 1
3334
2
avenue_le_berlin3333 1
road_berlin11331 2
3335
1
lane_les_tokyo7333 1
3336
1
bulevard_d'_rome7334 1
3337
2
avenue_prishtina11334 1
avenue_berlin7335 3
3339
2
place_madrid11336 1
rrethi_de_prishtina7337 1
3340
2
buleva_d'_prishtina3339 1
rruga_newyork11337 1
3341
2
buleva_le_paris7339 1
boulevard_les_tokyo3340 1
3342
1
square_sydney3341 1
3343
2
place_des_paris11340 1
bulevard_newyork7341 1
3344
1
avenue_madrid7342 1
3346
1
rue_paris11343 1
3347
3
street_de_lisbon3346 1
place_newyork11344 1
rue_sydney7345 1
3348
2
street_rio7346 1
place_lisbon3347 1
3350
2
square_le_beijing11347 2
road_du_beijing7348 1
3353
1
bulevardi_de_prishtina11350 1
3355
1
rue_des_rio7353 1
3356
1
bulevardi_le_athens11353 1
3357
1
place_athens7355 1
3358
2
bulevardi_paris7356 1
rue_athens3357 2
3359
1
boulevard_de_london3358 1
3362
1
bulevard_les_newyork11359 1
3364
1
sheshi_de_london7362 1
3371
1
avenue_cairo11368 1
3374
1
road_athens11371 1
3377
1
street_la_tokyo11374 1
3379
1
street_d'_paris3378 1
3380
1
lane_paris11377 1
3381
1
sheshi_athens7379 1
3383
1
rrethi_le_madrid11380 1
3384
1
bulevardi_la_tokyo11381 1
3385
1
avenue_des_berlin7383 1
3386
2
lane_athens7384 1
rruga_beijing3385 1
3389
1
place_des_paris11386 1
3390
1
sheshi_la_sydney3389 1
3391
1
sheshi_beijing7389 1
3392
1
street_sydney7390 1
3393
1
place_berlin7391 1
3394
1
place_des_lisbon7392 1
3396
1
avenue_newyork11393 1
3397
1
avenue_sydney11394 1
3398
1
sheshi_newyork3397 1
3399
1
rruga_rio11396 1
3411
1
road_sydney11408 1
3412
1
avenue_newyork3411 1
3413
1
bulevard_rome3412 1
3414
1
street_rio3413 1
3416
1
avenue_d'_berlin7414 1
3417
1
rruga_des_tokyo3416 1
3420
1
rrethi_de_sydney11417 1
3422
1
square_london7420 1
3424
1
bulevardi_athens7422 1
3427
1
bulevardi_les_rome11424 1
3428
1
rruga_beijing3427 1
3431
1
lane_paris11428 1
3453
1
buleva_madrid7451 1
3455
1
street_les_tokyo7453 1
3458
1
rrethi_paris11455 1
3459
1
avenue_beijing3458 1
3461
1
rruga_cairo7459 1
3464
1
lane_d'_prishtina11461 1
3465
1
sheshi_de_sydney7463 1
3467
2
sheshi_du_beijing7465 1
buleva_london11464 1
3468
1
rruga_rome3467 1
3470
2
rue_berlin7468 2
sheshi_du_berlin11467 1
3473
1
rruga_des_london11470 1
3474
1
rruga_de_rome3473 1
3475
1
lane_les_newyork7473 1
3476
1
avenue_des_rio7474 1
3477
2
lane_madrid3476 1
street_berlin7475 1
3478
1
sheshi_tokyo3477 1
3479
2
bulevardi_cairo7477 1
place_d'_rio3478 1
3481
1
sheshi_de_madrid11478 1
3482
1
rruga_madrid11479 1
3484
2
sheshi_la_beijing7482 1
buleva_les_lisbon11481 1
3487
1
buleva_sydney11484 1
3490
1
road_newyork11487 1
3492
1
road_du_cairo7490 1
3495
1
lane_des_newyork11492 1
3498
1
avenue_moscow11495 1
3499
1
rue_london3498 1
3501
1
boulevard_paris7499 1
3502
1
rruga_madrid3501 1
3504
1
lane_tokyo7502 1
3506
1
road_d'_madrid7504 1
3509
1
avenue_newyork11506 1
3512
1
bulevard_newyork11509 1
3513
1
sheshi_le_prishtina11510 1
3514
1
rrethi_d'_prishtina7512 1
3515
1
sheshi_des_prishtina3514 1
3516
3
rue_le_paris3515 1
rrethi_des_newyork7514 1
square_rio11513 1
3517
2
street_le_sydney7515 1
lane_tokyo3516 1
3519
2
rrethi_le_sydney7517 1
boulevard_les_london11516 1
3520
2
street_du_moscow3519 1
rrethi_de_cairo11517 1
3522
2
bulevardi_berlin11519 1
lane_du_lisbon7520 1
3523
1
bulevard_la_moscow11520 1
3524
1
rue_le_cairo7522 1
3525
1
boulevard_le_paris3524 1
3526
2
boulevard_berlin7524 1
road_le_prishtina11523 1
3527
3
rue_le_tokyo11524 1
street_prishtina3526 1
bulevardi_de_athens7525 1
3528
1
rrethi_madrid3527 1
3529
2
lane_la_athens7527 1
square_london11526 1
3530
3
boulevard_cairo3529 1
bulevardi_lisbon11527 1
bulevard_paris7528 1
3531
1
lane_les_berlin7529 1
3532
1
place_la_tokyo7530 1
3533
1
lane_lisbon11530 1
3534
2
avenue_beijing11531 1
bulevard_athens7532 1
3535
2
street_les_london7533 1
rruga_rio11532 1
3536
2
buleva_newyork7534 1
rue_d'_moscow3535 1
3537
1
road_cairo7535 1
3538
1
rruga_les_paris7536 1
3539
2
street_le_rome7537 1
boulevard_des_berlin3538 1
3540
1
road_les_tokyo11537 1
3541
2
bulevard_de_london7539 1
bulevardi_du_rome11538 1
3542
2
sheshi_du_paris3541 1
bulevard_les_athens11539 1
3543
2
street_du_london11540 1
rrethi_sydney3542 1
3545
1
boulevard_les_london11542 1
3546
1
avenue_london3545 1
3547
1
road_la_tokyo3546 1
3548
1
bulevardi_les_beijing3547 1
3551
1
square_beijing11548 1
3552
1
rrethi_de_sydney3551 1
3553
1
avenue_paris3552 1
3556
1
road_le_moscow11553 1
3559
1
lane_d'_madrid11556 1
3580
1
lane_d'_rome3579 1
3581
1
street_london3580 1
3583
1
bulevardi_la_tokyo7581 1
3586
1
bulevard_de_sydney11583 1
3589
1
rruga_rome11586 1
3590
1
place_berlin3589 1
3593
1
road_sydney11590 1
3594
1
rue_rome3593 1
3595
1
lane_prishtina3594 1
3596
1
sheshi_les_rome3595 1
3598
1
rruga_rio7596 1
3600
1
buleva_berlin7598 1
3621
1
square_rio7619 1
3622
1
avenue_de_lisbon3621 1
3623
2
rruga_lisbon7621 1
street_des_rio3622 4
3624
1
buleva_madrid3623 1
3625
1
bulevard_beijing7623 1
3626
1
lane_des_prishtina7624 1
3628
1
rue_de_berlin11625 1
3629
1
rrethi_rio11626 1
3631
1
avenue_du_athens11628 1
3632
2
place_rio3631 1
boulevard_sydney11629 1
3633
1
avenue_du_paris3632 1
3634
1
boulevard_du_paris3633 1
3636
1
avenue_des_paris11633 1
3637
2
buleva_des_beijing11634 1
rruga_le_london3636 1
3638
1
rruga_newyork3637 1
3639
1
rue_moscow7637 1
3640
1
avenue_des_moscow3639 1
3641
1
place_lisbon11638 1
3642
1
bulevardi_berlin7640 1
3645
1
place_rio11642 1
3654
1
place_le_berlin11651 1
3655
1
rue_cairo3654 1
3656
1
lane_la_berlin3655 1
3659
1
bulevardi_rio11656 1
3661
1
place_la_london7659 1
3664
1
lane_lisbon11661 1
3666
1
avenue_beijing7664 1
3668
1
avenue_madrid7666 1
3670
1
avenue_des_tokyo7668 1
3673
1
square_la_prishtina11670 1
3676
1
street_les_madrid11673 1
3678
1
bulevard_la_athens7676 1
3684
1
rue_de_paris3683 1
3685
1
rruga_lisbon3684 1
3688
1
bulevardi_le_cairo11685 1
3689
1
rue_prishtina3688 1
3690
1
rue_newyork3689 1
3691
1
square_london3690 1
3692
1
place_rome3691 1
3695
1
lane_des_beijing11692 1
3696
1
sheshi_du_moscow3695 1
3697
1
rruga_newyork3696 1
3699
1
buleva_le_athens7697 1
3702
3
buleva_d'_tokyo3701 1
road_les_newyork7700 1
road_d'_berlin11699 1
3705
1
place_berlin11702 1
3707
1
buleva_prishtina7705 1
3712
1
square_madrid3711 1
3714
1
boulevard_d'_rio7712 1
3715
1
lane_cairo3714 1
3716
1
sheshi_athens3715 1
3718
1
road_prishtina7716 1
3720
1
place_des_paris7718 1
3721
1
rruga_berlin3720 1
3723
1
rruga_le_sydney7721 1
3724
1
boulevard_lisbon3723 1
3725
1
avenue_le_cairo3724 1
3728
1
bulevard_newyork11725 1
3729
2
lane_paris11726 1
rruga_la_london3728 1
3732
1
lane_de_rome11729 1
3733
1
place_moscow3732 1
3735
1
avenue_de_athens11732 1
3736
1
rue_tokyo11733 1
3737
2
lane_de_madrid11734 1
sheshi_la_newyork7735 1
3738
2
square_les_prishtina11735 2
sheshi_le_tokyo7736 1
3739
1
rue_d'_beijing7737 1
3740
2
square_rome3739 1
rrethi_newyork7738 1
3741
1
rue_cairo7739 1
3742
1
sheshi_rome3741 1
3743
1
buleva_tokyo11740 1
3744
1
sheshi_des_rio7742 1
3745
2
avenue_prishtina7743 1
sheshi_le_cairo3744 1
3746
1
avenue_le_newyork3745 1
3747
1
street_la_sydney7745 1
3748
2
avenue_la_lisbon7746 1
buleva_des_prishtina3747 1
3749
2
rrethi_le_rome3748 1
buleva_beijing7747 1
3750
1
lane_le_rome3749 1
3751
1
rrethi_cairo7749 1
3752
2
road_du_newyork7750 1
square_london11749 1
3753
2
sheshi_tokyo7751 1
boulevard_rome11750 1
3754
2
avenue_paris7752 1
rrethi_d'_lisbon3753 1
3755
2
street_lisbon3754 1
avenue_rome11752 1
3756
3
rrethi_du_madrid3755 1
boulevard_les_rio7754 1
buleva_moscow11753 1
3757
2
place_prishtina7755 1
street_beijing3756 1
3758
2
rruga_madrid7756 1
rrethi_rome3757 1
3759
2
road_berlin7757 1
bulevardi_des_paris3758 1
3760
1
place_les_sydney3759 1
3761
3
rrethi_le_paris3760 1
boulevard_d'_newyork7759 1
road_cairo11758 1
3762
3
road_du_beijing7760 1
avenue_beijing11759 1
rue_berlin3761 1
3763
1
sheshi_d'_moscow7761 1
3764
1
boulevard_tokyo7762 1
3765
2
rrethi_rome11762 1
rruga_la_beijing3764 1
3766
3
bulevardi_rio11763 1
place_moscow7764 1
buleva_prishtina3765 1
3767
2
street_newyork3766 1
rruga_rome11764 1
3768
3
street_rome7766 1
street_newyork3767 1
square_berlin11765 1
3769
2
street_la_rome3768 1
lane_prishtina7767 1
3770
1
buleva_de_beijing11767 1
3771
1
buleva_du_rome11768 1
3772
1
rruga_de_london11769 1
3773
2
bulevard_le_sydney11770 1
boulevard_berlin3772 1
3774
2
rrethi_les_lisbon3773 2
sheshi_beijing11771 1
3775
2
street_de_athens11772 1
square_de_berlin3774 1
3776
2
rue_les_moscow7774 1
rruga_rio3775 1
3777
1
square_london11774 1
3778
2
place_paris7776 1
street_du_moscow11775 1
3779
1
square_lisbon3778 1
3780
1
place_du_sydney7778 1
3781
1
bulevard_prishtina11778 1
3782
2
bulevard_les_berlin11779 1
bulevard_de_sydney3781 1
3785
1
sheshi_des_newyork11782 1
3786
1
boulevard_prishtina3785 1
3788
1
road_le_berlin11785 1
3790
1
rrethi_beijing7788 1
3792
1
rue_le_newyork7790 1
3793
1
rruga_les_lisbon11790 1
3794
1
road_la_sydney7792 1
3796
3
street_rome7794 1
lane_sydney11793 1
sheshi_lisbon3795 1
3798
1
road_la_lisbon7796 1
3800
1
place_tokyo7798 1
3801
1
buleva_la_madrid11798 1
3803
1
rruga_madrid11800 1
3804
1
bulevard_prishtina11801 1
3806
1
place_rome7804 1
3808
1
rrethi_le_paris7806 1
3811
1
rruga_prishtina11808 1
3814
1
street_du_tokyo11811 1
3817
1
lane_newyork11814 1
3819
1
rue_madrid7817 1
3821
1
bulevardi_le_beijing7819 1
3822
1
bulevardi_du_athens3821 1
3825
1
road_de_cairo11822 1
3828
1
rruga_moscow11825 1
3829
1
sheshi_berlin3828 1
3830
1
road_prishtina7828 1
3832
1
buleva_berlin7830 1
3833
1
street_les_rio3832 1
3834
1
boulevard_des_beijing3833 1
3836
1
buleva_sydney7834 1
3838
1
street_prishtina7836 1
3839
1
boulevard_la_sydney3838 1
3840
1
bulevard_de_cairo3839 1
3841
1
road_de_paris3840 1
3843
1
avenue_beijing7841 1
3844
1
street_le_prishtina3843 1
3847
1
road_moscow11844 1
3848
1
rrethi_cairo3847 1
3866
1
boulevard_du_sydney3865 1
3869
1
buleva_le_athens11866 1
3872
1
street_des_tokyo11869 1
3873
1
rrethi_des_paris3872 1
3876
1
boulevard_prishtina11873 1
3878
1
place_d'_lisbon7876 1
3879
1
rruga_les_beijing3878 1
3881
1
bulevardi_athens7879 1
3883
1
rrethi_tokyo7881 1
3884
1
road_paris3883 1
3886
1
sheshi_london7884 1
3888
2
street_moscow3887 1
bulevard_sydney7886 1
3890
1
avenue_athens7888 1
3891
3
boulevard_la_lisbon11888 1
bulevardi_les_madrid7889 1
boulevard_rio3890 1
3893
1
avenue_prishtina7891 1
3895
1
boulevard_du_athens7893 1
3898
1
avenue_athens11895 1
3900
1
square_le_tokyo7898 1
3901
1
road_le_london3900 1
3904
1
avenue_beijing11901 1
3907
1
avenue_des_lisbon11904 1
3908
1
lane_athens3907 1
3910
1
buleva_london7908 1
3925
1
bulevard_d'_london11922 1
3927
1
square_de_rio7925 1
3929
1
boulevard_le_tokyo7927 1
3932
1
avenue_paris11929 1
3935
1
rruga_le_paris11932 1
3938
1
avenue_les_prishtina11935 1
3940
1
road_madrid7938 1
3941
1
avenue_de_cairo3940 1
3942
2
street_rio11939 1
buleva_le_beijing3941 1
3943
1
lane_de_cairo3942 1
3944
2
sheshi_rio3943 1
lane_du_berlin7942 1
3946
2
buleva_les_cairo3945 1
rruga_les_tokyo7944 1
3947
2
road_moscow11944 1
rue_beijing3946 1
3948
1
buleva_cairo3947 1
3949
1
rrethi_de_newyork7947 1
3950
2
square_de_madrid11947 1
rruga_des_rio7948 1
3951
2
rue_d'_beijing7949 1
bulevard_le_beijing3950 1
3952
2
street_lisbon11949 1
boulevard_tokyo3951 1
3953
3
boulevard_d'_athens3952 1
bulevard_de_rio11950 1
boulevard_tokyo7951 3
3954
1
bulevard_sydney3953 1
3955
1
avenue_newyork11952 1
3956
2
buleva_tokyo11953 1
rue_madrid3955 1
3957
1
lane_d'_beijing11954 1
3958
2
rrethi_du_madrid3957 1
place_des_tokyo7956 1
3959
3
boulevard_de_madrid3958 1
rruga_le_newyork7957 1
buleva_le_lisbon11956 1
3960
2
buleva_des_beijing11957 1
sheshi_sydney3959 1
3961
3
boulevard_la_madrid7959 1
lane_sydney3960 1
square_les_beijing11958 1
3962
2
rrethi_les_athens11959 1
rruga_sydney3961 1
3963
2
road_moscow11960 1
bulevardi_berlin3962 1
3964
2
avenue_la_moscow7962 1
square_athens3963 1
3965
1
rruga_prishtina11962 1
3966
1
bulevardi_du_beijing7964 1
3967
3
lane_d'_berlin7965 1
buleva_les_athens3966 1
street_des_newyork11964 1
3968
2
bulevard_lisbon3967 1
bulevardi_moscow11965 1
3969
1
rruga_madrid3968 1
3970
3
avenue_london11967 1
street_du_madrid3969 1
place_moscow7968 1
3971
2
square_de_moscow3970 1
rrethi_berlin11968 1
3972
1
bulevardi_beijing3971 1
3973
2
street_sydney11970 1
rue_beijing7971 1
3974
2
rrethi_sydney3973 1
rue_tokyo11971 1
3975
1
rue_des_beijing11972 1
3976
1
sheshi_les_prishtina7974 1
3977
2
sheshi_de_rio7975 1
boulevard_madrid11974 3
3978
1
rruga_de_tokyo3977 1
3979
1
bulevardi_d'_prishtina11976 1
3980
1
lane_la_berlin3979 1
3981
1
bulevardi_de_lisbon11978 1
3982
1
rrethi_rio7980 1
3984
1
street_moscow11981 1
3985
1
bulevard_beijing11982 1
3986
1
buleva_des_beijing7984 1
3987
1
place_les_moscow3986 1
3989
1
boulevard_newyork7987 1
3990
1
place_berlin11987 1
3991
1
bulevard_lisbon3990 1
3992
2
place_la_beijing3991 1
bulevardi_moscow11989 1
3994
1
place_rome7992 1
3996
1
lane_des_cairo7994 1
3999
1
street_madrid11996 1
